2025-11-18 10:10:12.322 +01:00 [INF] User profile is available. Using 'C:\Users\stian\AppData\Local\ASP.NET\DataProtection-Keys' as key repository and Windows DPAPI to encrypt keys at rest.
2025-11-18 10:10:12.408 +01:00 [INF] Now listening on: http://localhost:5257
2025-11-18 10:10:12.411 +01:00 [INF] Application started. Press Ctrl+C to shut down.
2025-11-18 10:10:12.412 +01:00 [INF] Hosting environment: Development
2025-11-18 10:10:12.412 +01:00 [INF] Content root path: C:\Users\stian\Documents\IT\DAVE3625\health-app\HealthApp
2025-11-18 10:10:16.420 +01:00 [INF] Request starting HTTP/1.1 GET http://localhost:5257/ - null null
2025-11-18 10:10:16.550 +01:00 [INF] Executing endpoint 'HealthApp.Controllers.HomeController.Index (HealthApp)'
2025-11-18 10:10:16.608 +01:00 [INF] Route matched with {action = "Index", controller = "Home"}. Executing controller action with signature Microsoft.AspNetCore.Mvc.IActionResult Index() on controller HealthApp.Controllers.HomeController (HealthApp).
2025-11-18 10:10:16.645 +01:00 [INF] Executing ViewResult, running view Index.
2025-11-18 10:10:16.738 +01:00 [INF] Executed ViewResult - view Index executed in 98.3451ms.
2025-11-18 10:10:16.741 +01:00 [INF] Executed action HealthApp.Controllers.HomeController.Index (HealthApp) in 126.8964ms
2025-11-18 10:10:16.742 +01:00 [INF] Executed endpoint 'HealthApp.Controllers.HomeController.Index (HealthApp)'
2025-11-18 10:10:16.751 +01:00 [INF] Request finished HTTP/1.1 GET http://localhost:5257/ - 200 null text/html; charset=utf-8 342.0073ms
2025-11-18 10:10:16.763 +01:00 [INF] Request starting HTTP/1.1 GET http://localhost:5257/lib/jquery-validate/jquery.validate.js - null null
2025-11-18 10:10:16.763 +01:00 [INF] Request starting HTTP/1.1 GET http://localhost:5257/lib/jquery-validation-unbtrusive/jquery.validate.unobtrusive.js - null null
2025-11-18 10:10:16.766 +01:00 [INF] Request finished HTTP/1.1 GET http://localhost:5257/lib/jquery-validation-unbtrusive/jquery.validate.unobtrusive.js - 404 0 null 2.7019ms
2025-11-18 10:10:16.767 +01:00 [INF] Request reached the end of the middleware pipeline without being handled by application code. Request path: GET http://localhost:5257/lib/jquery-validation-unbtrusive/jquery.validate.unobtrusive.js, Response status code: 404
2025-11-18 10:10:16.767 +01:00 [INF] Request finished HTTP/1.1 GET http://localhost:5257/lib/jquery-validate/jquery.validate.js - 404 0 null 4.4865ms
2025-11-18 10:10:16.768 +01:00 [INF] Request reached the end of the middleware pipeline without being handled by application code. Request path: GET http://localhost:5257/lib/jquery-validate/jquery.validate.js, Response status code: 404
2025-11-18 10:10:16.802 +01:00 [INF] Request starting HTTP/1.1 GET http://localhost:5257/favicon.ico - null null
2025-11-18 10:10:16.803 +01:00 [INF] Request finished HTTP/1.1 GET http://localhost:5257/favicon.ico - 404 0 null 1.1435ms
2025-11-18 10:10:16.803 +01:00 [INF] Request reached the end of the middleware pipeline without being handled by application code. Request path: GET http://localhost:5257/favicon.ico, Response status code: 404
2025-11-18 10:10:18.377 +01:00 [INF] Request starting HTTP/1.1 GET http://localhost:5257/Booking/Calendar - null null
2025-11-18 10:10:18.377 +01:00 [INF] Executing endpoint 'HealthApp.Controllers.BookingController.Calendar (HealthApp)'
2025-11-18 10:10:18.398 +01:00 [INF] Route matched with {action = "Calendar", controller = "Booking"}. Executing controller action with signature System.Threading.Tasks.Task`1[Microsoft.AspNetCore.Mvc.IActionResult] Calendar(System.Nullable`1[System.Int32], System.Nullable`1[System.Int32]) on controller HealthApp.Controllers.BookingController (HealthApp).
2025-11-18 10:10:19.529 +01:00 [INF] This is an information messeage
2025-11-18 10:10:19.535 +01:00 [WRN] This is a warning message
2025-11-18 10:10:19.537 +01:00 [ERR] This is an error message
2025-11-18 10:10:19.928 +01:00 [INF] Executing ViewResult, running view Calendar.
2025-11-18 10:10:19.958 +01:00 [INF] Executed ViewResult - view Calendar executed in 30.9502ms.
2025-11-18 10:10:19.958 +01:00 [INF] Executed action HealthApp.Controllers.BookingController.Calendar (HealthApp) in 1559.9256ms
2025-11-18 10:10:19.958 +01:00 [INF] Executed endpoint 'HealthApp.Controllers.BookingController.Calendar (HealthApp)'
2025-11-18 10:10:19.969 +01:00 [INF] Request finished HTTP/1.1 GET http://localhost:5257/Booking/Calendar - 200 null text/html; charset=utf-8 1592.798ms
2025-11-18 10:10:19.994 +01:00 [INF] Request starting HTTP/1.1 GET http://localhost:5257/lib/jquery-validate/jquery.validate.js - null null
2025-11-18 10:10:19.994 +01:00 [INF] Request starting HTTP/1.1 GET http://localhost:5257/lib/jquery-validation-unbtrusive/jquery.validate.unobtrusive.js - null null
2025-11-18 10:10:19.995 +01:00 [INF] Request finished HTTP/1.1 GET http://localhost:5257/lib/jquery-validate/jquery.validate.js - 404 0 null 0.5258ms
2025-11-18 10:10:19.995 +01:00 [INF] Request finished HTTP/1.1 GET http://localhost:5257/lib/jquery-validation-unbtrusive/jquery.validate.unobtrusive.js - 404 0 null 0.46ms
2025-11-18 10:10:19.995 +01:00 [INF] Request reached the end of the middleware pipeline without being handled by application code. Request path: GET http://localhost:5257/lib/jquery-validate/jquery.validate.js, Response status code: 404
2025-11-18 10:10:19.995 +01:00 [INF] Request reached the end of the middleware pipeline without being handled by application code. Request path: GET http://localhost:5257/lib/jquery-validation-unbtrusive/jquery.validate.unobtrusive.js, Response status code: 404
2025-11-18 10:10:24.385 +01:00 [INF] Request starting HTTP/1.1 GET http://localhost:5257/Booking/Update/23 - null null
2025-11-18 10:10:24.386 +01:00 [INF] Executing endpoint 'HealthApp.Controllers.BookingController.Update (HealthApp)'
2025-11-18 10:10:24.390 +01:00 [INF] Route matched with {action = "Update", controller = "Booking"}. Executing controller action with signature System.Threading.Tasks.Task`1[Microsoft.AspNetCore.Mvc.IActionResult] Update(Int32) on controller HealthApp.Controllers.BookingController (HealthApp).
2025-11-18 10:10:24.442 +01:00 [INF] Executing ViewResult, running view Update.
2025-11-18 10:10:24.490 +01:00 [INF] Executed ViewResult - view Update executed in 47.79ms.
2025-11-18 10:10:24.490 +01:00 [INF] Executed action HealthApp.Controllers.BookingController.Update (HealthApp) in 99.2064ms
2025-11-18 10:10:24.490 +01:00 [INF] Executed endpoint 'HealthApp.Controllers.BookingController.Update (HealthApp)'
2025-11-18 10:10:24.490 +01:00 [INF] Request finished HTTP/1.1 GET http://localhost:5257/Booking/Update/23 - 200 null text/html; charset=utf-8 104.7967ms
2025-11-18 10:10:24.523 +01:00 [INF] Request starting HTTP/1.1 GET http://localhost:5257/lib/jquery-validate/jquery.validate.js - null null
2025-11-18 10:10:24.523 +01:00 [INF] Request starting HTTP/1.1 GET http://localhost:5257/lib/jquery-validation-unbtrusive/jquery.validate.unobtrusive.js - null null
2025-11-18 10:10:24.523 +01:00 [INF] Request finished HTTP/1.1 GET http://localhost:5257/lib/jquery-validation-unbtrusive/jquery.validate.unobtrusive.js - 404 0 null 0.4283ms
2025-11-18 10:10:24.523 +01:00 [INF] Request finished HTTP/1.1 GET http://localhost:5257/lib/jquery-validate/jquery.validate.js - 404 0 null 0.4638ms
2025-11-18 10:10:24.523 +01:00 [INF] Request reached the end of the middleware pipeline without being handled by application code. Request path: GET http://localhost:5257/lib/jquery-validation-unbtrusive/jquery.validate.unobtrusive.js, Response status code: 404
2025-11-18 10:10:24.523 +01:00 [INF] Request reached the end of the middleware pipeline without being handled by application code. Request path: GET http://localhost:5257/lib/jquery-validate/jquery.validate.js, Response status code: 404
2025-11-18 10:10:36.025 +01:00 [INF] Request starting HTTP/1.1 POST http://localhost:5257/Booking/Update/23 - application/x-www-form-urlencoded 333
2025-11-18 10:10:36.025 +01:00 [INF] Executing endpoint 'HealthApp.Controllers.BookingController.Update (HealthApp)'
2025-11-18 10:10:36.035 +01:00 [INF] Route matched with {action = "Update", controller = "Booking"}. Executing controller action with signature System.Threading.Tasks.Task`1[Microsoft.AspNetCore.Mvc.IActionResult] Update(HealthApp.Models.Booking) on controller HealthApp.Controllers.BookingController (HealthApp).
2025-11-18 10:10:36.184 +01:00 [INF] Executing RedirectResult, redirecting to /Booking/Calendar.
2025-11-18 10:10:36.184 +01:00 [INF] Executed action HealthApp.Controllers.BookingController.Update (HealthApp) in 149.5822ms
2025-11-18 10:10:36.184 +01:00 [INF] Executed endpoint 'HealthApp.Controllers.BookingController.Update (HealthApp)'
2025-11-18 10:10:36.185 +01:00 [INF] Request finished HTTP/1.1 POST http://localhost:5257/Booking/Update/23 - 302 0 null 159.7734ms
2025-11-18 10:10:36.188 +01:00 [INF] Request starting HTTP/1.1 GET http://localhost:5257/Booking/Calendar - null null
2025-11-18 10:10:36.188 +01:00 [INF] Executing endpoint 'HealthApp.Controllers.BookingController.Calendar (HealthApp)'
2025-11-18 10:10:36.188 +01:00 [INF] Route matched with {action = "Calendar", controller = "Booking"}. Executing controller action with signature System.Threading.Tasks.Task`1[Microsoft.AspNetCore.Mvc.IActionResult] Calendar(System.Nullable`1[System.Int32], System.Nullable`1[System.Int32]) on controller HealthApp.Controllers.BookingController (HealthApp).
2025-11-18 10:10:36.192 +01:00 [INF] This is an information messeage
2025-11-18 10:10:36.193 +01:00 [WRN] This is a warning message
2025-11-18 10:10:36.193 +01:00 [ERR] This is an error message
2025-11-18 10:10:36.197 +01:00 [INF] Executing ViewResult, running view Calendar.
2025-11-18 10:10:36.199 +01:00 [INF] Executed ViewResult - view Calendar executed in 1.9077ms.
2025-11-18 10:10:36.199 +01:00 [INF] Executed action HealthApp.Controllers.BookingController.Calendar (HealthApp) in 10.5679ms
2025-11-18 10:10:36.199 +01:00 [INF] Executed endpoint 'HealthApp.Controllers.BookingController.Calendar (HealthApp)'
2025-11-18 10:10:36.199 +01:00 [INF] Request finished HTTP/1.1 GET http://localhost:5257/Booking/Calendar - 200 null text/html; charset=utf-8 11.1229ms
2025-11-18 10:10:36.233 +01:00 [INF] Request starting HTTP/1.1 GET http://localhost:5257/lib/jquery-validation-unbtrusive/jquery.validate.unobtrusive.js - null null
2025-11-18 10:10:36.233 +01:00 [INF] Request starting HTTP/1.1 GET http://localhost:5257/lib/jquery-validate/jquery.validate.js - null null
2025-11-18 10:10:36.234 +01:00 [INF] Request finished HTTP/1.1 GET http://localhost:5257/lib/jquery-validation-unbtrusive/jquery.validate.unobtrusive.js - 404 0 null 0.4286ms
2025-11-18 10:10:36.234 +01:00 [INF] Request finished HTTP/1.1 GET http://localhost:5257/lib/jquery-validate/jquery.validate.js - 404 0 null 0.3435ms
2025-11-18 10:10:36.234 +01:00 [INF] Request reached the end of the middleware pipeline without being handled by application code. Request path: GET http://localhost:5257/lib/jquery-validate/jquery.validate.js, Response status code: 404
2025-11-18 10:10:36.234 +01:00 [INF] Request reached the end of the middleware pipeline without being handled by application code. Request path: GET http://localhost:5257/lib/jquery-validation-unbtrusive/jquery.validate.unobtrusive.js, Response status code: 404
2025-11-18 10:10:41.808 +01:00 [INF] Application is shutting down...
