2025-10-26 14:00:51.767 +01:00 [INF] User profile is available. Using 'C:\Users\stian\AppData\Local\ASP.NET\DataProtection-Keys' as key repository and Windows DPAPI to encrypt keys at rest.
2025-10-26 14:00:51.831 +01:00 [INF] Now listening on: http://localhost:5257
2025-10-26 14:00:51.835 +01:00 [INF] Application started. Press Ctrl+C to shut down.
2025-10-26 14:00:51.835 +01:00 [INF] Hosting environment: Development
2025-10-26 14:00:51.835 +01:00 [INF] Content root path: C:\Users\stian\Documents\IT\DAVE3625\health-app\HealthApp
2025-10-26 14:00:53.734 +01:00 [INF] Request starting HTTP/1.1 GET http://localhost:5257/ - null null
2025-10-26 14:00:53.755 +01:00 [INF] Executing endpoint 'HealthApp.Controllers.HomeController.Index (HealthApp)'
2025-10-26 14:00:53.802 +01:00 [INF] Route matched with {action = "Index", controller = "Home"}. Executing controller action with signature Microsoft.AspNetCore.Mvc.IActionResult Index() on controller HealthApp.Controllers.HomeController (HealthApp).
2025-10-26 14:00:53.814 +01:00 [INF] Executing ViewResult, running view Index.
2025-10-26 14:00:53.859 +01:00 [INF] Executed ViewResult - view Index executed in 46.9532ms.
2025-10-26 14:00:53.863 +01:00 [INF] Executed action HealthApp.Controllers.HomeController.Index (HealthApp) in 60.6ms
2025-10-26 14:00:53.863 +01:00 [INF] Executed endpoint 'HealthApp.Controllers.HomeController.Index (HealthApp)'
2025-10-26 14:00:53.865 +01:00 [INF] Request finished HTTP/1.1 GET http://localhost:5257/ - 200 null text/html; charset=utf-8 133.2016ms
2025-10-26 14:00:55.120 +01:00 [INF] Request starting HTTP/1.1 GET http://localhost:5257/Booking/Calendar - null null
2025-10-26 14:00:55.122 +01:00 [INF] Executing endpoint 'HealthApp.Controllers.BookingController.Calendar (HealthApp)'
2025-10-26 14:00:55.133 +01:00 [INF] Route matched with {action = "Calendar", controller = "Booking"}. Executing controller action with signature System.Threading.Tasks.Task`1[Microsoft.AspNetCore.Mvc.IActionResult] Calendar(System.Nullable`1[System.Int32], System.Nullable`1[System.Int32]) on controller HealthApp.Controllers.BookingController (HealthApp).
2025-10-26 14:00:55.827 +01:00 [INF] This is an information messeage
2025-10-26 14:00:55.831 +01:00 [WRN] This is a warning message
2025-10-26 14:00:55.832 +01:00 [ERR] This is an error message
2025-10-26 14:00:56.211 +01:00 [INF] Executing ViewResult, running view Calendar.
2025-10-26 14:00:56.241 +01:00 [INF] Executed ViewResult - view Calendar executed in 30.0079ms.
2025-10-26 14:00:56.241 +01:00 [INF] Executed action HealthApp.Controllers.BookingController.Calendar (HealthApp) in 1107.6443ms
2025-10-26 14:00:56.241 +01:00 [INF] Executed endpoint 'HealthApp.Controllers.BookingController.Calendar (HealthApp)'
2025-10-26 14:00:56.250 +01:00 [INF] Request finished HTTP/1.1 GET http://localhost:5257/Booking/Calendar - 200 null text/html; charset=utf-8 1131.2627ms
2025-10-26 14:00:58.405 +01:00 [INF] Request starting HTTP/1.1 GET http://localhost:5257/Booking/Create - null null
2025-10-26 14:00:58.411 +01:00 [INF] Executing endpoint 'HealthApp.Controllers.BookingController.Create (HealthApp)'
2025-10-26 14:00:58.417 +01:00 [INF] Route matched with {action = "Create", controller = "Booking"}. Executing controller action with signature Microsoft.AspNetCore.Mvc.IActionResult Create() on controller HealthApp.Controllers.BookingController (HealthApp).
2025-10-26 14:00:58.462 +01:00 [INF] Executing ViewResult, running view Create.
2025-10-26 14:00:58.531 +01:00 [INF] Executed ViewResult - view Create executed in 71.0803ms.
2025-10-26 14:00:58.532 +01:00 [INF] Executed action HealthApp.Controllers.BookingController.Create (HealthApp) in 114.7497ms
2025-10-26 14:00:58.532 +01:00 [INF] Executed endpoint 'HealthApp.Controllers.BookingController.Create (HealthApp)'
2025-10-26 14:00:58.532 +01:00 [INF] Request finished HTTP/1.1 GET http://localhost:5257/Booking/Create - 200 null text/html; charset=utf-8 126.4998ms
2025-10-26 14:01:24.247 +01:00 [INF] Request starting HTTP/1.1 POST http://localhost:5257/Booking/Create - application/x-www-form-urlencoded 488
2025-10-26 14:01:24.248 +01:00 [INF] Executing endpoint 'HealthApp.Controllers.BookingController.Create (HealthApp)'
2025-10-26 14:01:24.269 +01:00 [INF] Route matched with {action = "Create", controller = "Booking"}. Executing controller action with signature System.Threading.Tasks.Task`1[Microsoft.AspNetCore.Mvc.IActionResult] Create(HealthApp.Models.Booking) on controller HealthApp.Controllers.BookingController (HealthApp).
2025-10-26 14:01:24.579 +01:00 [INF] Executing RedirectResult, redirecting to /Booking/Calendar.
2025-10-26 14:01:24.580 +01:00 [INF] Executed action HealthApp.Controllers.BookingController.Create (HealthApp) in 310.5302ms
2025-10-26 14:01:24.580 +01:00 [INF] Executed endpoint 'HealthApp.Controllers.BookingController.Create (HealthApp)'
2025-10-26 14:01:24.580 +01:00 [INF] Request finished HTTP/1.1 POST http://localhost:5257/Booking/Create - 302 0 null 333.1067ms
2025-10-26 14:01:24.589 +01:00 [INF] Request starting HTTP/1.1 GET http://localhost:5257/Booking/Calendar - null null
2025-10-26 14:01:24.590 +01:00 [INF] Executing endpoint 'HealthApp.Controllers.BookingController.Calendar (HealthApp)'
2025-10-26 14:01:24.590 +01:00 [INF] Route matched with {action = "Calendar", controller = "Booking"}. Executing controller action with signature System.Threading.Tasks.Task`1[Microsoft.AspNetCore.Mvc.IActionResult] Calendar(System.Nullable`1[System.Int32], System.Nullable`1[System.Int32]) on controller HealthApp.Controllers.BookingController (HealthApp).
2025-10-26 14:01:24.593 +01:00 [INF] This is an information messeage
2025-10-26 14:01:24.594 +01:00 [WRN] This is a warning message
2025-10-26 14:01:24.596 +01:00 [ERR] This is an error message
2025-10-26 14:01:24.611 +01:00 [INF] Executing ViewResult, running view Calendar.
2025-10-26 14:01:24.613 +01:00 [INF] Executed ViewResult - view Calendar executed in 2.6023ms.
2025-10-26 14:01:24.613 +01:00 [INF] Executed action HealthApp.Controllers.BookingController.Calendar (HealthApp) in 23.2886ms
2025-10-26 14:01:24.613 +01:00 [INF] Executed endpoint 'HealthApp.Controllers.BookingController.Calendar (HealthApp)'
2025-10-26 14:01:24.614 +01:00 [INF] Request finished HTTP/1.1 GET http://localhost:5257/Booking/Calendar - 200 null text/html; charset=utf-8 24.684ms
2025-10-26 14:01:29.903 +01:00 [INF] Request starting HTTP/1.1 GET http://localhost:5257/Booking/Create - null null
2025-10-26 14:01:29.903 +01:00 [INF] Executing endpoint 'HealthApp.Controllers.BookingController.Create (HealthApp)'
2025-10-26 14:01:29.903 +01:00 [INF] Route matched with {action = "Create", controller = "Booking"}. Executing controller action with signature Microsoft.AspNetCore.Mvc.IActionResult Create() on controller HealthApp.Controllers.BookingController (HealthApp).
2025-10-26 14:01:29.907 +01:00 [INF] Executing ViewResult, running view Create.
2025-10-26 14:01:29.943 +01:00 [INF] Executed ViewResult - view Create executed in 36.6142ms.
2025-10-26 14:01:29.944 +01:00 [INF] Executed action HealthApp.Controllers.BookingController.Create (HealthApp) in 40.1368ms
2025-10-26 14:01:29.944 +01:00 [INF] Executed endpoint 'HealthApp.Controllers.BookingController.Create (HealthApp)'
2025-10-26 14:01:29.944 +01:00 [INF] Request finished HTTP/1.1 GET http://localhost:5257/Booking/Create - 200 null text/html; charset=utf-8 41.4151ms
2025-10-26 14:02:07.378 +01:00 [INF] Request starting HTTP/1.1 POST http://localhost:5257/Booking/Create - application/x-www-form-urlencoded 512
2025-10-26 14:02:07.378 +01:00 [INF] Executing endpoint 'HealthApp.Controllers.BookingController.Create (HealthApp)'
2025-10-26 14:02:07.378 +01:00 [INF] Route matched with {action = "Create", controller = "Booking"}. Executing controller action with signature System.Threading.Tasks.Task`1[Microsoft.AspNetCore.Mvc.IActionResult] Create(HealthApp.Models.Booking) on controller HealthApp.Controllers.BookingController (HealthApp).
2025-10-26 14:02:07.395 +01:00 [INF] Executing RedirectResult, redirecting to /Booking/Calendar.
2025-10-26 14:02:07.396 +01:00 [INF] Executed action HealthApp.Controllers.BookingController.Create (HealthApp) in 17.4909ms
2025-10-26 14:02:07.396 +01:00 [INF] Executed endpoint 'HealthApp.Controllers.BookingController.Create (HealthApp)'
2025-10-26 14:02:07.397 +01:00 [INF] Request finished HTTP/1.1 POST http://localhost:5257/Booking/Create - 302 0 null 18.4836ms
2025-10-26 14:02:07.411 +01:00 [INF] Request starting HTTP/1.1 GET http://localhost:5257/Booking/Calendar - null null
2025-10-26 14:02:07.411 +01:00 [INF] Executing endpoint 'HealthApp.Controllers.BookingController.Calendar (HealthApp)'
2025-10-26 14:02:07.413 +01:00 [INF] Route matched with {action = "Calendar", controller = "Booking"}. Executing controller action with signature System.Threading.Tasks.Task`1[Microsoft.AspNetCore.Mvc.IActionResult] Calendar(System.Nullable`1[System.Int32], System.Nullable`1[System.Int32]) on controller HealthApp.Controllers.BookingController (HealthApp).
2025-10-26 14:02:07.419 +01:00 [INF] This is an information messeage
2025-10-26 14:02:07.425 +01:00 [WRN] This is a warning message
2025-10-26 14:02:07.426 +01:00 [ERR] This is an error message
2025-10-26 14:02:07.428 +01:00 [INF] Executing ViewResult, running view Calendar.
2025-10-26 14:02:07.430 +01:00 [INF] Executed ViewResult - view Calendar executed in 2.3573ms.
2025-10-26 14:02:07.430 +01:00 [INF] Executed action HealthApp.Controllers.BookingController.Calendar (HealthApp) in 17.6413ms
2025-10-26 14:02:07.431 +01:00 [INF] Executed endpoint 'HealthApp.Controllers.BookingController.Calendar (HealthApp)'
2025-10-26 14:02:07.442 +01:00 [INF] Request finished HTTP/1.1 GET http://localhost:5257/Booking/Calendar - 200 null text/html; charset=utf-8 31.0703ms
2025-10-26 14:02:28.409 +01:00 [INF] Application is shutting down...
