2025-10-26 14:28:20.262 +01:00 [INF] User profile is available. Using 'C:\Users\stian\AppData\Local\ASP.NET\DataProtection-Keys' as key repository and Windows DPAPI to encrypt keys at rest.
2025-10-26 14:28:20.320 +01:00 [INF] Now listening on: http://localhost:5257
2025-10-26 14:28:20.323 +01:00 [INF] Application started. Press Ctrl+C to shut down.
2025-10-26 14:28:20.324 +01:00 [INF] Hosting environment: Development
2025-10-26 14:28:20.324 +01:00 [INF] Content root path: C:\Users\stian\Documents\IT\DAVE3625\health-app\HealthApp
2025-10-26 14:28:26.914 +01:00 [INF] Request starting HTTP/1.1 GET http://localhost:5257/ - null null
2025-10-26 14:28:26.961 +01:00 [INF] Executing endpoint 'HealthApp.Controllers.HomeController.Index (HealthApp)'
2025-10-26 14:28:26.998 +01:00 [INF] Route matched with {action = "Index", controller = "Home"}. Executing controller action with signature Microsoft.AspNetCore.Mvc.IActionResult Index() on controller HealthApp.Controllers.HomeController (HealthApp).
2025-10-26 14:28:27.017 +01:00 [INF] Executing ViewResult, running view Index.
2025-10-26 14:28:27.098 +01:00 [INF] Executed ViewResult - view Index executed in 83.5439ms.
2025-10-26 14:28:27.104 +01:00 [INF] Executed action HealthApp.Controllers.HomeController.Index (HealthApp) in 104.3511ms
2025-10-26 14:28:27.104 +01:00 [INF] Executed endpoint 'HealthApp.Controllers.HomeController.Index (HealthApp)'
2025-10-26 14:28:27.110 +01:00 [INF] Request finished HTTP/1.1 GET http://localhost:5257/ - 200 null text/html; charset=utf-8 199.6791ms
2025-10-26 14:28:27.127 +01:00 [INF] Request starting HTTP/1.1 GET http://localhost:5257/lib/jquery-validate/jquery.validate.js - null null
2025-10-26 14:28:27.127 +01:00 [INF] Request starting HTTP/1.1 GET http://localhost:5257/lib/jquery-validation-unbtrusive/jquery.validate.unobtrusive.js - null null
2025-10-26 14:28:27.132 +01:00 [INF] Request finished HTTP/1.1 GET http://localhost:5257/lib/jquery-validate/jquery.validate.js - 404 0 null 5.9062ms
2025-10-26 14:28:27.132 +01:00 [INF] Request finished HTTP/1.1 GET http://localhost:5257/lib/jquery-validation-unbtrusive/jquery.validate.unobtrusive.js - 404 0 null 5.7484ms
2025-10-26 14:28:27.135 +01:00 [INF] Request reached the end of the middleware pipeline without being handled by application code. Request path: GET http://localhost:5257/lib/jquery-validation-unbtrusive/jquery.validate.unobtrusive.js, Response status code: 404
2025-10-26 14:28:27.135 +01:00 [INF] Request reached the end of the middleware pipeline without being handled by application code. Request path: GET http://localhost:5257/lib/jquery-validate/jquery.validate.js, Response status code: 404
2025-10-26 14:28:28.315 +01:00 [INF] Request starting HTTP/1.1 GET http://localhost:5257/Booking/Calendar - null null
2025-10-26 14:28:28.320 +01:00 [INF] Executing endpoint 'HealthApp.Controllers.BookingController.Calendar (HealthApp)'
2025-10-26 14:28:28.347 +01:00 [INF] Route matched with {action = "Calendar", controller = "Booking"}. Executing controller action with signature System.Threading.Tasks.Task`1[Microsoft.AspNetCore.Mvc.IActionResult] Calendar(System.Nullable`1[System.Int32], System.Nullable`1[System.Int32]) on controller HealthApp.Controllers.BookingController (HealthApp).
2025-10-26 14:28:29.228 +01:00 [INF] This is an information messeage
2025-10-26 14:28:29.233 +01:00 [WRN] This is a warning message
2025-10-26 14:28:29.234 +01:00 [ERR] This is an error message
2025-10-26 14:28:29.658 +01:00 [INF] Executing ViewResult, running view Calendar.
2025-10-26 14:28:29.706 +01:00 [INF] Executed ViewResult - view Calendar executed in 49.2071ms.
2025-10-26 14:28:29.707 +01:00 [INF] Executed action HealthApp.Controllers.BookingController.Calendar (HealthApp) in 1359.5309ms
2025-10-26 14:28:29.707 +01:00 [INF] Executed endpoint 'HealthApp.Controllers.BookingController.Calendar (HealthApp)'
2025-10-26 14:28:29.714 +01:00 [INF] Request finished HTTP/1.1 GET http://localhost:5257/Booking/Calendar - 200 null text/html; charset=utf-8 1398.1468ms
2025-10-26 14:28:29.743 +01:00 [INF] Request starting HTTP/1.1 GET http://localhost:5257/lib/jquery-validation-unbtrusive/jquery.validate.unobtrusive.js - null null
2025-10-26 14:28:29.743 +01:00 [INF] Request starting HTTP/1.1 GET http://localhost:5257/lib/jquery-validate/jquery.validate.js - null null
2025-10-26 14:28:29.744 +01:00 [INF] Request finished HTTP/1.1 GET http://localhost:5257/lib/jquery-validation-unbtrusive/jquery.validate.unobtrusive.js - 404 0 null 1.0234ms
2025-10-26 14:28:29.744 +01:00 [INF] Request finished HTTP/1.1 GET http://localhost:5257/lib/jquery-validate/jquery.validate.js - 404 0 null 1.0027ms
2025-10-26 14:28:29.745 +01:00 [INF] Request reached the end of the middleware pipeline without being handled by application code. Request path: GET http://localhost:5257/lib/jquery-validate/jquery.validate.js, Response status code: 404
2025-10-26 14:28:29.745 +01:00 [INF] Request reached the end of the middleware pipeline without being handled by application code. Request path: GET http://localhost:5257/lib/jquery-validation-unbtrusive/jquery.validate.unobtrusive.js, Response status code: 404
2025-10-26 14:28:30.980 +01:00 [INF] Request starting HTTP/1.1 GET http://localhost:5257/Booking/Create - null null
2025-10-26 14:28:30.981 +01:00 [INF] Executing endpoint 'HealthApp.Controllers.BookingController.Create (HealthApp)'
2025-10-26 14:28:30.984 +01:00 [INF] Route matched with {action = "Create", controller = "Booking"}. Executing controller action with signature Microsoft.AspNetCore.Mvc.IActionResult Create() on controller HealthApp.Controllers.BookingController (HealthApp).
2025-10-26 14:28:31.021 +01:00 [INF] Executing ViewResult, running view Create.
2025-10-26 14:28:31.091 +01:00 [INF] Executed ViewResult - view Create executed in 73.1241ms.
2025-10-26 14:28:31.091 +01:00 [INF] Executed action HealthApp.Controllers.BookingController.Create (HealthApp) in 106.5563ms
2025-10-26 14:28:31.091 +01:00 [INF] Executed endpoint 'HealthApp.Controllers.BookingController.Create (HealthApp)'
2025-10-26 14:28:31.091 +01:00 [INF] Request finished HTTP/1.1 GET http://localhost:5257/Booking/Create - 200 null text/html; charset=utf-8 111.4452ms
2025-10-26 14:28:31.122 +01:00 [INF] Request starting HTTP/1.1 GET http://localhost:5257/lib/jquery-validate/jquery.validate.js - null null
2025-10-26 14:28:31.122 +01:00 [INF] Request finished HTTP/1.1 GET http://localhost:5257/lib/jquery-validate/jquery.validate.js - 404 0 null 0.5955ms
2025-10-26 14:28:31.123 +01:00 [INF] Request reached the end of the middleware pipeline without being handled by application code. Request path: GET http://localhost:5257/lib/jquery-validate/jquery.validate.js, Response status code: 404
2025-10-26 14:28:31.124 +01:00 [INF] Request starting HTTP/1.1 GET http://localhost:5257/lib/jquery-validation-unbtrusive/jquery.validate.unobtrusive.js - null null
2025-10-26 14:28:31.124 +01:00 [INF] Request finished HTTP/1.1 GET http://localhost:5257/lib/jquery-validation-unbtrusive/jquery.validate.unobtrusive.js - 404 0 null 0.6258ms
2025-10-26 14:28:31.124 +01:00 [INF] Request reached the end of the middleware pipeline without being handled by application code. Request path: GET http://localhost:5257/lib/jquery-validation-unbtrusive/jquery.validate.unobtrusive.js, Response status code: 404
2025-10-26 14:28:40.143 +01:00 [INF] Request starting HTTP/1.1 POST http://localhost:5257/Booking/Create - application/x-www-form-urlencoded 312
2025-10-26 14:28:40.143 +01:00 [INF] Executing endpoint 'HealthApp.Controllers.BookingController.Create (HealthApp)'
2025-10-26 14:28:40.170 +01:00 [INF] Route matched with {action = "Create", controller = "Booking"}. Executing controller action with signature System.Threading.Tasks.Task`1[Microsoft.AspNetCore.Mvc.IActionResult] Create(HealthApp.Models.Booking) on controller HealthApp.Controllers.BookingController (HealthApp).
2025-10-26 14:28:40.308 +01:00 [WRN] [BookingController] Booking creation failed {"BookingId":0,"Description":"Pottis","Date":"2025-10-11T11:30:00.0000000","PatientId":1,"Patient":null,"EmployeeId":1,"Employee":null,"$type":"Booking"}
2025-10-26 14:28:40.310 +01:00 [INF] Executing ViewResult, running view Create.
2025-10-26 14:28:40.324 +01:00 [INF] Executed ViewResult - view Create executed in 14.0646ms.
2025-10-26 14:28:40.324 +01:00 [INF] Executed action HealthApp.Controllers.BookingController.Create (HealthApp) in 153.9234ms
2025-10-26 14:28:40.324 +01:00 [INF] Executed endpoint 'HealthApp.Controllers.BookingController.Create (HealthApp)'
2025-10-26 14:28:40.325 +01:00 [INF] Request finished HTTP/1.1 POST http://localhost:5257/Booking/Create - 200 null text/html; charset=utf-8 181.8061ms
2025-10-26 14:28:40.372 +01:00 [INF] Request starting HTTP/1.1 GET http://localhost:5257/lib/jquery-validate/jquery.validate.js - null null
2025-10-26 14:28:40.373 +01:00 [INF] Request finished HTTP/1.1 GET http://localhost:5257/lib/jquery-validate/jquery.validate.js - 404 0 null 0.8779ms
2025-10-26 14:28:40.374 +01:00 [INF] Request reached the end of the middleware pipeline without being handled by application code. Request path: GET http://localhost:5257/lib/jquery-validate/jquery.validate.js, Response status code: 404
2025-10-26 14:28:40.374 +01:00 [INF] Request starting HTTP/1.1 GET http://localhost:5257/lib/jquery-validation-unbtrusive/jquery.validate.unobtrusive.js - null null
2025-10-26 14:28:40.375 +01:00 [INF] Request finished HTTP/1.1 GET http://localhost:5257/lib/jquery-validation-unbtrusive/jquery.validate.unobtrusive.js - 404 0 null 0.9988ms
2025-10-26 14:28:40.375 +01:00 [INF] Request reached the end of the middleware pipeline without being handled by application code. Request path: GET http://localhost:5257/lib/jquery-validation-unbtrusive/jquery.validate.unobtrusive.js, Response status code: 404
2025-10-26 14:30:41.445 +01:00 [INF] Application is shutting down...
