2025-11-18 11:29:27.012 +01:00 [INF] User profile is available. Using 'C:\Users\stian\AppData\Local\ASP.NET\DataProtection-Keys' as key repository and Windows DPAPI to encrypt keys at rest.
2025-11-18 11:29:27.199 +01:00 [INF] Now listening on: http://localhost:5257
2025-11-18 11:29:27.204 +01:00 [INF] Application started. Press Ctrl+C to shut down.
2025-11-18 11:29:27.205 +01:00 [INF] Hosting environment: Development
2025-11-18 11:29:27.205 +01:00 [INF] Content root path: C:\Users\stian\Documents\IT\DAVE3625\health-app\HealthApp
2025-11-18 11:29:29.993 +01:00 [INF] Request starting HTTP/1.1 GET http://localhost:5257/ - null null
2025-11-18 11:29:30.065 +01:00 [INF] Executing endpoint 'HealthApp.Controllers.HomeController.Index (HealthApp)'
2025-11-18 11:29:30.106 +01:00 [INF] Route matched with {action = "Index", controller = "Home", page = "", area = ""}. Executing controller action with signature Microsoft.AspNetCore.Mvc.IActionResult Index() on controller HealthApp.Controllers.HomeController (HealthApp).
2025-11-18 11:29:30.121 +01:00 [INF] Executing ViewResult, running view Index.
2025-11-18 11:29:31.270 +01:00 [INF] Executed ViewResult - view Index executed in 1153.9257ms.
2025-11-18 11:29:31.273 +01:00 [INF] Executed action HealthApp.Controllers.HomeController.Index (HealthApp) in 1165.7478ms
2025-11-18 11:29:31.273 +01:00 [INF] Executed endpoint 'HealthApp.Controllers.HomeController.Index (HealthApp)'
2025-11-18 11:29:31.284 +01:00 [INF] Request finished HTTP/1.1 GET http://localhost:5257/ - 200 null text/html; charset=utf-8 1293.7941ms
2025-11-18 11:29:31.295 +01:00 [INF] Request starting HTTP/1.1 GET http://localhost:5257/lib/jquery-validate/jquery.validate.js - null null
2025-11-18 11:29:31.295 +01:00 [INF] Request starting HTTP/1.1 GET http://localhost:5257/lib/jquery-validation-unbtrusive/jquery.validate.unobtrusive.js - null null
2025-11-18 11:29:31.301 +01:00 [INF] Request finished HTTP/1.1 GET http://localhost:5257/lib/jquery-validate/jquery.validate.js - 404 0 null 6.0144ms
2025-11-18 11:29:31.301 +01:00 [INF] Request finished HTTP/1.1 GET http://localhost:5257/lib/jquery-validation-unbtrusive/jquery.validate.unobtrusive.js - 404 0 null 5.3804ms
2025-11-18 11:29:31.304 +01:00 [INF] Request reached the end of the middleware pipeline without being handled by application code. Request path: GET http://localhost:5257/lib/jquery-validate/jquery.validate.js, Response status code: 404
2025-11-18 11:29:31.304 +01:00 [INF] Request reached the end of the middleware pipeline without being handled by application code. Request path: GET http://localhost:5257/lib/jquery-validation-unbtrusive/jquery.validate.unobtrusive.js, Response status code: 404
2025-11-18 11:29:37.978 +01:00 [INF] Request starting HTTP/1.1 GET http://localhost:5257/Booking/Calendar - null null
2025-11-18 11:29:37.985 +01:00 [INF] Executing endpoint 'HealthApp.Controllers.BookingController.Calendar (HealthApp)'
2025-11-18 11:29:38.019 +01:00 [INF] Route matched with {action = "Calendar", controller = "Booking", page = "", area = ""}. Executing controller action with signature System.Threading.Tasks.Task`1[Microsoft.AspNetCore.Mvc.IActionResult] Calendar(System.Nullable`1[System.Int32], System.Nullable`1[System.Int32]) on controller HealthApp.Controllers.BookingController (HealthApp).
2025-11-18 11:29:38.089 +01:00 [INF] This is an information messeage
2025-11-18 11:29:38.100 +01:00 [WRN] This is a warning message
2025-11-18 11:29:38.101 +01:00 [ERR] This is an error message
2025-11-18 11:29:38.700 +01:00 [INF] Executing ViewResult, running view Calendar.
2025-11-18 11:29:38.747 +01:00 [INF] Executed ViewResult - view Calendar executed in 48.3714ms.
2025-11-18 11:29:38.747 +01:00 [INF] Executed action HealthApp.Controllers.BookingController.Calendar (HealthApp) in 728.3009ms
2025-11-18 11:29:38.747 +01:00 [INF] Executed endpoint 'HealthApp.Controllers.BookingController.Calendar (HealthApp)'
2025-11-18 11:29:38.758 +01:00 [INF] Request finished HTTP/1.1 GET http://localhost:5257/Booking/Calendar - 200 null text/html; charset=utf-8 780.7402ms
2025-11-18 11:29:38.798 +01:00 [INF] Request starting HTTP/1.1 GET http://localhost:5257/lib/jquery-validate/jquery.validate.js - null null
2025-11-18 11:29:38.799 +01:00 [INF] Request starting HTTP/1.1 GET http://localhost:5257/lib/jquery-validation-unbtrusive/jquery.validate.unobtrusive.js - null null
2025-11-18 11:29:38.799 +01:00 [INF] Request finished HTTP/1.1 GET http://localhost:5257/lib/jquery-validate/jquery.validate.js - 404 0 null 1.5512ms
2025-11-18 11:29:38.800 +01:00 [INF] Request reached the end of the middleware pipeline without being handled by application code. Request path: GET http://localhost:5257/lib/jquery-validate/jquery.validate.js, Response status code: 404
2025-11-18 11:29:38.800 +01:00 [INF] Request finished HTTP/1.1 GET http://localhost:5257/lib/jquery-validation-unbtrusive/jquery.validate.unobtrusive.js - 404 0 null 1.0609ms
2025-11-18 11:29:38.800 +01:00 [INF] Request reached the end of the middleware pipeline without being handled by application code. Request path: GET http://localhost:5257/lib/jquery-validation-unbtrusive/jquery.validate.unobtrusive.js, Response status code: 404
2025-11-18 11:34:28.443 +01:00 [INF] Application is shutting down...
