2025-10-26 14:06:08.368 +01:00 [INF] User profile is available. Using 'C:\Users\stian\AppData\Local\ASP.NET\DataProtection-Keys' as key repository and Windows DPAPI to encrypt keys at rest.
2025-10-26 14:06:08.441 +01:00 [INF] Now listening on: http://localhost:5257
2025-10-26 14:06:08.446 +01:00 [INF] Application started. Press Ctrl+C to shut down.
2025-10-26 14:06:08.447 +01:00 [INF] Hosting environment: Development
2025-10-26 14:06:08.448 +01:00 [INF] Content root path: C:\Users\stian\Documents\IT\DAVE3625\health-app\HealthApp
2025-10-26 14:06:10.734 +01:00 [INF] Request starting HTTP/1.1 GET http://localhost:5257/ - null null
2025-10-26 14:06:10.779 +01:00 [INF] Executing endpoint 'HealthApp.Controllers.HomeController.Index (HealthApp)'
2025-10-26 14:06:10.817 +01:00 [INF] Route matched with {action = "Index", controller = "Home"}. Executing controller action with signature Microsoft.AspNetCore.Mvc.IActionResult Index() on controller HealthApp.Controllers.HomeController (HealthApp).
2025-10-26 14:06:10.846 +01:00 [INF] Executing ViewResult, running view Index.
2025-10-26 14:06:10.912 +01:00 [INF] Executed ViewResult - view Index executed in 73.8521ms.
2025-10-26 14:06:10.918 +01:00 [INF] Executed action HealthApp.Controllers.HomeController.Index (HealthApp) in 100.6222ms
2025-10-26 14:06:10.919 +01:00 [INF] Executed endpoint 'HealthApp.Controllers.HomeController.Index (HealthApp)'
2025-10-26 14:06:10.925 +01:00 [INF] Request finished HTTP/1.1 GET http://localhost:5257/ - 200 null text/html; charset=utf-8 195.8943ms
2025-10-26 14:06:12.465 +01:00 [INF] Request starting HTTP/1.1 GET http://localhost:5257/Booking/Calendar - null null
2025-10-26 14:06:12.467 +01:00 [INF] Executing endpoint 'HealthApp.Controllers.BookingController.Calendar (HealthApp)'
2025-10-26 14:06:12.482 +01:00 [INF] Route matched with {action = "Calendar", controller = "Booking"}. Executing controller action with signature System.Threading.Tasks.Task`1[Microsoft.AspNetCore.Mvc.IActionResult] Calendar(System.Nullable`1[System.Int32], System.Nullable`1[System.Int32]) on controller HealthApp.Controllers.BookingController (HealthApp).
2025-10-26 14:06:13.282 +01:00 [INF] This is an information messeage
2025-10-26 14:06:13.290 +01:00 [WRN] This is a warning message
2025-10-26 14:06:13.291 +01:00 [ERR] This is an error message
2025-10-26 14:06:13.782 +01:00 [INF] Executing ViewResult, running view Calendar.
2025-10-26 14:06:13.817 +01:00 [INF] Executed ViewResult - view Calendar executed in 36.1575ms.
2025-10-26 14:06:13.817 +01:00 [INF] Executed action HealthApp.Controllers.BookingController.Calendar (HealthApp) in 1334.8672ms
2025-10-26 14:06:13.817 +01:00 [INF] Executed endpoint 'HealthApp.Controllers.BookingController.Calendar (HealthApp)'
2025-10-26 14:06:13.835 +01:00 [INF] Request finished HTTP/1.1 GET http://localhost:5257/Booking/Calendar - 200 null text/html; charset=utf-8 1370.7077ms
2025-10-26 14:10:40.884 +01:00 [INF] Application is shutting down...
