2025-11-18 10:59:34.241 +01:00 [INF] User profile is available. Using 'C:\Users\stian\AppData\Local\ASP.NET\DataProtection-Keys' as key repository and Windows DPAPI to encrypt keys at rest.
2025-11-18 10:59:34.607 +01:00 [INF] Now listening on: http://localhost:5257
2025-11-18 10:59:34.613 +01:00 [INF] Application started. Press Ctrl+C to shut down.
2025-11-18 10:59:34.614 +01:00 [INF] Hosting environment: Development
2025-11-18 10:59:34.614 +01:00 [INF] Content root path: C:\Users\stian\Documents\IT\DAVE3625\health-app\HealthApp
2025-11-18 10:59:57.899 +01:00 [INF] Request starting HTTP/1.1 GET http://localhost:5257/ - null null
2025-11-18 10:59:57.976 +01:00 [INF] Executing endpoint 'HealthApp.Controllers.HomeController.Index (HealthApp)'
2025-11-18 10:59:58.016 +01:00 [INF] Route matched with {action = "Index", controller = "Home", page = "", area = ""}. Executing controller action with signature Microsoft.AspNetCore.Mvc.IActionResult Index() on controller HealthApp.Controllers.HomeController (HealthApp).
2025-11-18 10:59:58.036 +01:00 [INF] Executing ViewResult, running view Index.
2025-11-18 10:59:59.969 +01:00 [INF] Executed ViewResult - view Index executed in 1940.6705ms.
2025-11-18 10:59:59.971 +01:00 [INF] Executed action HealthApp.Controllers.HomeController.Index (HealthApp) in 1953.7794ms
2025-11-18 10:59:59.972 +01:00 [INF] Executed endpoint 'HealthApp.Controllers.HomeController.Index (HealthApp)'
2025-11-18 10:59:59.982 +01:00 [INF] Request finished HTTP/1.1 GET http://localhost:5257/ - 200 null text/html; charset=utf-8 2086.4521ms
2025-11-18 11:00:00.002 +01:00 [INF] Request starting HTTP/1.1 GET http://localhost:5257/lib/jquery-validate/jquery.validate.js - null null
2025-11-18 11:00:00.002 +01:00 [INF] Request starting HTTP/1.1 GET http://localhost:5257/lib/jquery-validation-unbtrusive/jquery.validate.unobtrusive.js - null null
2025-11-18 11:00:00.007 +01:00 [INF] Request finished HTTP/1.1 GET http://localhost:5257/lib/jquery-validate/jquery.validate.js - 404 0 null 5.6294ms
2025-11-18 11:00:00.009 +01:00 [INF] Request finished HTTP/1.1 GET http://localhost:5257/lib/jquery-validation-unbtrusive/jquery.validate.unobtrusive.js - 404 0 null 7.2421ms
2025-11-18 11:00:00.009 +01:00 [INF] Request reached the end of the middleware pipeline without being handled by application code. Request path: GET http://localhost:5257/lib/jquery-validation-unbtrusive/jquery.validate.unobtrusive.js, Response status code: 404
2025-11-18 11:00:00.009 +01:00 [INF] Request reached the end of the middleware pipeline without being handled by application code. Request path: GET http://localhost:5257/lib/jquery-validate/jquery.validate.js, Response status code: 404
2025-11-18 11:00:00.058 +01:00 [INF] Request starting HTTP/1.1 GET http://localhost:5257/favicon.ico - null null
2025-11-18 11:00:00.062 +01:00 [INF] Request finished HTTP/1.1 GET http://localhost:5257/favicon.ico - 404 0 null 3.3319ms
2025-11-18 11:00:00.062 +01:00 [INF] Request reached the end of the middleware pipeline without being handled by application code. Request path: GET http://localhost:5257/favicon.ico, Response status code: 404
2025-11-18 11:00:07.523 +01:00 [INF] Request starting HTTP/1.1 GET http://localhost:5257/Identity/Account/Register - null null
2025-11-18 11:00:07.525 +01:00 [INF] Executing endpoint '/Account/Register'
2025-11-18 11:00:07.586 +01:00 [INF] Route matched with {page = "/Account/Register", area = "Identity", action = "", controller = ""}. Executing page /Account/Register
2025-11-18 11:00:07.656 +01:00 [INF] Executing handler method HealthApp.Areas.Identity.Pages.Account.RegisterModel.OnGetAsync - ModelState is "Valid"
2025-11-18 11:00:07.669 +01:00 [INF] Executed handler method OnGetAsync, returned result .
2025-11-18 11:00:07.675 +01:00 [INF] Executing an implicit handler method - ModelState is "Valid"
2025-11-18 11:00:07.676 +01:00 [INF] Executed an implicit handler method, returned result Microsoft.AspNetCore.Mvc.RazorPages.PageResult.
2025-11-18 11:00:07.769 +01:00 [INF] Executed page /Account/Register in 182.6035ms
2025-11-18 11:00:07.770 +01:00 [INF] Executed endpoint '/Account/Register'
2025-11-18 11:00:07.770 +01:00 [INF] Request finished HTTP/1.1 GET http://localhost:5257/Identity/Account/Register - 200 null text/html; charset=utf-8 246.9921ms
2025-11-18 11:00:07.828 +01:00 [INF] Request starting HTTP/1.1 GET http://localhost:5257/lib/jquery-validate/jquery.validate.js - null null
2025-11-18 11:00:07.831 +01:00 [INF] Request starting HTTP/1.1 GET http://localhost:5257/lib/jquery-validation/dist/jquery.validate.min.js - null null
2025-11-18 11:00:07.833 +01:00 [INF] Request finished HTTP/1.1 GET http://localhost:5257/lib/jquery-validation/dist/jquery.validate.min.js - 404 0 null 2.1108ms
2025-11-18 11:00:07.833 +01:00 [INF] Request reached the end of the middleware pipeline without being handled by application code. Request path: GET http://localhost:5257/lib/jquery-validation/dist/jquery.validate.min.js, Response status code: 404
2025-11-18 11:00:07.834 +01:00 [INF] Request finished HTTP/1.1 GET http://localhost:5257/lib/jquery-validate/jquery.validate.js - 404 0 null 6.1762ms
2025-11-18 11:00:07.834 +01:00 [INF] Request starting HTTP/1.1 GET http://localhost:5257/lib/jquery-validation-unbtrusive/jquery.validate.unobtrusive.js - null null
2025-11-18 11:00:07.834 +01:00 [INF] Request reached the end of the middleware pipeline without being handled by application code. Request path: GET http://localhost:5257/lib/jquery-validate/jquery.validate.js, Response status code: 404
2025-11-18 11:00:07.835 +01:00 [INF] Request finished HTTP/1.1 GET http://localhost:5257/lib/jquery-validation-unbtrusive/jquery.validate.unobtrusive.js - 404 0 null 1.2713ms
2025-11-18 11:00:07.836 +01:00 [INF] Request reached the end of the middleware pipeline without being handled by application code. Request path: GET http://localhost:5257/lib/jquery-validation-unbtrusive/jquery.validate.unobtrusive.js, Response status code: 404
2025-11-18 11:00:07.836 +01:00 [INF] Request starting HTTP/1.1 GET http://localhost:5257/lib/jquery-validation-unobtrusive/jquery.validate.unobtrusive.min.js - null null
2025-11-18 11:00:07.837 +01:00 [INF] Request finished HTTP/1.1 GET http://localhost:5257/lib/jquery-validation-unobtrusive/jquery.validate.unobtrusive.min.js - 404 0 null 1.2962ms
2025-11-18 11:00:07.837 +01:00 [INF] Request reached the end of the middleware pipeline without being handled by application code. Request path: GET http://localhost:5257/lib/jquery-validation-unobtrusive/jquery.validate.unobtrusive.min.js, Response status code: 404
2025-11-18 11:01:05.138 +01:00 [INF] Request starting HTTP/1.1 POST http://localhost:5257/Identity/Account/Register - application/x-www-form-urlencoded 256
2025-11-18 11:01:05.151 +01:00 [INF] Executing endpoint '/Account/Register'
2025-11-18 11:01:05.152 +01:00 [INF] Route matched with {page = "/Account/Register", area = "Identity", action = "", controller = ""}. Executing page /Account/Register
2025-11-18 11:01:05.292 +01:00 [INF] Executing handler method HealthApp.Areas.Identity.Pages.Account.RegisterModel.OnPostAsync - ModelState is "Invalid"
2025-11-18 11:01:05.297 +01:00 [INF] Executed handler method OnPostAsync, returned result Microsoft.AspNetCore.Mvc.RazorPages.PageResult.
2025-11-18 11:01:05.304 +01:00 [INF] Executed page /Account/Register in 152.0556ms
2025-11-18 11:01:05.304 +01:00 [INF] Executed endpoint '/Account/Register'
2025-11-18 11:01:05.304 +01:00 [INF] Request finished HTTP/1.1 POST http://localhost:5257/Identity/Account/Register - 200 null text/html; charset=utf-8 166.5985ms
2025-11-18 11:01:05.354 +01:00 [INF] Request starting HTTP/1.1 GET http://localhost:5257/lib/jquery-validate/jquery.validate.js - null null
2025-11-18 11:01:05.355 +01:00 [INF] Request finished HTTP/1.1 GET http://localhost:5257/lib/jquery-validate/jquery.validate.js - 404 0 null 0.8619ms
2025-11-18 11:01:05.355 +01:00 [INF] Request reached the end of the middleware pipeline without being handled by application code. Request path: GET http://localhost:5257/lib/jquery-validate/jquery.validate.js, Response status code: 404
2025-11-18 11:01:05.362 +01:00 [INF] Request starting HTTP/1.1 GET http://localhost:5257/lib/jquery-validation-unbtrusive/jquery.validate.unobtrusive.js - null null
2025-11-18 11:01:05.363 +01:00 [INF] Request finished HTTP/1.1 GET http://localhost:5257/lib/jquery-validation-unbtrusive/jquery.validate.unobtrusive.js - 404 0 null 1.5717ms
2025-11-18 11:01:05.365 +01:00 [INF] Request starting HTTP/1.1 GET http://localhost:5257/lib/jquery-validation-unobtrusive/jquery.validate.unobtrusive.min.js - null null
2025-11-18 11:01:05.365 +01:00 [INF] Request starting HTTP/1.1 GET http://localhost:5257/lib/jquery-validation/dist/jquery.validate.min.js - null null
2025-11-18 11:01:05.366 +01:00 [INF] Request finished HTTP/1.1 GET http://localhost:5257/lib/jquery-validation-unobtrusive/jquery.validate.unobtrusive.min.js - 404 0 null 1.5619ms
2025-11-18 11:01:05.366 +01:00 [INF] Request reached the end of the middleware pipeline without being handled by application code. Request path: GET http://localhost:5257/lib/jquery-validation-unobtrusive/jquery.validate.unobtrusive.min.js, Response status code: 404
2025-11-18 11:01:05.366 +01:00 [INF] Request finished HTTP/1.1 GET http://localhost:5257/lib/jquery-validation/dist/jquery.validate.min.js - 404 0 null 2.7128ms
2025-11-18 11:01:05.365 +01:00 [INF] Request reached the end of the middleware pipeline without being handled by application code. Request path: GET http://localhost:5257/lib/jquery-validation-unbtrusive/jquery.validate.unobtrusive.js, Response status code: 404
2025-11-18 11:01:05.367 +01:00 [INF] Request reached the end of the middleware pipeline without being handled by application code. Request path: GET http://localhost:5257/lib/jquery-validation/dist/jquery.validate.min.js, Response status code: 404
2025-11-18 11:01:17.132 +01:00 [INF] Request starting HTTP/1.1 POST http://localhost:5257/Identity/Account/Register - application/x-www-form-urlencoded 266
2025-11-18 11:01:17.133 +01:00 [INF] Executing endpoint '/Account/Register'
2025-11-18 11:01:17.133 +01:00 [INF] Route matched with {page = "/Account/Register", area = "Identity", action = "", controller = ""}. Executing page /Account/Register
2025-11-18 11:01:17.142 +01:00 [INF] Executing handler method HealthApp.Areas.Identity.Pages.Account.RegisterModel.OnPostAsync - ModelState is "Valid"
2025-11-18 11:01:17.168 +01:00 [INF] Executed handler method OnPostAsync, returned result Microsoft.AspNetCore.Mvc.RazorPages.PageResult.
2025-11-18 11:01:17.179 +01:00 [INF] Executed page /Account/Register in 46.0111ms
2025-11-18 11:01:17.179 +01:00 [INF] Executed endpoint '/Account/Register'
2025-11-18 11:01:17.180 +01:00 [INF] Request finished HTTP/1.1 POST http://localhost:5257/Identity/Account/Register - 200 null text/html; charset=utf-8 47.3792ms
2025-11-18 11:01:17.234 +01:00 [INF] Request starting HTTP/1.1 GET http://localhost:5257/lib/jquery-validate/jquery.validate.js - null null
2025-11-18 11:01:17.235 +01:00 [INF] Request starting HTTP/1.1 GET http://localhost:5257/lib/jquery-validation-unbtrusive/jquery.validate.unobtrusive.js - null null
2025-11-18 11:01:17.235 +01:00 [INF] Request starting HTTP/1.1 GET http://localhost:5257/lib/jquery-validation-unobtrusive/jquery.validate.unobtrusive.min.js - null null
2025-11-18 11:01:17.235 +01:00 [INF] Request starting HTTP/1.1 GET http://localhost:5257/lib/jquery-validation/dist/jquery.validate.min.js - null null
2025-11-18 11:01:17.235 +01:00 [INF] Request finished HTTP/1.1 GET http://localhost:5257/lib/jquery-validate/jquery.validate.js - 404 0 null 1.1875ms
2025-11-18 11:01:17.236 +01:00 [INF] Request reached the end of the middleware pipeline without being handled by application code. Request path: GET http://localhost:5257/lib/jquery-validate/jquery.validate.js, Response status code: 404
2025-11-18 11:01:17.236 +01:00 [INF] Request finished HTTP/1.1 GET http://localhost:5257/lib/jquery-validation/dist/jquery.validate.min.js - 404 0 null 0.7118ms
2025-11-18 11:01:17.236 +01:00 [INF] Request reached the end of the middleware pipeline without being handled by application code. Request path: GET http://localhost:5257/lib/jquery-validation/dist/jquery.validate.min.js, Response status code: 404
2025-11-18 11:01:17.236 +01:00 [INF] Request finished HTTP/1.1 GET http://localhost:5257/lib/jquery-validation-unbtrusive/jquery.validate.unobtrusive.js - 404 0 null 0.9321ms
2025-11-18 11:01:17.236 +01:00 [INF] Request reached the end of the middleware pipeline without being handled by application code. Request path: GET http://localhost:5257/lib/jquery-validation-unbtrusive/jquery.validate.unobtrusive.js, Response status code: 404
2025-11-18 11:01:17.236 +01:00 [INF] Request finished HTTP/1.1 GET http://localhost:5257/lib/jquery-validation-unobtrusive/jquery.validate.unobtrusive.min.js - 404 0 null 0.9561ms
2025-11-18 11:01:17.236 +01:00 [INF] Request reached the end of the middleware pipeline without being handled by application code. Request path: GET http://localhost:5257/lib/jquery-validation-unobtrusive/jquery.validate.unobtrusive.min.js, Response status code: 404
2025-11-18 11:01:33.821 +01:00 [INF] Request starting HTTP/1.1 POST http://localhost:5257/Identity/Account/Register - application/x-www-form-urlencoded 260
2025-11-18 11:01:33.822 +01:00 [INF] Executing endpoint '/Account/Register'
2025-11-18 11:01:33.822 +01:00 [INF] Route matched with {page = "/Account/Register", area = "Identity", action = "", controller = ""}. Executing page /Account/Register
2025-11-18 11:01:33.836 +01:00 [INF] Executing handler method HealthApp.Areas.Identity.Pages.Account.RegisterModel.OnPostAsync - ModelState is "Invalid"
2025-11-18 11:01:33.836 +01:00 [INF] Executed handler method OnPostAsync, returned result Microsoft.AspNetCore.Mvc.RazorPages.PageResult.
2025-11-18 11:01:33.840 +01:00 [INF] Executed page /Account/Register in 17.9194ms
2025-11-18 11:01:33.856 +01:00 [INF] Executed endpoint '/Account/Register'
2025-11-18 11:01:33.892 +01:00 [INF] Request starting HTTP/1.1 GET http://localhost:5257/lib/jquery-validate/jquery.validate.js - null null
2025-11-18 11:01:33.894 +01:00 [INF] Request finished HTTP/1.1 POST http://localhost:5257/Identity/Account/Register - 200 null text/html; charset=utf-8 39.753ms
2025-11-18 11:01:33.899 +01:00 [INF] Request starting HTTP/1.1 GET http://localhost:5257/lib/jquery-validation-unbtrusive/jquery.validate.unobtrusive.js - null null
2025-11-18 11:01:33.900 +01:00 [INF] Request starting HTTP/1.1 GET http://localhost:5257/lib/jquery-validation-unobtrusive/jquery.validate.unobtrusive.min.js - null null
2025-11-18 11:01:33.900 +01:00 [INF] Request starting HTTP/1.1 GET http://localhost:5257/lib/jquery-validation/dist/jquery.validate.min.js - null null
2025-11-18 11:01:33.901 +01:00 [INF] Request finished HTTP/1.1 GET http://localhost:5257/lib/jquery-validation/dist/jquery.validate.min.js - 404 0 null 1.2813ms
2025-11-18 11:01:33.901 +01:00 [INF] Request finished HTTP/1.1 GET http://localhost:5257/lib/jquery-validation-unbtrusive/jquery.validate.unobtrusive.js - 404 0 null 2.0645ms
2025-11-18 11:01:33.901 +01:00 [INF] Request reached the end of the middleware pipeline without being handled by application code. Request path: GET http://localhost:5257/lib/jquery-validation/dist/jquery.validate.min.js, Response status code: 404
2025-11-18 11:01:33.901 +01:00 [INF] Request reached the end of the middleware pipeline without being handled by application code. Request path: GET http://localhost:5257/lib/jquery-validation-unbtrusive/jquery.validate.unobtrusive.js, Response status code: 404
2025-11-18 11:01:33.902 +01:00 [INF] Request finished HTTP/1.1 GET http://localhost:5257/lib/jquery-validation-unobtrusive/jquery.validate.unobtrusive.min.js - 404 0 null 2.004ms
2025-11-18 11:01:33.902 +01:00 [INF] Request reached the end of the middleware pipeline without being handled by application code. Request path: GET http://localhost:5257/lib/jquery-validation-unobtrusive/jquery.validate.unobtrusive.min.js, Response status code: 404
2025-11-18 11:01:33.903 +01:00 [INF] Request finished HTTP/1.1 GET http://localhost:5257/lib/jquery-validate/jquery.validate.js - 404 0 null 10.7833ms
2025-11-18 11:01:33.903 +01:00 [INF] Request reached the end of the middleware pipeline without being handled by application code. Request path: GET http://localhost:5257/lib/jquery-validate/jquery.validate.js, Response status code: 404
2025-11-18 11:01:41.991 +01:00 [INF] Request starting HTTP/1.1 POST http://localhost:5257/Identity/Account/Register - application/x-www-form-urlencoded 284
2025-11-18 11:01:41.991 +01:00 [INF] Executing endpoint '/Account/Register'
2025-11-18 11:01:41.992 +01:00 [INF] Route matched with {page = "/Account/Register", area = "Identity", action = "", controller = ""}. Executing page /Account/Register
2025-11-18 11:01:41.998 +01:00 [INF] Executing handler method HealthApp.Areas.Identity.Pages.Account.RegisterModel.OnPostAsync - ModelState is "Valid"
2025-11-18 11:01:42.007 +01:00 [INF] Executed handler method OnPostAsync, returned result Microsoft.AspNetCore.Mvc.RazorPages.PageResult.
2025-11-18 11:01:42.010 +01:00 [INF] Executed page /Account/Register in 18.7812ms
2025-11-18 11:01:42.011 +01:00 [INF] Executed endpoint '/Account/Register'
2025-11-18 11:01:42.011 +01:00 [INF] Request finished HTTP/1.1 POST http://localhost:5257/Identity/Account/Register - 200 null text/html; charset=utf-8 19.9749ms
2025-11-18 11:01:42.069 +01:00 [INF] Request starting HTTP/1.1 GET http://localhost:5257/lib/jquery-validate/jquery.validate.js - null null
2025-11-18 11:01:42.069 +01:00 [INF] Request starting HTTP/1.1 GET http://localhost:5257/lib/jquery-validation-unbtrusive/jquery.validate.unobtrusive.js - null null
2025-11-18 11:01:42.069 +01:00 [INF] Request starting HTTP/1.1 GET http://localhost:5257/lib/jquery-validation/dist/jquery.validate.min.js - null null
2025-11-18 11:01:42.070 +01:00 [INF] Request finished HTTP/1.1 GET http://localhost:5257/lib/jquery-validate/jquery.validate.js - 404 0 null 0.714ms
2025-11-18 11:01:42.070 +01:00 [INF] Request finished HTTP/1.1 GET http://localhost:5257/lib/jquery-validation-unbtrusive/jquery.validate.unobtrusive.js - 404 0 null 0.7129ms
2025-11-18 11:01:42.070 +01:00 [INF] Request finished HTTP/1.1 GET http://localhost:5257/lib/jquery-validation/dist/jquery.validate.min.js - 404 0 null 0.7501ms
2025-11-18 11:01:42.070 +01:00 [INF] Request reached the end of the middleware pipeline without being handled by application code. Request path: GET http://localhost:5257/lib/jquery-validation-unbtrusive/jquery.validate.unobtrusive.js, Response status code: 404
2025-11-18 11:01:42.070 +01:00 [INF] Request reached the end of the middleware pipeline without being handled by application code. Request path: GET http://localhost:5257/lib/jquery-validation/dist/jquery.validate.min.js, Response status code: 404
2025-11-18 11:01:42.070 +01:00 [INF] Request reached the end of the middleware pipeline without being handled by application code. Request path: GET http://localhost:5257/lib/jquery-validate/jquery.validate.js, Response status code: 404
2025-11-18 11:01:42.070 +01:00 [INF] Request starting HTTP/1.1 GET http://localhost:5257/lib/jquery-validation-unobtrusive/jquery.validate.unobtrusive.min.js - null null
2025-11-18 11:01:42.071 +01:00 [INF] Request finished HTTP/1.1 GET http://localhost:5257/lib/jquery-validation-unobtrusive/jquery.validate.unobtrusive.min.js - 404 0 null 0.5047ms
2025-11-18 11:01:42.071 +01:00 [INF] Request reached the end of the middleware pipeline without being handled by application code. Request path: GET http://localhost:5257/lib/jquery-validation-unobtrusive/jquery.validate.unobtrusive.min.js, Response status code: 404
2025-11-18 11:03:21.184 +01:00 [INF] Request starting HTTP/1.1 POST http://localhost:5257/Identity/Account/Register - application/x-www-form-urlencoded 286
2025-11-18 11:03:21.185 +01:00 [INF] Executing endpoint '/Account/Register'
2025-11-18 11:03:21.186 +01:00 [INF] Route matched with {page = "/Account/Register", area = "Identity", action = "", controller = ""}. Executing page /Account/Register
2025-11-18 11:03:21.193 +01:00 [INF] Executing handler method HealthApp.Areas.Identity.Pages.Account.RegisterModel.OnPostAsync - ModelState is "Valid"
2025-11-18 11:03:22.145 +01:00 [INF] User created a new account with password.
2025-11-18 11:03:22.233 +01:00 [INF] AuthenticationScheme: Identity.Application signed in.
2025-11-18 11:03:22.234 +01:00 [INF] Executed handler method OnPostAsync, returned result Microsoft.AspNetCore.Mvc.LocalRedirectResult.
2025-11-18 11:03:22.236 +01:00 [INF] Executing LocalRedirectResult, redirecting to /.
2025-11-18 11:03:22.237 +01:00 [INF] Executed page /Account/Register in 1051.0308ms
2025-11-18 11:03:22.237 +01:00 [INF] Executed endpoint '/Account/Register'
2025-11-18 11:03:22.240 +01:00 [INF] Request finished HTTP/1.1 POST http://localhost:5257/Identity/Account/Register - 302 0 null 1055.8585ms
2025-11-18 11:03:22.245 +01:00 [INF] Request starting HTTP/1.1 GET http://localhost:5257/ - null null
2025-11-18 11:03:22.257 +01:00 [INF] Executing endpoint 'HealthApp.Controllers.HomeController.Index (HealthApp)'
2025-11-18 11:03:22.258 +01:00 [INF] Route matched with {action = "Index", controller = "Home", page = "", area = ""}. Executing controller action with signature Microsoft.AspNetCore.Mvc.IActionResult Index() on controller HealthApp.Controllers.HomeController (HealthApp).
2025-11-18 11:03:22.259 +01:00 [INF] Executing ViewResult, running view Index.
2025-11-18 11:03:22.267 +01:00 [INF] Executed ViewResult - view Index executed in 8.601ms.
2025-11-18 11:03:22.267 +01:00 [INF] Executed action HealthApp.Controllers.HomeController.Index (HealthApp) in 9.404ms
2025-11-18 11:03:22.267 +01:00 [INF] Executed endpoint 'HealthApp.Controllers.HomeController.Index (HealthApp)'
2025-11-18 11:03:22.267 +01:00 [INF] Request finished HTTP/1.1 GET http://localhost:5257/ - 200 null text/html; charset=utf-8 22.1901ms
2025-11-18 11:03:22.329 +01:00 [INF] Request starting HTTP/1.1 GET http://localhost:5257/lib/jquery-validate/jquery.validate.js - null null
2025-11-18 11:03:22.329 +01:00 [INF] Request starting HTTP/1.1 GET http://localhost:5257/lib/jquery-validation-unbtrusive/jquery.validate.unobtrusive.js - null null
2025-11-18 11:03:22.334 +01:00 [INF] Request finished HTTP/1.1 GET http://localhost:5257/lib/jquery-validate/jquery.validate.js - 404 0 null 5.1102ms
2025-11-18 11:03:22.334 +01:00 [INF] Request reached the end of the middleware pipeline without being handled by application code. Request path: GET http://localhost:5257/lib/jquery-validate/jquery.validate.js, Response status code: 404
2025-11-18 11:03:22.354 +01:00 [INF] Request finished HTTP/1.1 GET http://localhost:5257/lib/jquery-validation-unbtrusive/jquery.validate.unobtrusive.js - 404 0 null 24.1294ms
2025-11-18 11:03:22.354 +01:00 [INF] Request reached the end of the middleware pipeline without being handled by application code. Request path: GET http://localhost:5257/lib/jquery-validation-unbtrusive/jquery.validate.unobtrusive.js, Response status code: 404
2025-11-18 11:03:32.834 +01:00 [INF] Request starting HTTP/1.1 POST http://localhost:5257/Identity/Account/Logout?returnUrl=%2F - application/x-www-form-urlencoded 225
2025-11-18 11:03:32.856 +01:00 [INF] Executing endpoint '/Account/Logout'
2025-11-18 11:03:32.872 +01:00 [INF] Route matched with {page = "/Account/Logout", area = "Identity", action = "", controller = ""}. Executing page /Account/Logout
2025-11-18 11:03:32.885 +01:00 [INF] Executing handler method HealthApp.Areas.Identity.Pages.Account.LogoutModel.OnPost - ModelState is "Valid"
2025-11-18 11:03:32.889 +01:00 [INF] AuthenticationScheme: Identity.Application signed out.
2025-11-18 11:03:32.891 +01:00 [INF] AuthenticationScheme: Identity.External signed out.
2025-11-18 11:03:32.891 +01:00 [INF] AuthenticationScheme: Identity.TwoFactorUserId signed out.
2025-11-18 11:03:32.892 +01:00 [INF] User logged out.
2025-11-18 11:03:32.892 +01:00 [INF] Executed handler method OnPost, returned result Microsoft.AspNetCore.Mvc.LocalRedirectResult.
2025-11-18 11:03:32.892 +01:00 [INF] Executing LocalRedirectResult, redirecting to /.
2025-11-18 11:03:32.892 +01:00 [INF] Executed page /Account/Logout in 20.3897ms
2025-11-18 11:03:32.892 +01:00 [INF] Executed endpoint '/Account/Logout'
2025-11-18 11:03:32.893 +01:00 [INF] Request finished HTTP/1.1 POST http://localhost:5257/Identity/Account/Logout?returnUrl=%2F - 302 0 null 59.0856ms
2025-11-18 11:03:32.903 +01:00 [INF] Request starting HTTP/1.1 GET http://localhost:5257/ - null null
2025-11-18 11:03:32.903 +01:00 [INF] Executing endpoint 'HealthApp.Controllers.HomeController.Index (HealthApp)'
2025-11-18 11:03:32.903 +01:00 [INF] Route matched with {action = "Index", controller = "Home", page = "", area = ""}. Executing controller action with signature Microsoft.AspNetCore.Mvc.IActionResult Index() on controller HealthApp.Controllers.HomeController (HealthApp).
2025-11-18 11:03:32.903 +01:00 [INF] Executing ViewResult, running view Index.
2025-11-18 11:03:32.907 +01:00 [INF] Executed ViewResult - view Index executed in 3.2552ms.
2025-11-18 11:03:32.907 +01:00 [INF] Executed action HealthApp.Controllers.HomeController.Index (HealthApp) in 3.5186ms
2025-11-18 11:03:32.907 +01:00 [INF] Executed endpoint 'HealthApp.Controllers.HomeController.Index (HealthApp)'
2025-11-18 11:03:32.907 +01:00 [INF] Request finished HTTP/1.1 GET http://localhost:5257/ - 200 null text/html; charset=utf-8 4.3266ms
2025-11-18 11:03:32.984 +01:00 [INF] Request starting HTTP/1.1 GET http://localhost:5257/lib/jquery-validate/jquery.validate.js - null null
2025-11-18 11:03:32.985 +01:00 [INF] Request finished HTTP/1.1 GET http://localhost:5257/lib/jquery-validate/jquery.validate.js - 404 0 null 0.7343ms
2025-11-18 11:03:32.985 +01:00 [INF] Request reached the end of the middleware pipeline without being handled by application code. Request path: GET http://localhost:5257/lib/jquery-validate/jquery.validate.js, Response status code: 404
2025-11-18 11:03:32.991 +01:00 [INF] Request starting HTTP/1.1 GET http://localhost:5257/lib/jquery-validation-unbtrusive/jquery.validate.unobtrusive.js - null null
2025-11-18 11:03:32.992 +01:00 [INF] Request finished HTTP/1.1 GET http://localhost:5257/lib/jquery-validation-unbtrusive/jquery.validate.unobtrusive.js - 404 0 null 1.2585ms
2025-11-18 11:03:32.992 +01:00 [INF] Request reached the end of the middleware pipeline without being handled by application code. Request path: GET http://localhost:5257/lib/jquery-validation-unbtrusive/jquery.validate.unobtrusive.js, Response status code: 404
2025-11-18 11:03:34.223 +01:00 [INF] Request starting HTTP/1.1 GET http://localhost:5257/Identity/Account/Login - null null
2025-11-18 11:03:34.224 +01:00 [INF] Executing endpoint '/Account/Login'
2025-11-18 11:03:34.235 +01:00 [INF] Route matched with {page = "/Account/Login", area = "Identity", action = "", controller = ""}. Executing page /Account/Login
2025-11-18 11:03:34.240 +01:00 [INF] Executing handler method HealthApp.Areas.Identity.Pages.Account.LoginModel.OnGetAsync - ModelState is "Valid"
2025-11-18 11:03:34.242 +01:00 [INF] AuthenticationScheme: Identity.External signed out.
2025-11-18 11:03:34.242 +01:00 [INF] Executed handler method OnGetAsync, returned result .
2025-11-18 11:03:34.242 +01:00 [INF] Executing an implicit handler method - ModelState is "Valid"
2025-11-18 11:03:34.242 +01:00 [INF] Executed an implicit handler method, returned result Microsoft.AspNetCore.Mvc.RazorPages.PageResult.
2025-11-18 11:03:34.290 +01:00 [INF] Executed page /Account/Login in 55.4383ms
2025-11-18 11:03:34.291 +01:00 [INF] Executed endpoint '/Account/Login'
2025-11-18 11:03:34.291 +01:00 [INF] Request finished HTTP/1.1 GET http://localhost:5257/Identity/Account/Login - 200 null text/html; charset=utf-8 67.3566ms
2025-11-18 11:03:34.346 +01:00 [INF] Request starting HTTP/1.1 GET http://localhost:5257/lib/jquery-validate/jquery.validate.js - null null
2025-11-18 11:03:34.347 +01:00 [INF] Request finished HTTP/1.1 GET http://localhost:5257/lib/jquery-validate/jquery.validate.js - 404 0 null 0.7489ms
2025-11-18 11:03:34.347 +01:00 [INF] Request reached the end of the middleware pipeline without being handled by application code. Request path: GET http://localhost:5257/lib/jquery-validate/jquery.validate.js, Response status code: 404
2025-11-18 11:03:34.348 +01:00 [INF] Request starting HTTP/1.1 GET http://localhost:5257/lib/jquery-validation/dist/jquery.validate.min.js - null null
2025-11-18 11:03:34.348 +01:00 [INF] Request starting HTTP/1.1 GET http://localhost:5257/lib/jquery-validation-unbtrusive/jquery.validate.unobtrusive.js - null null
2025-11-18 11:03:34.348 +01:00 [INF] Request finished HTTP/1.1 GET http://localhost:5257/lib/jquery-validation/dist/jquery.validate.min.js - 404 0 null 0.6879ms
2025-11-18 11:03:34.348 +01:00 [INF] Request reached the end of the middleware pipeline without being handled by application code. Request path: GET http://localhost:5257/lib/jquery-validation/dist/jquery.validate.min.js, Response status code: 404
2025-11-18 11:03:34.349 +01:00 [INF] Request finished HTTP/1.1 GET http://localhost:5257/lib/jquery-validation-unbtrusive/jquery.validate.unobtrusive.js - 404 0 null 1.2666ms
2025-11-18 11:03:34.351 +01:00 [INF] Request reached the end of the middleware pipeline without being handled by application code. Request path: GET http://localhost:5257/lib/jquery-validation-unbtrusive/jquery.validate.unobtrusive.js, Response status code: 404
2025-11-18 11:03:34.351 +01:00 [INF] Request starting HTTP/1.1 GET http://localhost:5257/lib/jquery-validation-unobtrusive/jquery.validate.unobtrusive.min.js - null null
2025-11-18 11:03:34.352 +01:00 [INF] Request finished HTTP/1.1 GET http://localhost:5257/lib/jquery-validation-unobtrusive/jquery.validate.unobtrusive.min.js - 404 0 null 1.0069ms
2025-11-18 11:03:34.353 +01:00 [INF] Request reached the end of the middleware pipeline without being handled by application code. Request path: GET http://localhost:5257/lib/jquery-validation-unobtrusive/jquery.validate.unobtrusive.min.js, Response status code: 404
2025-11-18 11:03:40.186 +01:00 [INF] Request starting HTTP/1.1 POST http://localhost:5257/Identity/Account/Login - application/x-www-form-urlencoded 292
2025-11-18 11:03:40.187 +01:00 [INF] Executing endpoint '/Account/Login'
2025-11-18 11:03:40.188 +01:00 [INF] Route matched with {page = "/Account/Login", area = "Identity", action = "", controller = ""}. Executing page /Account/Login
2025-11-18 11:03:40.204 +01:00 [INF] Executing handler method HealthApp.Areas.Identity.Pages.Account.LoginModel.OnPostAsync - ModelState is "Valid"
2025-11-18 11:03:40.383 +01:00 [INF] AuthenticationScheme: Identity.Application signed in.
2025-11-18 11:03:40.383 +01:00 [INF] User logged in.
2025-11-18 11:03:40.383 +01:00 [INF] Executed handler method OnPostAsync, returned result Microsoft.AspNetCore.Mvc.LocalRedirectResult.
2025-11-18 11:03:40.383 +01:00 [INF] Executing LocalRedirectResult, redirecting to /.
2025-11-18 11:03:40.384 +01:00 [INF] Executed page /Account/Login in 194.8493ms
2025-11-18 11:03:40.384 +01:00 [INF] Executed endpoint '/Account/Login'
2025-11-18 11:03:40.384 +01:00 [INF] Request finished HTTP/1.1 POST http://localhost:5257/Identity/Account/Login - 302 0 null 198.2589ms
2025-11-18 11:03:40.389 +01:00 [INF] Request starting HTTP/1.1 GET http://localhost:5257/ - null null
2025-11-18 11:03:40.392 +01:00 [INF] Executing endpoint 'HealthApp.Controllers.HomeController.Index (HealthApp)'
2025-11-18 11:03:40.392 +01:00 [INF] Route matched with {action = "Index", controller = "Home", page = "", area = ""}. Executing controller action with signature Microsoft.AspNetCore.Mvc.IActionResult Index() on controller HealthApp.Controllers.HomeController (HealthApp).
2025-11-18 11:03:40.393 +01:00 [INF] Executing ViewResult, running view Index.
2025-11-18 11:03:40.395 +01:00 [INF] Executed ViewResult - view Index executed in 2.2352ms.
2025-11-18 11:03:40.395 +01:00 [INF] Executed action HealthApp.Controllers.HomeController.Index (HealthApp) in 2.58ms
2025-11-18 11:03:40.395 +01:00 [INF] Executed endpoint 'HealthApp.Controllers.HomeController.Index (HealthApp)'
2025-11-18 11:03:40.395 +01:00 [INF] Request finished HTTP/1.1 GET http://localhost:5257/ - 200 null text/html; charset=utf-8 5.8485ms
2025-11-18 11:03:40.465 +01:00 [INF] Request starting HTTP/1.1 GET http://localhost:5257/lib/jquery-validate/jquery.validate.js - null null
2025-11-18 11:03:40.465 +01:00 [INF] Request starting HTTP/1.1 GET http://localhost:5257/lib/jquery-validation-unbtrusive/jquery.validate.unobtrusive.js - null null
2025-11-18 11:03:40.468 +01:00 [INF] Request finished HTTP/1.1 GET http://localhost:5257/lib/jquery-validation-unbtrusive/jquery.validate.unobtrusive.js - 404 0 null 2.7429ms
2025-11-18 11:03:40.468 +01:00 [INF] Request reached the end of the middleware pipeline without being handled by application code. Request path: GET http://localhost:5257/lib/jquery-validation-unbtrusive/jquery.validate.unobtrusive.js, Response status code: 404
2025-11-18 11:03:40.468 +01:00 [INF] Request finished HTTP/1.1 GET http://localhost:5257/lib/jquery-validate/jquery.validate.js - 404 0 null 3.0601ms
2025-11-18 11:03:40.468 +01:00 [INF] Request reached the end of the middleware pipeline without being handled by application code. Request path: GET http://localhost:5257/lib/jquery-validate/jquery.validate.js, Response status code: 404
2025-11-18 11:03:42.730 +01:00 [INF] Request starting HTTP/1.1 GET http://localhost:5257/Booking/Calendar - null null
2025-11-18 11:03:42.736 +01:00 [INF] Executing endpoint 'HealthApp.Controllers.BookingController.Calendar (HealthApp)'
2025-11-18 11:03:42.759 +01:00 [INF] Route matched with {action = "Calendar", controller = "Booking", page = "", area = ""}. Executing controller action with signature System.Threading.Tasks.Task`1[Microsoft.AspNetCore.Mvc.IActionResult] Calendar(System.Nullable`1[System.Int32], System.Nullable`1[System.Int32]) on controller HealthApp.Controllers.BookingController (HealthApp).
2025-11-18 11:03:42.786 +01:00 [INF] This is an information messeage
2025-11-18 11:03:42.800 +01:00 [WRN] This is a warning message
2025-11-18 11:03:42.801 +01:00 [ERR] This is an error message
2025-11-18 11:03:42.938 +01:00 [INF] Executing ViewResult, running view Calendar.
2025-11-18 11:03:42.983 +01:00 [INF] Executed ViewResult - view Calendar executed in 45.973ms.
2025-11-18 11:03:42.983 +01:00 [INF] Executed action HealthApp.Controllers.BookingController.Calendar (HealthApp) in 224.3888ms
2025-11-18 11:03:42.983 +01:00 [INF] Executed endpoint 'HealthApp.Controllers.BookingController.Calendar (HealthApp)'
2025-11-18 11:03:42.985 +01:00 [INF] Request finished HTTP/1.1 GET http://localhost:5257/Booking/Calendar - 200 null text/html; charset=utf-8 255.5836ms
2025-11-18 11:03:43.031 +01:00 [INF] Request starting HTTP/1.1 GET http://localhost:5257/lib/jquery-validate/jquery.validate.js - null null
2025-11-18 11:03:43.033 +01:00 [INF] Request starting HTTP/1.1 GET http://localhost:5257/lib/jquery-validation-unbtrusive/jquery.validate.unobtrusive.js - null null
2025-11-18 11:03:43.035 +01:00 [INF] Request finished HTTP/1.1 GET http://localhost:5257/lib/jquery-validate/jquery.validate.js - 404 0 null 3.1593ms
2025-11-18 11:03:43.035 +01:00 [INF] Request reached the end of the middleware pipeline without being handled by application code. Request path: GET http://localhost:5257/lib/jquery-validate/jquery.validate.js, Response status code: 404
2025-11-18 11:03:43.036 +01:00 [INF] Request finished HTTP/1.1 GET http://localhost:5257/lib/jquery-validation-unbtrusive/jquery.validate.unobtrusive.js - 404 0 null 3.1359ms
2025-11-18 11:03:43.036 +01:00 [INF] Request reached the end of the middleware pipeline without being handled by application code. Request path: GET http://localhost:5257/lib/jquery-validation-unbtrusive/jquery.validate.unobtrusive.js, Response status code: 404
2025-11-18 11:05:45.317 +01:00 [INF] Application is shutting down...
