2025-11-18 11:08:07.956 +01:00 [INF] User profile is available. Using 'C:\Users\stian\AppData\Local\ASP.NET\DataProtection-Keys' as key repository and Windows DPAPI to encrypt keys at rest.
2025-11-18 11:08:08.167 +01:00 [INF] Now listening on: http://localhost:5257
2025-11-18 11:08:08.172 +01:00 [INF] Application started. Press Ctrl+C to shut down.
2025-11-18 11:08:08.174 +01:00 [INF] Hosting environment: Development
2025-11-18 11:08:08.174 +01:00 [INF] Content root path: C:\Users\stian\Documents\IT\DAVE3625\health-app\HealthApp
2025-11-18 11:08:12.442 +01:00 [INF] Request starting HTTP/1.1 GET http://localhost:5257/ - null null
2025-11-18 11:08:13.688 +01:00 [INF] Executing endpoint 'HealthApp.Controllers.HomeController.Index (HealthApp)'
2025-11-18 11:08:13.714 +01:00 [INF] Route matched with {action = "Index", controller = "Home", page = "", area = ""}. Executing controller action with signature Microsoft.AspNetCore.Mvc.IActionResult Index() on controller HealthApp.Controllers.HomeController (HealthApp).
2025-11-18 11:08:13.728 +01:00 [INF] Executing ViewResult, running view Index.
2025-11-18 11:08:13.842 +01:00 [INF] Executed ViewResult - view Index executed in 117.1527ms.
2025-11-18 11:08:13.847 +01:00 [INF] Executed action HealthApp.Controllers.HomeController.Index (HealthApp) in 132.1295ms
2025-11-18 11:08:13.847 +01:00 [INF] Executed endpoint 'HealthApp.Controllers.HomeController.Index (HealthApp)'
2025-11-18 11:08:13.860 +01:00 [INF] Request finished HTTP/1.1 GET http://localhost:5257/ - 200 null text/html; charset=utf-8 1422.8206ms
2025-11-18 11:08:13.869 +01:00 [INF] Request starting HTTP/1.1 GET http://localhost:5257/lib/jquery-validation-unbtrusive/jquery.validate.unobtrusive.js - null null
2025-11-18 11:08:13.869 +01:00 [INF] Request starting HTTP/1.1 GET http://localhost:5257/lib/jquery-validate/jquery.validate.js - null null
2025-11-18 11:08:13.913 +01:00 [INF] Request finished HTTP/1.1 GET http://localhost:5257/lib/jquery-validate/jquery.validate.js - 404 0 null 45.386ms
2025-11-18 11:08:13.913 +01:00 [INF] Request finished HTTP/1.1 GET http://localhost:5257/lib/jquery-validation-unbtrusive/jquery.validate.unobtrusive.js - 404 0 null 45.4192ms
2025-11-18 11:08:13.917 +01:00 [INF] Request reached the end of the middleware pipeline without being handled by application code. Request path: GET http://localhost:5257/lib/jquery-validation-unbtrusive/jquery.validate.unobtrusive.js, Response status code: 404
2025-11-18 11:08:13.918 +01:00 [INF] Request reached the end of the middleware pipeline without being handled by application code. Request path: GET http://localhost:5257/lib/jquery-validate/jquery.validate.js, Response status code: 404
2025-11-18 11:08:16.755 +01:00 [INF] Request starting HTTP/1.1 POST http://localhost:5257/Identity/Account/Logout?returnUrl=%2F - application/x-www-form-urlencoded 225
2025-11-18 11:08:16.886 +01:00 [INF] Executing endpoint '/Account/Logout'
2025-11-18 11:08:16.926 +01:00 [INF] Route matched with {page = "/Account/Logout", area = "Identity", action = "", controller = ""}. Executing page /Account/Logout
2025-11-18 11:08:16.965 +01:00 [INF] Executing handler method HealthApp.Areas.Identity.Pages.Account.LogoutModel.OnPost - ModelState is "Valid"
2025-11-18 11:08:16.976 +01:00 [INF] AuthenticationScheme: Identity.Application signed out.
2025-11-18 11:08:16.979 +01:00 [INF] AuthenticationScheme: Identity.External signed out.
2025-11-18 11:08:16.980 +01:00 [INF] AuthenticationScheme: Identity.TwoFactorUserId signed out.
2025-11-18 11:08:16.980 +01:00 [INF] User logged out.
2025-11-18 11:08:16.982 +01:00 [INF] Executed handler method OnPost, returned result Microsoft.AspNetCore.Mvc.LocalRedirectResult.
2025-11-18 11:08:16.983 +01:00 [INF] Executing LocalRedirectResult, redirecting to /.
2025-11-18 11:08:16.983 +01:00 [INF] Executed page /Account/Logout in 56.9534ms
2025-11-18 11:08:16.984 +01:00 [INF] Executed endpoint '/Account/Logout'
2025-11-18 11:08:16.984 +01:00 [INF] Request finished HTTP/1.1 POST http://localhost:5257/Identity/Account/Logout?returnUrl=%2F - 302 0 null 229.8431ms
2025-11-18 11:08:16.990 +01:00 [INF] Request starting HTTP/1.1 GET http://localhost:5257/ - null null
2025-11-18 11:08:16.991 +01:00 [INF] Executing endpoint 'HealthApp.Controllers.HomeController.Index (HealthApp)'
2025-11-18 11:08:16.992 +01:00 [INF] Route matched with {action = "Index", controller = "Home", page = "", area = ""}. Executing controller action with signature Microsoft.AspNetCore.Mvc.IActionResult Index() on controller HealthApp.Controllers.HomeController (HealthApp).
2025-11-18 11:08:16.992 +01:00 [INF] Executing ViewResult, running view Index.
2025-11-18 11:08:17.007 +01:00 [INF] Executed ViewResult - view Index executed in 14.3298ms.
2025-11-18 11:08:17.007 +01:00 [INF] Executed action HealthApp.Controllers.HomeController.Index (HealthApp) in 15.131ms
2025-11-18 11:08:17.007 +01:00 [INF] Executed endpoint 'HealthApp.Controllers.HomeController.Index (HealthApp)'
2025-11-18 11:08:17.008 +01:00 [INF] Request finished HTTP/1.1 GET http://localhost:5257/ - 200 null text/html; charset=utf-8 17.1978ms
2025-11-18 11:08:17.057 +01:00 [INF] Request starting HTTP/1.1 GET http://localhost:5257/lib/jquery-validate/jquery.validate.js - null null
2025-11-18 11:08:17.059 +01:00 [INF] Request finished HTTP/1.1 GET http://localhost:5257/lib/jquery-validate/jquery.validate.js - 404 0 null 2.4096ms
2025-11-18 11:08:17.060 +01:00 [INF] Request reached the end of the middleware pipeline without being handled by application code. Request path: GET http://localhost:5257/lib/jquery-validate/jquery.validate.js, Response status code: 404
2025-11-18 11:08:17.060 +01:00 [INF] Request starting HTTP/1.1 GET http://localhost:5257/lib/jquery-validation-unbtrusive/jquery.validate.unobtrusive.js - null null
2025-11-18 11:08:17.062 +01:00 [INF] Request finished HTTP/1.1 GET http://localhost:5257/lib/jquery-validation-unbtrusive/jquery.validate.unobtrusive.js - 404 0 null 1.4301ms
2025-11-18 11:08:17.062 +01:00 [INF] Request reached the end of the middleware pipeline without being handled by application code. Request path: GET http://localhost:5257/lib/jquery-validation-unbtrusive/jquery.validate.unobtrusive.js, Response status code: 404
2025-11-18 11:08:21.167 +01:00 [INF] Request starting HTTP/1.1 GET http://localhost:5257/Booking/Calendar - null null
2025-11-18 11:08:21.168 +01:00 [INF] Executing endpoint 'HealthApp.Controllers.BookingController.Calendar (HealthApp)'
2025-11-18 11:08:21.191 +01:00 [INF] Route matched with {action = "Calendar", controller = "Booking", page = "", area = ""}. Executing controller action with signature System.Threading.Tasks.Task`1[Microsoft.AspNetCore.Mvc.IActionResult] Calendar(System.Nullable`1[System.Int32], System.Nullable`1[System.Int32]) on controller HealthApp.Controllers.BookingController (HealthApp).
2025-11-18 11:08:21.222 +01:00 [INF] This is an information messeage
2025-11-18 11:08:21.227 +01:00 [WRN] This is a warning message
2025-11-18 11:08:21.228 +01:00 [ERR] This is an error message
2025-11-18 11:08:21.801 +01:00 [INF] Executing ViewResult, running view Calendar.
2025-11-18 11:08:21.849 +01:00 [INF] Executed ViewResult - view Calendar executed in 50.6723ms.
2025-11-18 11:08:21.850 +01:00 [INF] Executed action HealthApp.Controllers.BookingController.Calendar (HealthApp) in 658.0875ms
2025-11-18 11:08:21.850 +01:00 [INF] Executed endpoint 'HealthApp.Controllers.BookingController.Calendar (HealthApp)'
2025-11-18 11:08:21.867 +01:00 [INF] Request finished HTTP/1.1 GET http://localhost:5257/Booking/Calendar - 200 null text/html; charset=utf-8 699.3638ms
2025-11-18 11:08:21.898 +01:00 [INF] Request starting HTTP/1.1 GET http://localhost:5257/lib/jquery-validate/jquery.validate.js - null null
2025-11-18 11:08:21.899 +01:00 [INF] Request starting HTTP/1.1 GET http://localhost:5257/lib/jquery-validation-unbtrusive/jquery.validate.unobtrusive.js - null null
2025-11-18 11:08:21.900 +01:00 [INF] Request finished HTTP/1.1 GET http://localhost:5257/lib/jquery-validate/jquery.validate.js - 404 0 null 1.1939ms
2025-11-18 11:08:21.900 +01:00 [INF] Request reached the end of the middleware pipeline without being handled by application code. Request path: GET http://localhost:5257/lib/jquery-validate/jquery.validate.js, Response status code: 404
2025-11-18 11:08:21.901 +01:00 [INF] Request finished HTTP/1.1 GET http://localhost:5257/lib/jquery-validation-unbtrusive/jquery.validate.unobtrusive.js - 404 0 null 1.3983ms
2025-11-18 11:08:21.901 +01:00 [INF] Request reached the end of the middleware pipeline without being handled by application code. Request path: GET http://localhost:5257/lib/jquery-validation-unbtrusive/jquery.validate.unobtrusive.js, Response status code: 404
2025-11-18 11:08:25.902 +01:00 [INF] Request starting HTTP/1.1 GET http://localhost:5257/Booking/Create - null null
2025-11-18 11:08:25.909 +01:00 [INF] Authorization failed. These requirements were not met:
DenyAnonymousAuthorizationRequirement: Requires an authenticated user.
2025-11-18 11:08:25.917 +01:00 [INF] AuthenticationScheme: Identity.Application was challenged.
2025-11-18 11:08:25.918 +01:00 [INF] Request finished HTTP/1.1 GET http://localhost:5257/Booking/Create - 302 0 null 15.3965ms
2025-11-18 11:08:25.923 +01:00 [INF] Request starting HTTP/1.1 GET http://localhost:5257/Identity/Account/Login?ReturnUrl=%2FBooking%2FCreate - null null
2025-11-18 11:08:25.933 +01:00 [INF] Executing endpoint '/Account/Login'
2025-11-18 11:08:25.948 +01:00 [INF] Route matched with {page = "/Account/Login", area = "Identity", action = "", controller = ""}. Executing page /Account/Login
2025-11-18 11:08:25.956 +01:00 [INF] Executing handler method HealthApp.Areas.Identity.Pages.Account.LoginModel.OnGetAsync - ModelState is "Valid"
2025-11-18 11:08:25.957 +01:00 [INF] AuthenticationScheme: Identity.External signed out.
2025-11-18 11:08:25.958 +01:00 [INF] Executed handler method OnGetAsync, returned result .
2025-11-18 11:08:25.964 +01:00 [INF] Executing an implicit handler method - ModelState is "Valid"
2025-11-18 11:08:25.964 +01:00 [INF] Executed an implicit handler method, returned result Microsoft.AspNetCore.Mvc.RazorPages.PageResult.
2025-11-18 11:08:26.033 +01:00 [INF] Executed page /Account/Login in 83.4276ms
2025-11-18 11:08:26.033 +01:00 [INF] Executed endpoint '/Account/Login'
2025-11-18 11:08:26.033 +01:00 [INF] Request finished HTTP/1.1 GET http://localhost:5257/Identity/Account/Login?ReturnUrl=%2FBooking%2FCreate - 200 null text/html; charset=utf-8 110.0499ms
2025-11-18 11:08:26.083 +01:00 [INF] Request starting HTTP/1.1 GET http://localhost:5257/lib/jquery-validate/jquery.validate.js - null null
2025-11-18 11:08:26.084 +01:00 [INF] Request finished HTTP/1.1 GET http://localhost:5257/lib/jquery-validate/jquery.validate.js - 404 0 null 1.2717ms
2025-11-18 11:08:26.085 +01:00 [INF] Request reached the end of the middleware pipeline without being handled by application code. Request path: GET http://localhost:5257/lib/jquery-validate/jquery.validate.js, Response status code: 404
2025-11-18 11:08:26.085 +01:00 [INF] Request starting HTTP/1.1 GET http://localhost:5257/lib/jquery-validation-unbtrusive/jquery.validate.unobtrusive.js - null null
2025-11-18 11:08:26.086 +01:00 [INF] Request finished HTTP/1.1 GET http://localhost:5257/lib/jquery-validation-unbtrusive/jquery.validate.unobtrusive.js - 404 0 null 0.7764ms
2025-11-18 11:08:26.086 +01:00 [INF] Request reached the end of the middleware pipeline without being handled by application code. Request path: GET http://localhost:5257/lib/jquery-validation-unbtrusive/jquery.validate.unobtrusive.js, Response status code: 404
2025-11-18 11:08:26.089 +01:00 [INF] Request starting HTTP/1.1 GET http://localhost:5257/lib/jquery-validation/dist/jquery.validate.min.js - null null
2025-11-18 11:08:26.089 +01:00 [INF] Request starting HTTP/1.1 GET http://localhost:5257/lib/jquery-validation-unobtrusive/jquery.validate.unobtrusive.min.js - null null
2025-11-18 11:08:26.090 +01:00 [INF] Request finished HTTP/1.1 GET http://localhost:5257/lib/jquery-validation/dist/jquery.validate.min.js - 404 0 null 0.9591ms
2025-11-18 11:08:26.090 +01:00 [INF] Request reached the end of the middleware pipeline without being handled by application code. Request path: GET http://localhost:5257/lib/jquery-validation/dist/jquery.validate.min.js, Response status code: 404
2025-11-18 11:08:26.093 +01:00 [INF] Request finished HTTP/1.1 GET http://localhost:5257/lib/jquery-validation-unobtrusive/jquery.validate.unobtrusive.min.js - 404 0 null 3.4569ms
2025-11-18 11:08:26.093 +01:00 [INF] Request reached the end of the middleware pipeline without being handled by application code. Request path: GET http://localhost:5257/lib/jquery-validation-unobtrusive/jquery.validate.unobtrusive.min.js, Response status code: 404
2025-11-18 11:08:31.105 +01:00 [INF] Request starting HTTP/1.1 GET http://localhost:5257/Booking/Calendar - null null
2025-11-18 11:08:31.106 +01:00 [INF] Executing endpoint 'HealthApp.Controllers.BookingController.Calendar (HealthApp)'
2025-11-18 11:08:31.106 +01:00 [INF] Route matched with {action = "Calendar", controller = "Booking", page = "", area = ""}. Executing controller action with signature System.Threading.Tasks.Task`1[Microsoft.AspNetCore.Mvc.IActionResult] Calendar(System.Nullable`1[System.Int32], System.Nullable`1[System.Int32]) on controller HealthApp.Controllers.BookingController (HealthApp).
2025-11-18 11:08:31.113 +01:00 [INF] This is an information messeage
2025-11-18 11:08:31.114 +01:00 [WRN] This is a warning message
2025-11-18 11:08:31.117 +01:00 [ERR] This is an error message
2025-11-18 11:08:31.141 +01:00 [INF] Executing ViewResult, running view Calendar.
2025-11-18 11:08:31.148 +01:00 [INF] Executed ViewResult - view Calendar executed in 7.5253ms.
2025-11-18 11:08:31.148 +01:00 [INF] Executed action HealthApp.Controllers.BookingController.Calendar (HealthApp) in 42.3665ms
2025-11-18 11:08:31.149 +01:00 [INF] Executed endpoint 'HealthApp.Controllers.BookingController.Calendar (HealthApp)'
2025-11-18 11:08:31.149 +01:00 [INF] Request finished HTTP/1.1 GET http://localhost:5257/Booking/Calendar - 200 null text/html; charset=utf-8 43.9806ms
2025-11-18 11:08:31.202 +01:00 [INF] Request starting HTTP/1.1 GET http://localhost:5257/lib/jquery-validate/jquery.validate.js - null null
2025-11-18 11:08:31.203 +01:00 [INF] Request finished HTTP/1.1 GET http://localhost:5257/lib/jquery-validate/jquery.validate.js - 404 0 null 0.8299ms
2025-11-18 11:08:31.203 +01:00 [INF] Request reached the end of the middleware pipeline without being handled by application code. Request path: GET http://localhost:5257/lib/jquery-validate/jquery.validate.js, Response status code: 404
2025-11-18 11:08:31.210 +01:00 [INF] Request starting HTTP/1.1 GET http://localhost:5257/lib/jquery-validation-unbtrusive/jquery.validate.unobtrusive.js - null null
2025-11-18 11:08:31.210 +01:00 [INF] Request finished HTTP/1.1 GET http://localhost:5257/lib/jquery-validation-unbtrusive/jquery.validate.unobtrusive.js - 404 0 null 0.9727ms
2025-11-18 11:08:31.211 +01:00 [INF] Request reached the end of the middleware pipeline without being handled by application code. Request path: GET http://localhost:5257/lib/jquery-validation-unbtrusive/jquery.validate.unobtrusive.js, Response status code: 404
2025-11-18 11:08:33.732 +01:00 [INF] Request starting HTTP/1.1 GET http://localhost:5257/Booking/Update/23 - null null
2025-11-18 11:08:33.736 +01:00 [INF] Authorization failed. These requirements were not met:
DenyAnonymousAuthorizationRequirement: Requires an authenticated user.
2025-11-18 11:08:33.737 +01:00 [INF] AuthenticationScheme: Identity.Application was challenged.
2025-11-18 11:08:33.737 +01:00 [INF] Request finished HTTP/1.1 GET http://localhost:5257/Booking/Update/23 - 302 0 null 5.1499ms
2025-11-18 11:08:33.748 +01:00 [INF] Request starting HTTP/1.1 GET http://localhost:5257/Identity/Account/Login?ReturnUrl=%2FBooking%2FUpdate%2F23 - null null
2025-11-18 11:08:33.749 +01:00 [INF] Executing endpoint '/Account/Login'
2025-11-18 11:08:33.750 +01:00 [INF] Route matched with {page = "/Account/Login", area = "Identity", action = "", controller = ""}. Executing page /Account/Login
2025-11-18 11:08:33.753 +01:00 [INF] Executing handler method HealthApp.Areas.Identity.Pages.Account.LoginModel.OnGetAsync - ModelState is "Valid"
2025-11-18 11:08:33.754 +01:00 [INF] AuthenticationScheme: Identity.External signed out.
2025-11-18 11:08:33.754 +01:00 [INF] Executed handler method OnGetAsync, returned result .
2025-11-18 11:08:33.754 +01:00 [INF] Executing an implicit handler method - ModelState is "Valid"
2025-11-18 11:08:33.754 +01:00 [INF] Executed an implicit handler method, returned result Microsoft.AspNetCore.Mvc.RazorPages.PageResult.
2025-11-18 11:08:33.762 +01:00 [INF] Executed page /Account/Login in 11.703ms
2025-11-18 11:08:33.762 +01:00 [INF] Executed endpoint '/Account/Login'
2025-11-18 11:08:33.762 +01:00 [INF] Request finished HTTP/1.1 GET http://localhost:5257/Identity/Account/Login?ReturnUrl=%2FBooking%2FUpdate%2F23 - 200 null text/html; charset=utf-8 14.0359ms
2025-11-18 11:08:33.830 +01:00 [INF] Request starting HTTP/1.1 GET http://localhost:5257/lib/jquery-validate/jquery.validate.js - null null
2025-11-18 11:08:33.830 +01:00 [INF] Request starting HTTP/1.1 GET http://localhost:5257/lib/jquery-validation-unbtrusive/jquery.validate.unobtrusive.js - null null
2025-11-18 11:08:33.831 +01:00 [INF] Request starting HTTP/1.1 GET http://localhost:5257/lib/jquery-validation/dist/jquery.validate.min.js - null null
2025-11-18 11:08:33.831 +01:00 [INF] Request starting HTTP/1.1 GET http://localhost:5257/lib/jquery-validation-unobtrusive/jquery.validate.unobtrusive.min.js - null null
2025-11-18 11:08:33.832 +01:00 [INF] Request finished HTTP/1.1 GET http://localhost:5257/lib/jquery-validation-unbtrusive/jquery.validate.unobtrusive.js - 404 0 null 2.0756ms
2025-11-18 11:08:33.832 +01:00 [INF] Request finished HTTP/1.1 GET http://localhost:5257/lib/jquery-validation-unobtrusive/jquery.validate.unobtrusive.min.js - 404 0 null 1.2981ms
2025-11-18 11:08:33.832 +01:00 [INF] Request finished HTTP/1.1 GET http://localhost:5257/lib/jquery-validation/dist/jquery.validate.min.js - 404 0 null 1.7439ms
2025-11-18 11:08:33.832 +01:00 [INF] Request finished HTTP/1.1 GET http://localhost:5257/lib/jquery-validate/jquery.validate.js - 404 0 null 2.3393ms
2025-11-18 11:08:33.833 +01:00 [INF] Request reached the end of the middleware pipeline without being handled by application code. Request path: GET http://localhost:5257/lib/jquery-validate/jquery.validate.js, Response status code: 404
2025-11-18 11:08:33.832 +01:00 [INF] Request reached the end of the middleware pipeline without being handled by application code. Request path: GET http://localhost:5257/lib/jquery-validation-unbtrusive/jquery.validate.unobtrusive.js, Response status code: 404
2025-11-18 11:08:33.833 +01:00 [INF] Request reached the end of the middleware pipeline without being handled by application code. Request path: GET http://localhost:5257/lib/jquery-validation-unobtrusive/jquery.validate.unobtrusive.min.js, Response status code: 404
2025-11-18 11:08:33.833 +01:00 [INF] Request reached the end of the middleware pipeline without being handled by application code. Request path: GET http://localhost:5257/lib/jquery-validation/dist/jquery.validate.min.js, Response status code: 404
2025-11-18 11:08:38.394 +01:00 [INF] Request starting HTTP/1.1 GET http://localhost:5257/Booking/Calendar - null null
2025-11-18 11:08:38.395 +01:00 [INF] Executing endpoint 'HealthApp.Controllers.BookingController.Calendar (HealthApp)'
2025-11-18 11:08:38.395 +01:00 [INF] Route matched with {action = "Calendar", controller = "Booking", page = "", area = ""}. Executing controller action with signature System.Threading.Tasks.Task`1[Microsoft.AspNetCore.Mvc.IActionResult] Calendar(System.Nullable`1[System.Int32], System.Nullable`1[System.Int32]) on controller HealthApp.Controllers.BookingController (HealthApp).
2025-11-18 11:08:38.399 +01:00 [INF] This is an information messeage
2025-11-18 11:08:38.399 +01:00 [WRN] This is a warning message
2025-11-18 11:08:38.400 +01:00 [ERR] This is an error message
2025-11-18 11:08:38.412 +01:00 [INF] Executing ViewResult, running view Calendar.
2025-11-18 11:08:38.425 +01:00 [INF] Executed ViewResult - view Calendar executed in 13.3117ms.
2025-11-18 11:08:38.425 +01:00 [INF] Executed action HealthApp.Controllers.BookingController.Calendar (HealthApp) in 30.22ms
2025-11-18 11:08:38.425 +01:00 [INF] Executed endpoint 'HealthApp.Controllers.BookingController.Calendar (HealthApp)'
2025-11-18 11:08:38.463 +01:00 [INF] Request finished HTTP/1.1 GET http://localhost:5257/Booking/Calendar - 200 null text/html; charset=utf-8 68.7307ms
2025-11-18 11:08:38.475 +01:00 [INF] Request starting HTTP/1.1 GET http://localhost:5257/lib/jquery-validate/jquery.validate.js - null null
2025-11-18 11:08:38.476 +01:00 [INF] Request finished HTTP/1.1 GET http://localhost:5257/lib/jquery-validate/jquery.validate.js - 404 0 null 1.0833ms
2025-11-18 11:08:38.476 +01:00 [INF] Request reached the end of the middleware pipeline without being handled by application code. Request path: GET http://localhost:5257/lib/jquery-validate/jquery.validate.js, Response status code: 404
2025-11-18 11:08:38.476 +01:00 [INF] Request starting HTTP/1.1 GET http://localhost:5257/lib/jquery-validation-unbtrusive/jquery.validate.unobtrusive.js - null null
2025-11-18 11:08:38.477 +01:00 [INF] Request finished HTTP/1.1 GET http://localhost:5257/lib/jquery-validation-unbtrusive/jquery.validate.unobtrusive.js - 404 0 null 0.4444ms
2025-11-18 11:08:38.477 +01:00 [INF] Request reached the end of the middleware pipeline without being handled by application code. Request path: GET http://localhost:5257/lib/jquery-validation-unbtrusive/jquery.validate.unobtrusive.js, Response status code: 404
2025-11-18 11:08:46.320 +01:00 [INF] Request starting HTTP/1.1 GET http://localhost:5257/Booking/Delete/23 - null null
2025-11-18 11:08:46.321 +01:00 [INF] Authorization failed. These requirements were not met:
DenyAnonymousAuthorizationRequirement: Requires an authenticated user.
2025-11-18 11:08:46.321 +01:00 [INF] AuthenticationScheme: Identity.Application was challenged.
2025-11-18 11:08:46.322 +01:00 [INF] Request finished HTTP/1.1 GET http://localhost:5257/Booking/Delete/23 - 302 0 null 1.5733ms
2025-11-18 11:08:46.337 +01:00 [INF] Request starting HTTP/1.1 GET http://localhost:5257/Identity/Account/Login?ReturnUrl=%2FBooking%2FDelete%2F23 - null null
2025-11-18 11:08:46.337 +01:00 [INF] Executing endpoint '/Account/Login'
2025-11-18 11:08:46.339 +01:00 [INF] Route matched with {page = "/Account/Login", area = "Identity", action = "", controller = ""}. Executing page /Account/Login
2025-11-18 11:08:46.343 +01:00 [INF] Executing handler method HealthApp.Areas.Identity.Pages.Account.LoginModel.OnGetAsync - ModelState is "Valid"
2025-11-18 11:08:46.343 +01:00 [INF] AuthenticationScheme: Identity.External signed out.
2025-11-18 11:08:46.343 +01:00 [INF] Executed handler method OnGetAsync, returned result .
2025-11-18 11:08:46.344 +01:00 [INF] Executing an implicit handler method - ModelState is "Valid"
2025-11-18 11:08:46.344 +01:00 [INF] Executed an implicit handler method, returned result Microsoft.AspNetCore.Mvc.RazorPages.PageResult.
2025-11-18 11:08:46.350 +01:00 [INF] Executed page /Account/Login in 9.9039ms
2025-11-18 11:08:46.350 +01:00 [INF] Executed endpoint '/Account/Login'
2025-11-18 11:08:46.351 +01:00 [INF] Request finished HTTP/1.1 GET http://localhost:5257/Identity/Account/Login?ReturnUrl=%2FBooking%2FDelete%2F23 - 200 null text/html; charset=utf-8 13.6341ms
2025-11-18 11:08:46.403 +01:00 [INF] Request starting HTTP/1.1 GET http://localhost:5257/lib/jquery-validate/jquery.validate.js - null null
2025-11-18 11:08:46.404 +01:00 [INF] Request finished HTTP/1.1 GET http://localhost:5257/lib/jquery-validate/jquery.validate.js - 404 0 null 0.7509ms
2025-11-18 11:08:46.404 +01:00 [INF] Request reached the end of the middleware pipeline without being handled by application code. Request path: GET http://localhost:5257/lib/jquery-validate/jquery.validate.js, Response status code: 404
2025-11-18 11:08:46.412 +01:00 [INF] Request starting HTTP/1.1 GET http://localhost:5257/lib/jquery-validation-unbtrusive/jquery.validate.unobtrusive.js - null null
2025-11-18 11:08:46.413 +01:00 [INF] Request finished HTTP/1.1 GET http://localhost:5257/lib/jquery-validation-unbtrusive/jquery.validate.unobtrusive.js - 404 0 null 0.7644ms
2025-11-18 11:08:46.413 +01:00 [INF] Request reached the end of the middleware pipeline without being handled by application code. Request path: GET http://localhost:5257/lib/jquery-validation-unbtrusive/jquery.validate.unobtrusive.js, Response status code: 404
2025-11-18 11:08:46.419 +01:00 [INF] Request starting HTTP/1.1 GET http://localhost:5257/lib/jquery-validation/dist/jquery.validate.min.js - null null
2025-11-18 11:08:46.419 +01:00 [INF] Request starting HTTP/1.1 GET http://localhost:5257/lib/jquery-validation-unobtrusive/jquery.validate.unobtrusive.min.js - null null
2025-11-18 11:08:46.420 +01:00 [INF] Request finished HTTP/1.1 GET http://localhost:5257/lib/jquery-validation-unobtrusive/jquery.validate.unobtrusive.min.js - 404 0 null 1.1563ms
2025-11-18 11:08:46.420 +01:00 [INF] Request reached the end of the middleware pipeline without being handled by application code. Request path: GET http://localhost:5257/lib/jquery-validation-unobtrusive/jquery.validate.unobtrusive.min.js, Response status code: 404
2025-11-18 11:08:46.421 +01:00 [INF] Request finished HTTP/1.1 GET http://localhost:5257/lib/jquery-validation/dist/jquery.validate.min.js - 404 0 null 1.5257ms
2025-11-18 11:08:46.421 +01:00 [INF] Request reached the end of the middleware pipeline without being handled by application code. Request path: GET http://localhost:5257/lib/jquery-validation/dist/jquery.validate.min.js, Response status code: 404
2025-11-18 11:08:47.952 +01:00 [INF] Request starting HTTP/1.1 GET http://localhost:5257/Booking/Calendar - null null
2025-11-18 11:08:47.953 +01:00 [INF] Executing endpoint 'HealthApp.Controllers.BookingController.Calendar (HealthApp)'
2025-11-18 11:08:47.953 +01:00 [INF] Route matched with {action = "Calendar", controller = "Booking", page = "", area = ""}. Executing controller action with signature System.Threading.Tasks.Task`1[Microsoft.AspNetCore.Mvc.IActionResult] Calendar(System.Nullable`1[System.Int32], System.Nullable`1[System.Int32]) on controller HealthApp.Controllers.BookingController (HealthApp).
2025-11-18 11:08:47.955 +01:00 [INF] This is an information messeage
2025-11-18 11:08:47.956 +01:00 [WRN] This is a warning message
2025-11-18 11:08:47.956 +01:00 [ERR] This is an error message
2025-11-18 11:08:47.958 +01:00 [INF] Executing ViewResult, running view Calendar.
2025-11-18 11:08:47.960 +01:00 [INF] Executed ViewResult - view Calendar executed in 1.5125ms.
2025-11-18 11:08:47.960 +01:00 [INF] Executed action HealthApp.Controllers.BookingController.Calendar (HealthApp) in 7.2917ms
2025-11-18 11:08:47.960 +01:00 [INF] Executed endpoint 'HealthApp.Controllers.BookingController.Calendar (HealthApp)'
2025-11-18 11:08:47.961 +01:00 [INF] Request finished HTTP/1.1 GET http://localhost:5257/Booking/Calendar - 200 null text/html; charset=utf-8 8.6582ms
2025-11-18 11:08:48.030 +01:00 [INF] Request starting HTTP/1.1 GET http://localhost:5257/lib/jquery-validate/jquery.validate.js - null null
2025-11-18 11:08:48.031 +01:00 [INF] Request finished HTTP/1.1 GET http://localhost:5257/lib/jquery-validate/jquery.validate.js - 404 0 null 0.7445ms
2025-11-18 11:08:48.031 +01:00 [INF] Request reached the end of the middleware pipeline without being handled by application code. Request path: GET http://localhost:5257/lib/jquery-validate/jquery.validate.js, Response status code: 404
2025-11-18 11:08:48.033 +01:00 [INF] Request starting HTTP/1.1 GET http://localhost:5257/lib/jquery-validation-unbtrusive/jquery.validate.unobtrusive.js - null null
2025-11-18 11:08:48.034 +01:00 [INF] Request finished HTTP/1.1 GET http://localhost:5257/lib/jquery-validation-unbtrusive/jquery.validate.unobtrusive.js - 404 0 null 1.1856ms
2025-11-18 11:08:48.034 +01:00 [INF] Request reached the end of the middleware pipeline without being handled by application code. Request path: GET http://localhost:5257/lib/jquery-validation-unbtrusive/jquery.validate.unobtrusive.js, Response status code: 404
2025-11-18 11:09:57.932 +01:00 [INF] Application is shutting down...
