2025-10-26 14:34:25.195 +01:00 [INF] User profile is available. Using 'C:\Users\stian\AppData\Local\ASP.NET\DataProtection-Keys' as key repository and Windows DPAPI to encrypt keys at rest.
2025-10-26 14:34:25.248 +01:00 [INF] Now listening on: http://localhost:5257
2025-10-26 14:34:25.251 +01:00 [INF] Application started. Press Ctrl+C to shut down.
2025-10-26 14:34:25.252 +01:00 [INF] Hosting environment: Development
2025-10-26 14:34:25.252 +01:00 [INF] Content root path: C:\Users\stian\Documents\IT\DAVE3625\health-app\HealthApp
2025-10-26 14:34:27.279 +01:00 [INF] Request starting HTTP/1.1 GET http://localhost:5257/ - null null
2025-10-26 14:34:27.300 +01:00 [INF] Executing endpoint 'HealthApp.Controllers.HomeController.Index (HealthApp)'
2025-10-26 14:34:27.324 +01:00 [INF] Route matched with {action = "Index", controller = "Home"}. Executing controller action with signature Microsoft.AspNetCore.Mvc.IActionResult Index() on controller HealthApp.Controllers.HomeController (HealthApp).
2025-10-26 14:34:27.334 +01:00 [INF] Executing ViewResult, running view Index.
2025-10-26 14:34:27.377 +01:00 [INF] Executed ViewResult - view Index executed in 44.3767ms.
2025-10-26 14:34:27.381 +01:00 [INF] Executed action HealthApp.Controllers.HomeController.Index (HealthApp) in 56.7871ms
2025-10-26 14:34:27.381 +01:00 [INF] Executed endpoint 'HealthApp.Controllers.HomeController.Index (HealthApp)'
2025-10-26 14:34:27.385 +01:00 [INF] Request finished HTTP/1.1 GET http://localhost:5257/ - 200 null text/html; charset=utf-8 106.3767ms
2025-10-26 14:34:27.400 +01:00 [INF] Request starting HTTP/1.1 GET http://localhost:5257/lib/jquery-validate/jquery.validate.js - null null
2025-10-26 14:34:27.402 +01:00 [INF] Request starting HTTP/1.1 GET http://localhost:5257/lib/jquery-validation-unbtrusive/jquery.validate.unobtrusive.js - null null
2025-10-26 14:34:27.404 +01:00 [INF] Request finished HTTP/1.1 GET http://localhost:5257/lib/jquery-validation-unbtrusive/jquery.validate.unobtrusive.js - 404 0 null 1.8414ms
2025-10-26 14:34:27.404 +01:00 [INF] Request finished HTTP/1.1 GET http://localhost:5257/lib/jquery-validate/jquery.validate.js - 404 0 null 4.9348ms
2025-10-26 14:34:27.405 +01:00 [INF] Request reached the end of the middleware pipeline without being handled by application code. Request path: GET http://localhost:5257/lib/jquery-validate/jquery.validate.js, Response status code: 404
2025-10-26 14:34:27.405 +01:00 [INF] Request reached the end of the middleware pipeline without being handled by application code. Request path: GET http://localhost:5257/lib/jquery-validation-unbtrusive/jquery.validate.unobtrusive.js, Response status code: 404
2025-10-26 14:34:28.753 +01:00 [INF] Request starting HTTP/1.1 GET http://localhost:5257/Booking/Calendar - null null
2025-10-26 14:34:28.755 +01:00 [INF] Executing endpoint 'HealthApp.Controllers.BookingController.Calendar (HealthApp)'
2025-10-26 14:34:28.765 +01:00 [INF] Route matched with {action = "Calendar", controller = "Booking"}. Executing controller action with signature System.Threading.Tasks.Task`1[Microsoft.AspNetCore.Mvc.IActionResult] Calendar(System.Nullable`1[System.Int32], System.Nullable`1[System.Int32]) on controller HealthApp.Controllers.BookingController (HealthApp).
2025-10-26 14:34:29.313 +01:00 [INF] This is an information messeage
2025-10-26 14:34:29.317 +01:00 [WRN] This is a warning message
2025-10-26 14:34:29.318 +01:00 [ERR] This is an error message
2025-10-26 14:34:29.591 +01:00 [INF] Executing ViewResult, running view Calendar.
2025-10-26 14:34:29.617 +01:00 [INF] Executed ViewResult - view Calendar executed in 26.4624ms.
2025-10-26 14:34:29.617 +01:00 [INF] Executed action HealthApp.Controllers.BookingController.Calendar (HealthApp) in 851.9243ms
2025-10-26 14:34:29.617 +01:00 [INF] Executed endpoint 'HealthApp.Controllers.BookingController.Calendar (HealthApp)'
2025-10-26 14:34:29.622 +01:00 [INF] Request finished HTTP/1.1 GET http://localhost:5257/Booking/Calendar - 200 null text/html; charset=utf-8 868.1607ms
2025-10-26 14:34:29.646 +01:00 [INF] Request starting HTTP/1.1 GET http://localhost:5257/lib/jquery-validate/jquery.validate.js - null null
2025-10-26 14:34:29.647 +01:00 [INF] Request finished HTTP/1.1 GET http://localhost:5257/lib/jquery-validate/jquery.validate.js - 404 0 null 0.7798ms
2025-10-26 14:34:29.648 +01:00 [INF] Request reached the end of the middleware pipeline without being handled by application code. Request path: GET http://localhost:5257/lib/jquery-validate/jquery.validate.js, Response status code: 404
2025-10-26 14:34:29.647 +01:00 [INF] Request starting HTTP/1.1 GET http://localhost:5257/lib/jquery-validation-unbtrusive/jquery.validate.unobtrusive.js - null null
2025-10-26 14:34:29.648 +01:00 [INF] Request finished HTTP/1.1 GET http://localhost:5257/lib/jquery-validation-unbtrusive/jquery.validate.unobtrusive.js - 404 0 null 0.7608ms
2025-10-26 14:34:29.648 +01:00 [INF] Request reached the end of the middleware pipeline without being handled by application code. Request path: GET http://localhost:5257/lib/jquery-validation-unbtrusive/jquery.validate.unobtrusive.js, Response status code: 404
2025-10-26 14:34:30.659 +01:00 [INF] Request starting HTTP/1.1 GET http://localhost:5257/Booking/Create - null null
2025-10-26 14:34:30.661 +01:00 [INF] Executing endpoint 'HealthApp.Controllers.BookingController.Create (HealthApp)'
2025-10-26 14:34:30.664 +01:00 [INF] Route matched with {action = "Create", controller = "Booking"}. Executing controller action with signature Microsoft.AspNetCore.Mvc.IActionResult Create() on controller HealthApp.Controllers.BookingController (HealthApp).
2025-10-26 14:34:30.688 +01:00 [INF] Executing ViewResult, running view Create.
2025-10-26 14:34:30.727 +01:00 [INF] Executed ViewResult - view Create executed in 39.1705ms.
2025-10-26 14:34:30.727 +01:00 [INF] Executed action HealthApp.Controllers.BookingController.Create (HealthApp) in 63.2725ms
2025-10-26 14:34:30.727 +01:00 [INF] Executed endpoint 'HealthApp.Controllers.BookingController.Create (HealthApp)'
2025-10-26 14:34:30.727 +01:00 [INF] Request finished HTTP/1.1 GET http://localhost:5257/Booking/Create - 200 null text/html; charset=utf-8 68.0091ms
2025-10-26 14:34:30.759 +01:00 [INF] Request starting HTTP/1.1 GET http://localhost:5257/lib/jquery-validate/jquery.validate.js - null null
2025-10-26 14:34:30.760 +01:00 [INF] Request finished HTTP/1.1 GET http://localhost:5257/lib/jquery-validate/jquery.validate.js - 404 0 null 0.5379ms
2025-10-26 14:34:30.760 +01:00 [INF] Request reached the end of the middleware pipeline without being handled by application code. Request path: GET http://localhost:5257/lib/jquery-validate/jquery.validate.js, Response status code: 404
2025-10-26 14:34:30.760 +01:00 [INF] Request starting HTTP/1.1 GET http://localhost:5257/lib/jquery-validation-unbtrusive/jquery.validate.unobtrusive.js - null null
2025-10-26 14:34:30.760 +01:00 [INF] Request finished HTTP/1.1 GET http://localhost:5257/lib/jquery-validation-unbtrusive/jquery.validate.unobtrusive.js - 404 0 null 0.2588ms
2025-10-26 14:34:30.760 +01:00 [INF] Request reached the end of the middleware pipeline without being handled by application code. Request path: GET http://localhost:5257/lib/jquery-validation-unbtrusive/jquery.validate.unobtrusive.js, Response status code: 404
2025-10-26 14:34:44.232 +01:00 [INF] Request starting HTTP/1.1 POST http://localhost:5257/Booking/Create - application/x-www-form-urlencoded 309
2025-10-26 14:34:44.233 +01:00 [INF] Executing endpoint 'HealthApp.Controllers.BookingController.Create (HealthApp)'
2025-10-26 14:34:44.255 +01:00 [INF] Route matched with {action = "Create", controller = "Booking"}. Executing controller action with signature System.Threading.Tasks.Task`1[Microsoft.AspNetCore.Mvc.IActionResult] Create(HealthApp.Models.Booking) on controller HealthApp.Controllers.BookingController (HealthApp).
2025-10-26 14:34:44.428 +01:00 [WRN] [BookingController] Booking creation failed {"BookingId":0,"Description":"lol","Date":"2025-10-11T11:30:00.0000000","PatientId":1,"Patient":null,"EmployeeId":1,"Employee":null,"$type":"Booking"}
2025-10-26 14:34:44.430 +01:00 [INF] Executing ViewResult, running view Create.
2025-10-26 14:34:44.445 +01:00 [INF] Executed ViewResult - view Create executed in 15.2252ms.
2025-10-26 14:34:44.446 +01:00 [INF] Executed action HealthApp.Controllers.BookingController.Create (HealthApp) in 190.698ms
2025-10-26 14:34:44.446 +01:00 [INF] Executed endpoint 'HealthApp.Controllers.BookingController.Create (HealthApp)'
2025-10-26 14:34:44.446 +01:00 [INF] Request finished HTTP/1.1 POST http://localhost:5257/Booking/Create - 200 null text/html; charset=utf-8 213.6141ms
2025-10-26 14:34:44.486 +01:00 [INF] Request starting HTTP/1.1 GET http://localhost:5257/lib/jquery-validate/jquery.validate.js - null null
2025-10-26 14:34:44.487 +01:00 [INF] Request finished HTTP/1.1 GET http://localhost:5257/lib/jquery-validate/jquery.validate.js - 404 0 null 1.1015ms
2025-10-26 14:34:44.488 +01:00 [INF] Request starting HTTP/1.1 GET http://localhost:5257/lib/jquery-validation-unbtrusive/jquery.validate.unobtrusive.js - null null
2025-10-26 14:34:44.488 +01:00 [INF] Request reached the end of the middleware pipeline without being handled by application code. Request path: GET http://localhost:5257/lib/jquery-validate/jquery.validate.js, Response status code: 404
2025-10-26 14:34:44.489 +01:00 [INF] Request finished HTTP/1.1 GET http://localhost:5257/lib/jquery-validation-unbtrusive/jquery.validate.unobtrusive.js - 404 0 null 2.0932ms
2025-10-26 14:34:44.490 +01:00 [INF] Request reached the end of the middleware pipeline without being handled by application code. Request path: GET http://localhost:5257/lib/jquery-validation-unbtrusive/jquery.validate.unobtrusive.js, Response status code: 404
2025-10-26 14:38:49.670 +01:00 [INF] Application is shutting down...
