2025-10-26 14:50:19.172 +01:00 [INF] User profile is available. Using 'C:\Users\stian\AppData\Local\ASP.NET\DataProtection-Keys' as key repository and Windows DPAPI to encrypt keys at rest.
2025-10-26 14:50:19.255 +01:00 [INF] Now listening on: http://localhost:5257
2025-10-26 14:50:19.261 +01:00 [INF] Application started. Press Ctrl+C to shut down.
2025-10-26 14:50:19.262 +01:00 [INF] Hosting environment: Development
2025-10-26 14:50:19.262 +01:00 [INF] Content root path: C:\Users\stian\Documents\IT\DAVE3625\health-app\HealthApp
2025-10-26 14:50:21.148 +01:00 [INF] Request starting HTTP/1.1 GET http://localhost:5257/ - null null
2025-10-26 14:50:21.189 +01:00 [INF] Executing endpoint 'HealthApp.Controllers.HomeController.Index (HealthApp)'
2025-10-26 14:50:21.227 +01:00 [INF] Route matched with {action = "Index", controller = "Home"}. Executing controller action with signature Microsoft.AspNetCore.Mvc.IActionResult Index() on controller HealthApp.Controllers.HomeController (HealthApp).
2025-10-26 14:50:21.242 +01:00 [INF] Executing ViewResult, running view Index.
2025-10-26 14:50:21.305 +01:00 [INF] Executed ViewResult - view Index executed in 63.9297ms.
2025-10-26 14:50:21.311 +01:00 [INF] Executed action HealthApp.Controllers.HomeController.Index (HealthApp) in 83.1034ms
2025-10-26 14:50:21.311 +01:00 [INF] Executed endpoint 'HealthApp.Controllers.HomeController.Index (HealthApp)'
2025-10-26 14:50:21.315 +01:00 [INF] Request finished HTTP/1.1 GET http://localhost:5257/ - 200 null text/html; charset=utf-8 168.7041ms
2025-10-26 14:50:21.323 +01:00 [INF] Request starting HTTP/1.1 GET http://localhost:5257/lib/jquery-validation-unbtrusive/jquery.validate.unobtrusive.js - null null
2025-10-26 14:50:21.323 +01:00 [INF] Request starting HTTP/1.1 GET http://localhost:5257/lib/jquery-validate/jquery.validate.js - null null
2025-10-26 14:50:21.328 +01:00 [INF] Request finished HTTP/1.1 GET http://localhost:5257/lib/jquery-validate/jquery.validate.js - 404 0 null 5.398ms
2025-10-26 14:50:21.329 +01:00 [INF] Request finished HTTP/1.1 GET http://localhost:5257/lib/jquery-validation-unbtrusive/jquery.validate.unobtrusive.js - 404 0 null 7.1977ms
2025-10-26 14:50:21.330 +01:00 [INF] Request reached the end of the middleware pipeline without being handled by application code. Request path: GET http://localhost:5257/lib/jquery-validate/jquery.validate.js, Response status code: 404
2025-10-26 14:50:21.330 +01:00 [INF] Request reached the end of the middleware pipeline without being handled by application code. Request path: GET http://localhost:5257/lib/jquery-validation-unbtrusive/jquery.validate.unobtrusive.js, Response status code: 404
2025-10-26 14:50:22.524 +01:00 [INF] Request starting HTTP/1.1 GET http://localhost:5257/Booking/Calendar - null null
2025-10-26 14:50:22.526 +01:00 [INF] Executing endpoint 'HealthApp.Controllers.BookingController.Calendar (HealthApp)'
2025-10-26 14:50:22.541 +01:00 [INF] Route matched with {action = "Calendar", controller = "Booking"}. Executing controller action with signature System.Threading.Tasks.Task`1[Microsoft.AspNetCore.Mvc.IActionResult] Calendar(System.Nullable`1[System.Int32], System.Nullable`1[System.Int32]) on controller HealthApp.Controllers.BookingController (HealthApp).
2025-10-26 14:50:23.335 +01:00 [INF] This is an information messeage
2025-10-26 14:50:23.339 +01:00 [WRN] This is a warning message
2025-10-26 14:50:23.340 +01:00 [ERR] This is an error message
2025-10-26 14:50:23.828 +01:00 [INF] Executing ViewResult, running view Calendar.
2025-10-26 14:50:23.865 +01:00 [INF] Executed ViewResult - view Calendar executed in 38.0001ms.
2025-10-26 14:50:23.865 +01:00 [INF] Executed action HealthApp.Controllers.BookingController.Calendar (HealthApp) in 1323.5833ms
2025-10-26 14:50:23.865 +01:00 [INF] Executed endpoint 'HealthApp.Controllers.BookingController.Calendar (HealthApp)'
2025-10-26 14:50:23.880 +01:00 [INF] Request finished HTTP/1.1 GET http://localhost:5257/Booking/Calendar - 200 null text/html; charset=utf-8 1355.4834ms
2025-10-26 14:50:23.911 +01:00 [INF] Request starting HTTP/1.1 GET http://localhost:5257/lib/jquery-validate/jquery.validate.js - null null
2025-10-26 14:50:23.913 +01:00 [INF] Request finished HTTP/1.1 GET http://localhost:5257/lib/jquery-validate/jquery.validate.js - 404 0 null 2.2187ms
2025-10-26 14:50:23.914 +01:00 [INF] Request reached the end of the middleware pipeline without being handled by application code. Request path: GET http://localhost:5257/lib/jquery-validate/jquery.validate.js, Response status code: 404
2025-10-26 14:50:23.915 +01:00 [INF] Request starting HTTP/1.1 GET http://localhost:5257/lib/jquery-validation-unbtrusive/jquery.validate.unobtrusive.js - null null
2025-10-26 14:50:23.916 +01:00 [INF] Request finished HTTP/1.1 GET http://localhost:5257/lib/jquery-validation-unbtrusive/jquery.validate.unobtrusive.js - 404 0 null 0.9671ms
2025-10-26 14:50:23.916 +01:00 [INF] Request reached the end of the middleware pipeline without being handled by application code. Request path: GET http://localhost:5257/lib/jquery-validation-unbtrusive/jquery.validate.unobtrusive.js, Response status code: 404
2025-10-26 14:50:26.346 +01:00 [INF] Request starting HTTP/1.1 GET http://localhost:5257/Booking/Update/19 - null null
2025-10-26 14:50:26.349 +01:00 [INF] Executing endpoint 'HealthApp.Controllers.BookingController.Update (HealthApp)'
2025-10-26 14:50:26.358 +01:00 [INF] Route matched with {action = "Update", controller = "Booking"}. Executing controller action with signature System.Threading.Tasks.Task`1[Microsoft.AspNetCore.Mvc.IActionResult] Update(Int32) on controller HealthApp.Controllers.BookingController (HealthApp).
2025-10-26 14:50:26.451 +01:00 [INF] Executing ViewResult, running view Update.
2025-10-26 14:50:26.519 +01:00 [INF] Executed ViewResult - view Update executed in 69.1156ms.
2025-10-26 14:50:26.519 +01:00 [INF] Executed action HealthApp.Controllers.BookingController.Update (HealthApp) in 161.1065ms
2025-10-26 14:50:26.519 +01:00 [INF] Executed endpoint 'HealthApp.Controllers.BookingController.Update (HealthApp)'
2025-10-26 14:50:26.520 +01:00 [INF] Request finished HTTP/1.1 GET http://localhost:5257/Booking/Update/19 - 200 null text/html; charset=utf-8 174.0762ms
2025-10-26 14:50:26.571 +01:00 [INF] Request starting HTTP/1.1 GET http://localhost:5257/lib/jquery-validate/jquery.validate.js - null null
2025-10-26 14:50:26.573 +01:00 [INF] Request finished HTTP/1.1 GET http://localhost:5257/lib/jquery-validate/jquery.validate.js - 404 0 null 1.5278ms
2025-10-26 14:50:26.574 +01:00 [INF] Request reached the end of the middleware pipeline without being handled by application code. Request path: GET http://localhost:5257/lib/jquery-validate/jquery.validate.js, Response status code: 404
2025-10-26 14:50:26.574 +01:00 [INF] Request starting HTTP/1.1 GET http://localhost:5257/lib/jquery-validation-unbtrusive/jquery.validate.unobtrusive.js - null null
2025-10-26 14:50:26.575 +01:00 [INF] Request finished HTTP/1.1 GET http://localhost:5257/lib/jquery-validation-unbtrusive/jquery.validate.unobtrusive.js - 404 0 null 0.9557ms
2025-10-26 14:50:26.575 +01:00 [INF] Request reached the end of the middleware pipeline without being handled by application code. Request path: GET http://localhost:5257/lib/jquery-validation-unbtrusive/jquery.validate.unobtrusive.js, Response status code: 404
2025-10-26 14:50:51.179 +01:00 [INF] Request starting HTTP/1.1 POST http://localhost:5257/Booking/Update/19 - application/x-www-form-urlencoded 525
2025-10-26 14:50:51.180 +01:00 [INF] Executing endpoint 'HealthApp.Controllers.BookingController.Update (HealthApp)'
2025-10-26 14:50:51.195 +01:00 [INF] Route matched with {action = "Update", controller = "Booking"}. Executing controller action with signature System.Threading.Tasks.Task`1[Microsoft.AspNetCore.Mvc.IActionResult] Update(HealthApp.Models.Booking) on controller HealthApp.Controllers.BookingController (HealthApp).
2025-10-26 14:50:51.439 +01:00 [INF] Executing RedirectResult, redirecting to /Booking/Calendar.
2025-10-26 14:50:51.439 +01:00 [INF] Executed action HealthApp.Controllers.BookingController.Update (HealthApp) in 243.57ms
2025-10-26 14:50:51.440 +01:00 [INF] Executed endpoint 'HealthApp.Controllers.BookingController.Update (HealthApp)'
2025-10-26 14:50:51.440 +01:00 [INF] Request finished HTTP/1.1 POST http://localhost:5257/Booking/Update/19 - 302 0 null 260.5172ms
2025-10-26 14:50:51.445 +01:00 [INF] Request starting HTTP/1.1 GET http://localhost:5257/Booking/Calendar - null null
2025-10-26 14:50:51.445 +01:00 [INF] Executing endpoint 'HealthApp.Controllers.BookingController.Calendar (HealthApp)'
2025-10-26 14:50:51.446 +01:00 [INF] Route matched with {action = "Calendar", controller = "Booking"}. Executing controller action with signature System.Threading.Tasks.Task`1[Microsoft.AspNetCore.Mvc.IActionResult] Calendar(System.Nullable`1[System.Int32], System.Nullable`1[System.Int32]) on controller HealthApp.Controllers.BookingController (HealthApp).
2025-10-26 14:50:51.449 +01:00 [INF] This is an information messeage
2025-10-26 14:50:51.452 +01:00 [WRN] This is a warning message
2025-10-26 14:50:51.453 +01:00 [ERR] This is an error message
2025-10-26 14:50:51.459 +01:00 [INF] Executing ViewResult, running view Calendar.
2025-10-26 14:50:51.462 +01:00 [INF] Executed ViewResult - view Calendar executed in 2.4378ms.
2025-10-26 14:50:51.462 +01:00 [INF] Executed action HealthApp.Controllers.BookingController.Calendar (HealthApp) in 16.0174ms
2025-10-26 14:50:51.462 +01:00 [INF] Executed endpoint 'HealthApp.Controllers.BookingController.Calendar (HealthApp)'
2025-10-26 14:50:51.462 +01:00 [INF] Request finished HTTP/1.1 GET http://localhost:5257/Booking/Calendar - 200 null text/html; charset=utf-8 16.9909ms
2025-10-26 14:50:51.516 +01:00 [INF] Request starting HTTP/1.1 GET http://localhost:5257/lib/jquery-validate/jquery.validate.js - null null
2025-10-26 14:50:51.517 +01:00 [INF] Request finished HTTP/1.1 GET http://localhost:5257/lib/jquery-validate/jquery.validate.js - 404 0 null 0.8051ms
2025-10-26 14:50:51.517 +01:00 [INF] Request reached the end of the middleware pipeline without being handled by application code. Request path: GET http://localhost:5257/lib/jquery-validate/jquery.validate.js, Response status code: 404
2025-10-26 14:50:51.523 +01:00 [INF] Request starting HTTP/1.1 GET http://localhost:5257/lib/jquery-validation-unbtrusive/jquery.validate.unobtrusive.js - null null
2025-10-26 14:50:51.524 +01:00 [INF] Request finished HTTP/1.1 GET http://localhost:5257/lib/jquery-validation-unbtrusive/jquery.validate.unobtrusive.js - 404 0 null 1.0299ms
2025-10-26 14:50:51.524 +01:00 [INF] Request reached the end of the middleware pipeline without being handled by application code. Request path: GET http://localhost:5257/lib/jquery-validation-unbtrusive/jquery.validate.unobtrusive.js, Response status code: 404
2025-10-26 14:50:59.808 +01:00 [INF] Request starting HTTP/1.1 GET http://localhost:5257/Booking/Update/19 - null null
2025-10-26 14:50:59.808 +01:00 [INF] Executing endpoint 'HealthApp.Controllers.BookingController.Update (HealthApp)'
2025-10-26 14:50:59.808 +01:00 [INF] Route matched with {action = "Update", controller = "Booking"}. Executing controller action with signature System.Threading.Tasks.Task`1[Microsoft.AspNetCore.Mvc.IActionResult] Update(Int32) on controller HealthApp.Controllers.BookingController (HealthApp).
2025-10-26 14:50:59.825 +01:00 [INF] Executing ViewResult, running view Update.
2025-10-26 14:50:59.854 +01:00 [INF] Executed ViewResult - view Update executed in 29.6056ms.
2025-10-26 14:50:59.854 +01:00 [INF] Executed action HealthApp.Controllers.BookingController.Update (HealthApp) in 46.1494ms
2025-10-26 14:50:59.855 +01:00 [INF] Executed endpoint 'HealthApp.Controllers.BookingController.Update (HealthApp)'
2025-10-26 14:50:59.855 +01:00 [INF] Request finished HTTP/1.1 GET http://localhost:5257/Booking/Update/19 - 200 null text/html; charset=utf-8 47.3588ms
2025-10-26 14:50:59.903 +01:00 [INF] Request starting HTTP/1.1 GET http://localhost:5257/lib/jquery-validate/jquery.validate.js - null null
2025-10-26 14:50:59.903 +01:00 [INF] Request starting HTTP/1.1 GET http://localhost:5257/lib/jquery-validation-unbtrusive/jquery.validate.unobtrusive.js - null null
2025-10-26 14:50:59.904 +01:00 [INF] Request finished HTTP/1.1 GET http://localhost:5257/lib/jquery-validation-unbtrusive/jquery.validate.unobtrusive.js - 404 0 null 0.6655ms
2025-10-26 14:50:59.904 +01:00 [INF] Request reached the end of the middleware pipeline without being handled by application code. Request path: GET http://localhost:5257/lib/jquery-validation-unbtrusive/jquery.validate.unobtrusive.js, Response status code: 404
2025-10-26 14:50:59.904 +01:00 [INF] Request finished HTTP/1.1 GET http://localhost:5257/lib/jquery-validate/jquery.validate.js - 404 0 null 0.7211ms
2025-10-26 14:50:59.904 +01:00 [INF] Request reached the end of the middleware pipeline without being handled by application code. Request path: GET http://localhost:5257/lib/jquery-validate/jquery.validate.js, Response status code: 404
2025-10-26 14:51:28.182 +01:00 [INF] Application is shutting down...
