2025-10-26 14:45:28.131 +01:00 [INF] User profile is available. Using 'C:\Users\stian\AppData\Local\ASP.NET\DataProtection-Keys' as key repository and Windows DPAPI to encrypt keys at rest.
2025-10-26 14:45:28.216 +01:00 [INF] Now listening on: http://localhost:5257
2025-10-26 14:45:28.221 +01:00 [INF] Application started. Press Ctrl+C to shut down.
2025-10-26 14:45:28.222 +01:00 [INF] Hosting environment: Development
2025-10-26 14:45:28.223 +01:00 [INF] Content root path: C:\Users\stian\Documents\IT\DAVE3625\health-app\HealthApp
2025-10-26 14:45:30.706 +01:00 [INF] Request starting HTTP/1.1 GET http://localhost:5257/ - null null
2025-10-26 14:45:30.742 +01:00 [INF] Executing endpoint 'HealthApp.Controllers.HomeController.Index (HealthApp)'
2025-10-26 14:45:30.784 +01:00 [INF] Route matched with {action = "Index", controller = "Home"}. Executing controller action with signature Microsoft.AspNetCore.Mvc.IActionResult Index() on controller HealthApp.Controllers.HomeController (HealthApp).
2025-10-26 14:45:30.804 +01:00 [INF] Executing ViewResult, running view Index.
2025-10-26 14:45:30.881 +01:00 [INF] Executed ViewResult - view Index executed in 80.0947ms.
2025-10-26 14:45:30.887 +01:00 [INF] Executed action HealthApp.Controllers.HomeController.Index (HealthApp) in 102.9397ms
2025-10-26 14:45:30.888 +01:00 [INF] Executed endpoint 'HealthApp.Controllers.HomeController.Index (HealthApp)'
2025-10-26 14:45:30.893 +01:00 [INF] Request finished HTTP/1.1 GET http://localhost:5257/ - 200 null text/html; charset=utf-8 189.9008ms
2025-10-26 14:45:30.916 +01:00 [INF] Request starting HTTP/1.1 GET http://localhost:5257/lib/jquery-validation-unbtrusive/jquery.validate.unobtrusive.js - null null
2025-10-26 14:45:30.916 +01:00 [INF] Request starting HTTP/1.1 GET http://localhost:5257/lib/jquery-validate/jquery.validate.js - null null
2025-10-26 14:45:30.920 +01:00 [INF] Request finished HTTP/1.1 GET http://localhost:5257/lib/jquery-validation-unbtrusive/jquery.validate.unobtrusive.js - 404 0 null 5.1496ms
2025-10-26 14:45:30.920 +01:00 [INF] Request finished HTTP/1.1 GET http://localhost:5257/lib/jquery-validate/jquery.validate.js - 404 0 null 5.1977ms
2025-10-26 14:45:30.922 +01:00 [INF] Request reached the end of the middleware pipeline without being handled by application code. Request path: GET http://localhost:5257/lib/jquery-validate/jquery.validate.js, Response status code: 404
2025-10-26 14:45:30.922 +01:00 [INF] Request reached the end of the middleware pipeline without being handled by application code. Request path: GET http://localhost:5257/lib/jquery-validation-unbtrusive/jquery.validate.unobtrusive.js, Response status code: 404
2025-10-26 14:45:32.071 +01:00 [INF] Request starting HTTP/1.1 GET http://localhost:5257/Booking/Calendar - null null
2025-10-26 14:45:32.073 +01:00 [INF] Executing endpoint 'HealthApp.Controllers.BookingController.Calendar (HealthApp)'
2025-10-26 14:45:32.087 +01:00 [INF] Route matched with {action = "Calendar", controller = "Booking"}. Executing controller action with signature System.Threading.Tasks.Task`1[Microsoft.AspNetCore.Mvc.IActionResult] Calendar(System.Nullable`1[System.Int32], System.Nullable`1[System.Int32]) on controller HealthApp.Controllers.BookingController (HealthApp).
2025-10-26 14:45:32.885 +01:00 [INF] This is an information messeage
2025-10-26 14:45:32.890 +01:00 [WRN] This is a warning message
2025-10-26 14:45:32.891 +01:00 [ERR] This is an error message
2025-10-26 14:45:33.321 +01:00 [INF] Executing ViewResult, running view Calendar.
2025-10-26 14:45:33.366 +01:00 [INF] Executed ViewResult - view Calendar executed in 47.2577ms.
2025-10-26 14:45:33.367 +01:00 [INF] Executed action HealthApp.Controllers.BookingController.Calendar (HealthApp) in 1279.4173ms
2025-10-26 14:45:33.367 +01:00 [INF] Executed endpoint 'HealthApp.Controllers.BookingController.Calendar (HealthApp)'
2025-10-26 14:45:33.375 +01:00 [INF] Request finished HTTP/1.1 GET http://localhost:5257/Booking/Calendar - 200 null text/html; charset=utf-8 1303.936ms
2025-10-26 14:45:33.408 +01:00 [INF] Request starting HTTP/1.1 GET http://localhost:5257/lib/jquery-validate/jquery.validate.js - null null
2025-10-26 14:45:33.409 +01:00 [INF] Request finished HTTP/1.1 GET http://localhost:5257/lib/jquery-validate/jquery.validate.js - 404 0 null 0.8063ms
2025-10-26 14:45:33.409 +01:00 [INF] Request reached the end of the middleware pipeline without being handled by application code. Request path: GET http://localhost:5257/lib/jquery-validate/jquery.validate.js, Response status code: 404
2025-10-26 14:45:33.410 +01:00 [INF] Request starting HTTP/1.1 GET http://localhost:5257/lib/jquery-validation-unbtrusive/jquery.validate.unobtrusive.js - null null
2025-10-26 14:45:33.411 +01:00 [INF] Request finished HTTP/1.1 GET http://localhost:5257/lib/jquery-validation-unbtrusive/jquery.validate.unobtrusive.js - 404 0 null 0.8403ms
2025-10-26 14:45:33.411 +01:00 [INF] Request reached the end of the middleware pipeline without being handled by application code. Request path: GET http://localhost:5257/lib/jquery-validation-unbtrusive/jquery.validate.unobtrusive.js, Response status code: 404
2025-10-26 14:45:35.056 +01:00 [INF] Request starting HTTP/1.1 GET http://localhost:5257/Booking/Create - null null
2025-10-26 14:45:35.060 +01:00 [INF] Executing endpoint 'HealthApp.Controllers.BookingController.Create (HealthApp)'
2025-10-26 14:45:35.062 +01:00 [INF] Route matched with {action = "Create", controller = "Booking"}. Executing controller action with signature Microsoft.AspNetCore.Mvc.IActionResult Create() on controller HealthApp.Controllers.BookingController (HealthApp).
2025-10-26 14:45:35.094 +01:00 [INF] Executing ViewResult, running view Create.
2025-10-26 14:45:35.161 +01:00 [INF] Executed ViewResult - view Create executed in 68.5993ms.
2025-10-26 14:45:35.161 +01:00 [INF] Executed action HealthApp.Controllers.BookingController.Create (HealthApp) in 99.4021ms
2025-10-26 14:45:35.161 +01:00 [INF] Executed endpoint 'HealthApp.Controllers.BookingController.Create (HealthApp)'
2025-10-26 14:45:35.162 +01:00 [INF] Request finished HTTP/1.1 GET http://localhost:5257/Booking/Create - 200 null text/html; charset=utf-8 105.1927ms
2025-10-26 14:45:35.193 +01:00 [INF] Request starting HTTP/1.1 GET http://localhost:5257/lib/jquery-validate/jquery.validate.js - null null
2025-10-26 14:45:35.194 +01:00 [INF] Request finished HTTP/1.1 GET http://localhost:5257/lib/jquery-validate/jquery.validate.js - 404 0 null 0.743ms
2025-10-26 14:45:35.194 +01:00 [INF] Request reached the end of the middleware pipeline without being handled by application code. Request path: GET http://localhost:5257/lib/jquery-validate/jquery.validate.js, Response status code: 404
2025-10-26 14:45:35.194 +01:00 [INF] Request starting HTTP/1.1 GET http://localhost:5257/lib/jquery-validation-unbtrusive/jquery.validate.unobtrusive.js - null null
2025-10-26 14:45:35.195 +01:00 [INF] Request finished HTTP/1.1 GET http://localhost:5257/lib/jquery-validation-unbtrusive/jquery.validate.unobtrusive.js - 404 0 null 0.4937ms
2025-10-26 14:45:35.195 +01:00 [INF] Request reached the end of the middleware pipeline without being handled by application code. Request path: GET http://localhost:5257/lib/jquery-validation-unbtrusive/jquery.validate.unobtrusive.js, Response status code: 404
2025-10-26 14:45:43.207 +01:00 [INF] Request starting HTTP/1.1 POST http://localhost:5257/Booking/Create - application/x-www-form-urlencoded 312
2025-10-26 14:45:43.208 +01:00 [INF] Executing endpoint 'HealthApp.Controllers.BookingController.Create (HealthApp)'
2025-10-26 14:45:43.232 +01:00 [INF] Route matched with {action = "Create", controller = "Booking"}. Executing controller action with signature System.Threading.Tasks.Task`1[Microsoft.AspNetCore.Mvc.IActionResult] Create(HealthApp.Models.Booking) on controller HealthApp.Controllers.BookingController (HealthApp).
2025-10-26 14:45:43.635 +01:00 [INF] Executing RedirectResult, redirecting to /Booking/Calendar.
2025-10-26 14:45:43.636 +01:00 [INF] Executed action HealthApp.Controllers.BookingController.Create (HealthApp) in 403.6238ms
2025-10-26 14:45:43.636 +01:00 [INF] Executed endpoint 'HealthApp.Controllers.BookingController.Create (HealthApp)'
2025-10-26 14:45:43.637 +01:00 [INF] Request finished HTTP/1.1 POST http://localhost:5257/Booking/Create - 302 0 null 429.5496ms
2025-10-26 14:45:43.642 +01:00 [INF] Request starting HTTP/1.1 GET http://localhost:5257/Booking/Calendar - null null
2025-10-26 14:45:43.642 +01:00 [INF] Executing endpoint 'HealthApp.Controllers.BookingController.Calendar (HealthApp)'
2025-10-26 14:45:43.642 +01:00 [INF] Route matched with {action = "Calendar", controller = "Booking"}. Executing controller action with signature System.Threading.Tasks.Task`1[Microsoft.AspNetCore.Mvc.IActionResult] Calendar(System.Nullable`1[System.Int32], System.Nullable`1[System.Int32]) on controller HealthApp.Controllers.BookingController (HealthApp).
2025-10-26 14:45:43.645 +01:00 [INF] This is an information messeage
2025-10-26 14:45:43.646 +01:00 [WRN] This is a warning message
2025-10-26 14:45:43.648 +01:00 [ERR] This is an error message
2025-10-26 14:45:43.664 +01:00 [INF] Executing ViewResult, running view Calendar.
2025-10-26 14:45:43.668 +01:00 [INF] Executed ViewResult - view Calendar executed in 4.126ms.
2025-10-26 14:45:43.668 +01:00 [INF] Executed action HealthApp.Controllers.BookingController.Calendar (HealthApp) in 25.6221ms
2025-10-26 14:45:43.668 +01:00 [INF] Executed endpoint 'HealthApp.Controllers.BookingController.Calendar (HealthApp)'
2025-10-26 14:45:43.670 +01:00 [INF] Request finished HTTP/1.1 GET http://localhost:5257/Booking/Calendar - 200 null text/html; charset=utf-8 27.7966ms
2025-10-26 14:45:43.719 +01:00 [INF] Request starting HTTP/1.1 GET http://localhost:5257/lib/jquery-validate/jquery.validate.js - null null
2025-10-26 14:45:43.719 +01:00 [INF] Request finished HTTP/1.1 GET http://localhost:5257/lib/jquery-validate/jquery.validate.js - 404 0 null 0.702ms
2025-10-26 14:45:43.720 +01:00 [INF] Request reached the end of the middleware pipeline without being handled by application code. Request path: GET http://localhost:5257/lib/jquery-validate/jquery.validate.js, Response status code: 404
2025-10-26 14:45:43.727 +01:00 [INF] Request starting HTTP/1.1 GET http://localhost:5257/lib/jquery-validation-unbtrusive/jquery.validate.unobtrusive.js - null null
2025-10-26 14:45:43.728 +01:00 [INF] Request finished HTTP/1.1 GET http://localhost:5257/lib/jquery-validation-unbtrusive/jquery.validate.unobtrusive.js - 404 0 null 0.6943ms
2025-10-26 14:45:43.728 +01:00 [INF] Request reached the end of the middleware pipeline without being handled by application code. Request path: GET http://localhost:5257/lib/jquery-validation-unbtrusive/jquery.validate.unobtrusive.js, Response status code: 404
2025-10-26 14:45:54.300 +01:00 [INF] Application is shutting down...
