2025-10-26 14:39:29.771 +01:00 [INF] User profile is available. Using 'C:\Users\stian\AppData\Local\ASP.NET\DataProtection-Keys' as key repository and Windows DPAPI to encrypt keys at rest.
2025-10-26 14:39:29.850 +01:00 [INF] Now listening on: http://localhost:5257
2025-10-26 14:39:29.855 +01:00 [INF] Application started. Press Ctrl+C to shut down.
2025-10-26 14:39:29.856 +01:00 [INF] Hosting environment: Development
2025-10-26 14:39:29.856 +01:00 [INF] Content root path: C:\Users\stian\Documents\IT\DAVE3625\health-app\HealthApp
2025-10-26 14:39:32.237 +01:00 [INF] Request starting HTTP/1.1 GET http://localhost:5257/ - null null
2025-10-26 14:39:32.274 +01:00 [INF] Executing endpoint 'HealthApp.Controllers.HomeController.Index (HealthApp)'
2025-10-26 14:39:32.307 +01:00 [INF] Route matched with {action = "Index", controller = "Home"}. Executing controller action with signature Microsoft.AspNetCore.Mvc.IActionResult Index() on controller HealthApp.Controllers.HomeController (HealthApp).
2025-10-26 14:39:32.323 +01:00 [INF] Executing ViewResult, running view Index.
2025-10-26 14:39:32.388 +01:00 [INF] Executed ViewResult - view Index executed in 66.5611ms.
2025-10-26 14:39:32.393 +01:00 [INF] Executed action HealthApp.Controllers.HomeController.Index (HealthApp) in 85.782ms
2025-10-26 14:39:32.394 +01:00 [INF] Executed endpoint 'HealthApp.Controllers.HomeController.Index (HealthApp)'
2025-10-26 14:39:32.398 +01:00 [INF] Request finished HTTP/1.1 GET http://localhost:5257/ - 200 null text/html; charset=utf-8 163.4226ms
2025-10-26 14:39:32.419 +01:00 [INF] Request starting HTTP/1.1 GET http://localhost:5257/lib/jquery-validate/jquery.validate.js - null null
2025-10-26 14:39:32.419 +01:00 [INF] Request starting HTTP/1.1 GET http://localhost:5257/lib/jquery-validation-unbtrusive/jquery.validate.unobtrusive.js - null null
2025-10-26 14:39:32.424 +01:00 [INF] Request finished HTTP/1.1 GET http://localhost:5257/lib/jquery-validate/jquery.validate.js - 404 0 null 5.1512ms
2025-10-26 14:39:32.424 +01:00 [INF] Request finished HTTP/1.1 GET http://localhost:5257/lib/jquery-validation-unbtrusive/jquery.validate.unobtrusive.js - 404 0 null 4.8491ms
2025-10-26 14:39:32.426 +01:00 [INF] Request reached the end of the middleware pipeline without being handled by application code. Request path: GET http://localhost:5257/lib/jquery-validation-unbtrusive/jquery.validate.unobtrusive.js, Response status code: 404
2025-10-26 14:39:32.426 +01:00 [INF] Request reached the end of the middleware pipeline without being handled by application code. Request path: GET http://localhost:5257/lib/jquery-validate/jquery.validate.js, Response status code: 404
2025-10-26 14:39:33.470 +01:00 [INF] Request starting HTTP/1.1 GET http://localhost:5257/Booking/Calendar - null null
2025-10-26 14:39:33.472 +01:00 [INF] Executing endpoint 'HealthApp.Controllers.BookingController.Calendar (HealthApp)'
2025-10-26 14:39:33.487 +01:00 [INF] Route matched with {action = "Calendar", controller = "Booking"}. Executing controller action with signature System.Threading.Tasks.Task`1[Microsoft.AspNetCore.Mvc.IActionResult] Calendar(System.Nullable`1[System.Int32], System.Nullable`1[System.Int32]) on controller HealthApp.Controllers.BookingController (HealthApp).
2025-10-26 14:39:34.130 +01:00 [INF] This is an information messeage
2025-10-26 14:39:34.132 +01:00 [WRN] This is a warning message
2025-10-26 14:39:34.133 +01:00 [ERR] This is an error message
2025-10-26 14:39:34.429 +01:00 [INF] Executing ViewResult, running view Calendar.
2025-10-26 14:39:34.453 +01:00 [INF] Executed ViewResult - view Calendar executed in 24.4817ms.
2025-10-26 14:39:34.453 +01:00 [INF] Executed action HealthApp.Controllers.BookingController.Calendar (HealthApp) in 965.9956ms
2025-10-26 14:39:34.453 +01:00 [INF] Executed endpoint 'HealthApp.Controllers.BookingController.Calendar (HealthApp)'
2025-10-26 14:39:34.458 +01:00 [INF] Request finished HTTP/1.1 GET http://localhost:5257/Booking/Calendar - 200 null text/html; charset=utf-8 988.1673ms
2025-10-26 14:39:34.484 +01:00 [INF] Request starting HTTP/1.1 GET http://localhost:5257/lib/jquery-validate/jquery.validate.js - null null
2025-10-26 14:39:34.485 +01:00 [INF] Request starting HTTP/1.1 GET http://localhost:5257/lib/jquery-validation-unbtrusive/jquery.validate.unobtrusive.js - null null
2025-10-26 14:39:34.485 +01:00 [INF] Request finished HTTP/1.1 GET http://localhost:5257/lib/jquery-validate/jquery.validate.js - 404 0 null 0.7796ms
2025-10-26 14:39:34.485 +01:00 [INF] Request reached the end of the middleware pipeline without being handled by application code. Request path: GET http://localhost:5257/lib/jquery-validate/jquery.validate.js, Response status code: 404
2025-10-26 14:39:34.485 +01:00 [INF] Request finished HTTP/1.1 GET http://localhost:5257/lib/jquery-validation-unbtrusive/jquery.validate.unobtrusive.js - 404 0 null 0.4067ms
2025-10-26 14:39:34.485 +01:00 [INF] Request reached the end of the middleware pipeline without being handled by application code. Request path: GET http://localhost:5257/lib/jquery-validation-unbtrusive/jquery.validate.unobtrusive.js, Response status code: 404
2025-10-26 14:39:35.598 +01:00 [INF] Request starting HTTP/1.1 GET http://localhost:5257/Booking/Create - null null
2025-10-26 14:39:35.599 +01:00 [INF] Executing endpoint 'HealthApp.Controllers.BookingController.Create (HealthApp)'
2025-10-26 14:39:35.601 +01:00 [INF] Route matched with {action = "Create", controller = "Booking"}. Executing controller action with signature Microsoft.AspNetCore.Mvc.IActionResult Create() on controller HealthApp.Controllers.BookingController (HealthApp).
2025-10-26 14:39:35.619 +01:00 [INF] Executing ViewResult, running view Create.
2025-10-26 14:39:35.658 +01:00 [INF] Executed ViewResult - view Create executed in 39.9343ms.
2025-10-26 14:39:35.659 +01:00 [INF] Executed action HealthApp.Controllers.BookingController.Create (HealthApp) in 58.0224ms
2025-10-26 14:39:35.659 +01:00 [INF] Executed endpoint 'HealthApp.Controllers.BookingController.Create (HealthApp)'
2025-10-26 14:39:35.659 +01:00 [INF] Request finished HTTP/1.1 GET http://localhost:5257/Booking/Create - 200 null text/html; charset=utf-8 61.1703ms
2025-10-26 14:39:35.688 +01:00 [INF] Request starting HTTP/1.1 GET http://localhost:5257/lib/jquery-validate/jquery.validate.js - null null
2025-10-26 14:39:35.690 +01:00 [INF] Request starting HTTP/1.1 GET http://localhost:5257/lib/jquery-validation-unbtrusive/jquery.validate.unobtrusive.js - null null
2025-10-26 14:39:35.690 +01:00 [INF] Request finished HTTP/1.1 GET http://localhost:5257/lib/jquery-validation-unbtrusive/jquery.validate.unobtrusive.js - 404 0 null 0.4604ms
2025-10-26 14:39:35.691 +01:00 [INF] Request reached the end of the middleware pipeline without being handled by application code. Request path: GET http://localhost:5257/lib/jquery-validation-unbtrusive/jquery.validate.unobtrusive.js, Response status code: 404
2025-10-26 14:39:35.691 +01:00 [INF] Request finished HTTP/1.1 GET http://localhost:5257/lib/jquery-validate/jquery.validate.js - 404 0 null 2.9019ms
2025-10-26 14:39:35.691 +01:00 [INF] Request reached the end of the middleware pipeline without being handled by application code. Request path: GET http://localhost:5257/lib/jquery-validate/jquery.validate.js, Response status code: 404
2025-10-26 14:39:43.860 +01:00 [INF] Request starting HTTP/1.1 POST http://localhost:5257/Booking/Create - application/x-www-form-urlencoded 312
2025-10-26 14:39:43.860 +01:00 [INF] Executing endpoint 'HealthApp.Controllers.BookingController.Create (HealthApp)'
2025-10-26 14:39:43.888 +01:00 [INF] Route matched with {action = "Create", controller = "Booking"}. Executing controller action with signature System.Threading.Tasks.Task`1[Microsoft.AspNetCore.Mvc.IActionResult] Create(HealthApp.Models.Booking) on controller HealthApp.Controllers.BookingController (HealthApp).
2025-10-26 14:39:44.038 +01:00 [WRN] [BookingController] Booking creation failed {"BookingId":0,"Description":"Pottis","Date":"2025-10-11T11:30:00.0000000","PatientId":1,"Patient":null,"EmployeeId":1,"Employee":null,"$type":"Booking"}
2025-10-26 14:39:44.040 +01:00 [INF] Executing ViewResult, running view Create.
2025-10-26 14:39:44.052 +01:00 [INF] Executed ViewResult - view Create executed in 11.8046ms.
2025-10-26 14:39:44.053 +01:00 [INF] Executed action HealthApp.Controllers.BookingController.Create (HealthApp) in 164.9649ms
2025-10-26 14:39:44.053 +01:00 [INF] Executed endpoint 'HealthApp.Controllers.BookingController.Create (HealthApp)'
2025-10-26 14:39:44.053 +01:00 [INF] Request finished HTTP/1.1 POST http://localhost:5257/Booking/Create - 200 null text/html; charset=utf-8 193.787ms
2025-10-26 14:39:44.096 +01:00 [INF] Request starting HTTP/1.1 GET http://localhost:5257/lib/jquery-validate/jquery.validate.js - null null
2025-10-26 14:39:44.097 +01:00 [INF] Request starting HTTP/1.1 GET http://localhost:5257/lib/jquery-validation-unbtrusive/jquery.validate.unobtrusive.js - null null
2025-10-26 14:39:44.097 +01:00 [INF] Request finished HTTP/1.1 GET http://localhost:5257/lib/jquery-validate/jquery.validate.js - 404 0 null 0.9549ms
2025-10-26 14:39:44.097 +01:00 [INF] Request reached the end of the middleware pipeline without being handled by application code. Request path: GET http://localhost:5257/lib/jquery-validate/jquery.validate.js, Response status code: 404
2025-10-26 14:39:44.098 +01:00 [INF] Request finished HTTP/1.1 GET http://localhost:5257/lib/jquery-validation-unbtrusive/jquery.validate.unobtrusive.js - 404 0 null 0.9488ms
2025-10-26 14:39:44.098 +01:00 [INF] Request reached the end of the middleware pipeline without being handled by application code. Request path: GET http://localhost:5257/lib/jquery-validation-unbtrusive/jquery.validate.unobtrusive.js, Response status code: 404
2025-10-26 14:39:49.982 +01:00 [INF] Application is shutting down...
