2025-11-12 09:14:54.687 +01:00 [INF] User profile is available. Using 'C:\Users\stian\AppData\Local\ASP.NET\DataProtection-Keys' as key repository and Windows DPAPI to encrypt keys at rest.
2025-11-12 09:14:54.789 +01:00 [INF] Now listening on: http://localhost:5257
2025-11-12 09:14:54.793 +01:00 [INF] Application started. Press Ctrl+C to shut down.
2025-11-12 09:14:54.793 +01:00 [INF] Hosting environment: Development
2025-11-12 09:14:54.793 +01:00 [INF] Content root path: C:\Users\stian\Documents\IT\DAVE3625\health-app\HealthApp
2025-11-12 09:15:08.231 +01:00 [INF] Request starting HTTP/1.1 GET http://localhost:5257/ - null null
2025-11-12 09:15:08.304 +01:00 [INF] Executing endpoint 'HealthApp.Controllers.HomeController.Index (HealthApp)'
2025-11-12 09:15:08.360 +01:00 [INF] Route matched with {action = "Index", controller = "Home"}. Executing controller action with signature Microsoft.AspNetCore.Mvc.IActionResult Index() on controller HealthApp.Controllers.HomeController (HealthApp).
2025-11-12 09:15:08.391 +01:00 [INF] Executing ViewResult, running view Index.
2025-11-12 09:15:08.489 +01:00 [INF] Executed ViewResult - view Index executed in 100.7922ms.
2025-11-12 09:15:08.496 +01:00 [INF] Executed action HealthApp.Controllers.HomeController.Index (HealthApp) in 133.759ms
2025-11-12 09:15:08.496 +01:00 [INF] Executed endpoint 'HealthApp.Controllers.HomeController.Index (HealthApp)'
2025-11-12 09:15:08.501 +01:00 [INF] Request finished HTTP/1.1 GET http://localhost:5257/ - 200 null text/html; charset=utf-8 278.2391ms
2025-11-12 09:15:08.516 +01:00 [INF] Request starting HTTP/1.1 GET http://localhost:5257/lib/jquery-validate/jquery.validate.js - null null
2025-11-12 09:15:08.515 +01:00 [INF] Request starting HTTP/1.1 GET http://localhost:5257/lib/jquery-validation-unbtrusive/jquery.validate.unobtrusive.js - null null
2025-11-12 09:15:08.536 +01:00 [INF] Request finished HTTP/1.1 GET http://localhost:5257/lib/jquery-validate/jquery.validate.js - 404 0 null 21.4015ms
2025-11-12 09:15:08.540 +01:00 [INF] Request finished HTTP/1.1 GET http://localhost:5257/lib/jquery-validation-unbtrusive/jquery.validate.unobtrusive.js - 404 0 null 26.013ms
2025-11-12 09:15:08.540 +01:00 [INF] Request reached the end of the middleware pipeline without being handled by application code. Request path: GET http://localhost:5257/lib/jquery-validate/jquery.validate.js, Response status code: 404
2025-11-12 09:15:08.541 +01:00 [INF] Request reached the end of the middleware pipeline without being handled by application code. Request path: GET http://localhost:5257/lib/jquery-validation-unbtrusive/jquery.validate.unobtrusive.js, Response status code: 404
2025-11-12 09:15:08.603 +01:00 [INF] Request starting HTTP/1.1 GET http://localhost:5257/favicon.ico - null null
2025-11-12 09:15:08.605 +01:00 [INF] Request finished HTTP/1.1 GET http://localhost:5257/favicon.ico - 404 0 null 2.4416ms
2025-11-12 09:15:08.606 +01:00 [INF] Request reached the end of the middleware pipeline without being handled by application code. Request path: GET http://localhost:5257/favicon.ico, Response status code: 404
2025-11-12 09:15:09.986 +01:00 [INF] Request starting HTTP/1.1 GET http://localhost:5257/Booking/Calendar - null null
2025-11-12 09:15:09.987 +01:00 [INF] Executing endpoint 'HealthApp.Controllers.BookingController.Calendar (HealthApp)'
2025-11-12 09:15:10.009 +01:00 [INF] Route matched with {action = "Calendar", controller = "Booking"}. Executing controller action with signature System.Threading.Tasks.Task`1[Microsoft.AspNetCore.Mvc.IActionResult] Calendar(System.Nullable`1[System.Int32], System.Nullable`1[System.Int32]) on controller HealthApp.Controllers.BookingController (HealthApp).
2025-11-12 09:15:11.495 +01:00 [INF] This is an information messeage
2025-11-12 09:15:11.501 +01:00 [WRN] This is a warning message
2025-11-12 09:15:11.502 +01:00 [ERR] This is an error message
2025-11-12 09:15:12.033 +01:00 [INF] Executing ViewResult, running view Calendar.
2025-11-12 09:15:12.075 +01:00 [INF] Executed ViewResult - view Calendar executed in 42.6339ms.
2025-11-12 09:15:12.075 +01:00 [INF] Executed action HealthApp.Controllers.BookingController.Calendar (HealthApp) in 2065.8068ms
2025-11-12 09:15:12.075 +01:00 [INF] Executed endpoint 'HealthApp.Controllers.BookingController.Calendar (HealthApp)'
2025-11-12 09:15:12.091 +01:00 [INF] Request finished HTTP/1.1 GET http://localhost:5257/Booking/Calendar - 200 null text/html; charset=utf-8 2105.2512ms
2025-11-12 09:15:12.113 +01:00 [INF] Request starting HTTP/1.1 GET http://localhost:5257/lib/jquery-validation-unbtrusive/jquery.validate.unobtrusive.js - null null
2025-11-12 09:15:12.113 +01:00 [INF] Request starting HTTP/1.1 GET http://localhost:5257/lib/jquery-validate/jquery.validate.js - null null
2025-11-12 09:15:12.113 +01:00 [INF] Request finished HTTP/1.1 GET http://localhost:5257/lib/jquery-validation-unbtrusive/jquery.validate.unobtrusive.js - 404 0 null 0.5298ms
2025-11-12 09:15:12.113 +01:00 [INF] Request reached the end of the middleware pipeline without being handled by application code. Request path: GET http://localhost:5257/lib/jquery-validation-unbtrusive/jquery.validate.unobtrusive.js, Response status code: 404
2025-11-12 09:15:12.113 +01:00 [INF] Request finished HTTP/1.1 GET http://localhost:5257/lib/jquery-validate/jquery.validate.js - 404 0 null 0.4522ms
2025-11-12 09:15:12.113 +01:00 [INF] Request reached the end of the middleware pipeline without being handled by application code. Request path: GET http://localhost:5257/lib/jquery-validate/jquery.validate.js, Response status code: 404
2025-11-12 09:15:16.630 +01:00 [INF] Request starting HTTP/1.1 GET http://localhost:5257/Booking/Update/23 - null null
2025-11-12 09:15:16.633 +01:00 [INF] Executing endpoint 'HealthApp.Controllers.BookingController.Update (HealthApp)'
2025-11-12 09:15:16.643 +01:00 [INF] Route matched with {action = "Update", controller = "Booking"}. Executing controller action with signature System.Threading.Tasks.Task`1[Microsoft.AspNetCore.Mvc.IActionResult] Update(Int32) on controller HealthApp.Controllers.BookingController (HealthApp).
2025-11-12 09:15:16.727 +01:00 [INF] Executing ViewResult, running view Update.
2025-11-12 09:15:16.801 +01:00 [INF] Executed ViewResult - view Update executed in 74.9809ms.
2025-11-12 09:15:16.802 +01:00 [INF] Executed action HealthApp.Controllers.BookingController.Update (HealthApp) in 158.4947ms
2025-11-12 09:15:16.802 +01:00 [INF] Executed endpoint 'HealthApp.Controllers.BookingController.Update (HealthApp)'
2025-11-12 09:15:16.802 +01:00 [INF] Request finished HTTP/1.1 GET http://localhost:5257/Booking/Update/23 - 200 null text/html; charset=utf-8 171.7052ms
2025-11-12 09:15:16.855 +01:00 [INF] Request starting HTTP/1.1 GET http://localhost:5257/lib/jquery-validation-unbtrusive/jquery.validate.unobtrusive.js - null null
2025-11-12 09:15:16.855 +01:00 [INF] Request starting HTTP/1.1 GET http://localhost:5257/lib/jquery-validate/jquery.validate.js - null null
2025-11-12 09:15:16.856 +01:00 [INF] Request finished HTTP/1.1 GET http://localhost:5257/lib/jquery-validation-unbtrusive/jquery.validate.unobtrusive.js - 404 0 null 0.7462ms
2025-11-12 09:15:16.856 +01:00 [INF] Request reached the end of the middleware pipeline without being handled by application code. Request path: GET http://localhost:5257/lib/jquery-validation-unbtrusive/jquery.validate.unobtrusive.js, Response status code: 404
2025-11-12 09:15:16.856 +01:00 [INF] Request finished HTTP/1.1 GET http://localhost:5257/lib/jquery-validate/jquery.validate.js - 404 0 null 1.2425ms
2025-11-12 09:15:16.857 +01:00 [INF] Request reached the end of the middleware pipeline without being handled by application code. Request path: GET http://localhost:5257/lib/jquery-validate/jquery.validate.js, Response status code: 404
2025-11-12 09:15:20.876 +01:00 [INF] Request starting HTTP/1.1 POST http://localhost:5257/Booking/Update/23 - application/x-www-form-urlencoded 333
2025-11-12 09:15:20.876 +01:00 [INF] Executing endpoint 'HealthApp.Controllers.BookingController.Update (HealthApp)'
2025-11-12 09:15:20.901 +01:00 [INF] Route matched with {action = "Update", controller = "Booking"}. Executing controller action with signature System.Threading.Tasks.Task`1[Microsoft.AspNetCore.Mvc.IActionResult] Update(HealthApp.Models.Booking) on controller HealthApp.Controllers.BookingController (HealthApp).
2025-11-12 09:15:21.154 +01:00 [INF] Executing RedirectResult, redirecting to /Booking/Calendar.
2025-11-12 09:15:21.154 +01:00 [INF] Executed action HealthApp.Controllers.BookingController.Update (HealthApp) in 253.155ms
2025-11-12 09:15:21.154 +01:00 [INF] Executed endpoint 'HealthApp.Controllers.BookingController.Update (HealthApp)'
2025-11-12 09:15:21.155 +01:00 [INF] Request finished HTTP/1.1 POST http://localhost:5257/Booking/Update/23 - 302 0 null 278.9087ms
2025-11-12 09:15:21.161 +01:00 [INF] Request starting HTTP/1.1 GET http://localhost:5257/Booking/Calendar - null null
2025-11-12 09:15:21.162 +01:00 [INF] Executing endpoint 'HealthApp.Controllers.BookingController.Calendar (HealthApp)'
2025-11-12 09:15:21.162 +01:00 [INF] Route matched with {action = "Calendar", controller = "Booking"}. Executing controller action with signature System.Threading.Tasks.Task`1[Microsoft.AspNetCore.Mvc.IActionResult] Calendar(System.Nullable`1[System.Int32], System.Nullable`1[System.Int32]) on controller HealthApp.Controllers.BookingController (HealthApp).
2025-11-12 09:15:21.165 +01:00 [INF] This is an information messeage
2025-11-12 09:15:21.169 +01:00 [WRN] This is a warning message
2025-11-12 09:15:21.169 +01:00 [ERR] This is an error message
2025-11-12 09:15:21.176 +01:00 [INF] Executing ViewResult, running view Calendar.
2025-11-12 09:15:21.179 +01:00 [INF] Executed ViewResult - view Calendar executed in 3.7448ms.
2025-11-12 09:15:21.180 +01:00 [INF] Executed action HealthApp.Controllers.BookingController.Calendar (HealthApp) in 17.8619ms
2025-11-12 09:15:21.180 +01:00 [INF] Executed endpoint 'HealthApp.Controllers.BookingController.Calendar (HealthApp)'
2025-11-12 09:15:21.180 +01:00 [INF] Request finished HTTP/1.1 GET http://localhost:5257/Booking/Calendar - 200 null text/html; charset=utf-8 19.5446ms
2025-11-12 09:15:21.237 +01:00 [INF] Request starting HTTP/1.1 GET http://localhost:5257/lib/jquery-validate/jquery.validate.js - null null
2025-11-12 09:15:21.238 +01:00 [INF] Request finished HTTP/1.1 GET http://localhost:5257/lib/jquery-validate/jquery.validate.js - 404 0 null 0.6223ms
2025-11-12 09:15:21.238 +01:00 [INF] Request reached the end of the middleware pipeline without being handled by application code. Request path: GET http://localhost:5257/lib/jquery-validate/jquery.validate.js, Response status code: 404
2025-11-12 09:15:21.238 +01:00 [INF] Request starting HTTP/1.1 GET http://localhost:5257/lib/jquery-validation-unbtrusive/jquery.validate.unobtrusive.js - null null
2025-11-12 09:15:21.239 +01:00 [INF] Request finished HTTP/1.1 GET http://localhost:5257/lib/jquery-validation-unbtrusive/jquery.validate.unobtrusive.js - 404 0 null 0.5038ms
2025-11-12 09:15:21.239 +01:00 [INF] Request reached the end of the middleware pipeline without being handled by application code. Request path: GET http://localhost:5257/lib/jquery-validation-unbtrusive/jquery.validate.unobtrusive.js, Response status code: 404
2025-11-12 09:15:47.716 +01:00 [INF] Application is shutting down...
