2025-10-26 14:56:00.902 +01:00 [INF] User profile is available. Using 'C:\Users\stian\AppData\Local\ASP.NET\DataProtection-Keys' as key repository and Windows DPAPI to encrypt keys at rest.
2025-10-26 14:56:00.990 +01:00 [INF] Now listening on: http://localhost:5257
2025-10-26 14:56:00.995 +01:00 [INF] Application started. Press Ctrl+C to shut down.
2025-10-26 14:56:00.996 +01:00 [INF] Hosting environment: Development
2025-10-26 14:56:00.997 +01:00 [INF] Content root path: C:\Users\stian\Documents\IT\DAVE3625\health-app\HealthApp
2025-10-26 14:56:03.119 +01:00 [INF] Request starting HTTP/1.1 GET http://localhost:5257/ - null null
2025-10-26 14:56:03.157 +01:00 [INF] Executing endpoint 'HealthApp.Controllers.HomeController.Index (HealthApp)'
2025-10-26 14:56:03.193 +01:00 [INF] Route matched with {action = "Index", controller = "Home"}. Executing controller action with signature Microsoft.AspNetCore.Mvc.IActionResult Index() on controller HealthApp.Controllers.HomeController (HealthApp).
2025-10-26 14:56:03.212 +01:00 [INF] Executing ViewResult, running view Index.
2025-10-26 14:56:03.275 +01:00 [INF] Executed ViewResult - view Index executed in 64.1479ms.
2025-10-26 14:56:03.279 +01:00 [INF] Executed action HealthApp.Controllers.HomeController.Index (HealthApp) in 85.8814ms
2025-10-26 14:56:03.279 +01:00 [INF] Executed endpoint 'HealthApp.Controllers.HomeController.Index (HealthApp)'
2025-10-26 14:56:03.283 +01:00 [INF] Request finished HTTP/1.1 GET http://localhost:5257/ - 200 null text/html; charset=utf-8 167.5917ms
2025-10-26 14:56:03.294 +01:00 [INF] Request starting HTTP/1.1 GET http://localhost:5257/lib/jquery-validate/jquery.validate.js - null null
2025-10-26 14:56:03.294 +01:00 [INF] Request starting HTTP/1.1 GET http://localhost:5257/lib/jquery-validation-unbtrusive/jquery.validate.unobtrusive.js - null null
2025-10-26 14:56:03.298 +01:00 [INF] Request finished HTTP/1.1 GET http://localhost:5257/lib/jquery-validation-unbtrusive/jquery.validate.unobtrusive.js - 404 0 null 4.2684ms
2025-10-26 14:56:03.298 +01:00 [INF] Request finished HTTP/1.1 GET http://localhost:5257/lib/jquery-validate/jquery.validate.js - 404 0 null 3.7012ms
2025-10-26 14:56:03.299 +01:00 [INF] Request reached the end of the middleware pipeline without being handled by application code. Request path: GET http://localhost:5257/lib/jquery-validate/jquery.validate.js, Response status code: 404
2025-10-26 14:56:03.300 +01:00 [INF] Request reached the end of the middleware pipeline without being handled by application code. Request path: GET http://localhost:5257/lib/jquery-validation-unbtrusive/jquery.validate.unobtrusive.js, Response status code: 404
2025-10-26 14:56:04.254 +01:00 [INF] Request starting HTTP/1.1 GET http://localhost:5257/Booking/Calendar - null null
2025-10-26 14:56:04.257 +01:00 [INF] Executing endpoint 'HealthApp.Controllers.BookingController.Calendar (HealthApp)'
2025-10-26 14:56:04.272 +01:00 [INF] Route matched with {action = "Calendar", controller = "Booking"}. Executing controller action with signature System.Threading.Tasks.Task`1[Microsoft.AspNetCore.Mvc.IActionResult] Calendar(System.Nullable`1[System.Int32], System.Nullable`1[System.Int32]) on controller HealthApp.Controllers.BookingController (HealthApp).
2025-10-26 14:56:05.089 +01:00 [INF] This is an information messeage
2025-10-26 14:56:05.093 +01:00 [WRN] This is a warning message
2025-10-26 14:56:05.094 +01:00 [ERR] This is an error message
2025-10-26 14:56:05.572 +01:00 [INF] Executing ViewResult, running view Calendar.
2025-10-26 14:56:05.611 +01:00 [INF] Executed ViewResult - view Calendar executed in 39.8596ms.
2025-10-26 14:56:05.611 +01:00 [INF] Executed action HealthApp.Controllers.BookingController.Calendar (HealthApp) in 1338.7738ms
2025-10-26 14:56:05.611 +01:00 [INF] Executed endpoint 'HealthApp.Controllers.BookingController.Calendar (HealthApp)'
2025-10-26 14:56:05.627 +01:00 [INF] Request finished HTTP/1.1 GET http://localhost:5257/Booking/Calendar - 200 null text/html; charset=utf-8 1372.5568ms
2025-10-26 14:56:05.645 +01:00 [INF] Request starting HTTP/1.1 GET http://localhost:5257/lib/jquery-validation-unbtrusive/jquery.validate.unobtrusive.js - null null
2025-10-26 14:56:05.645 +01:00 [INF] Request starting HTTP/1.1 GET http://localhost:5257/lib/jquery-validate/jquery.validate.js - null null
2025-10-26 14:56:05.646 +01:00 [INF] Request finished HTTP/1.1 GET http://localhost:5257/lib/jquery-validate/jquery.validate.js - 404 0 null 1.0599ms
2025-10-26 14:56:05.646 +01:00 [INF] Request finished HTTP/1.1 GET http://localhost:5257/lib/jquery-validation-unbtrusive/jquery.validate.unobtrusive.js - 404 0 null 1.004ms
2025-10-26 14:56:05.646 +01:00 [INF] Request reached the end of the middleware pipeline without being handled by application code. Request path: GET http://localhost:5257/lib/jquery-validate/jquery.validate.js, Response status code: 404
2025-10-26 14:56:05.646 +01:00 [INF] Request reached the end of the middleware pipeline without being handled by application code. Request path: GET http://localhost:5257/lib/jquery-validation-unbtrusive/jquery.validate.unobtrusive.js, Response status code: 404
2025-10-26 14:56:09.168 +01:00 [INF] Request starting HTTP/1.1 GET http://localhost:5257/Booking/Create - null null
2025-10-26 14:56:09.173 +01:00 [INF] Executing endpoint 'HealthApp.Controllers.BookingController.Create (HealthApp)'
2025-10-26 14:56:09.178 +01:00 [INF] Route matched with {action = "Create", controller = "Booking"}. Executing controller action with signature Microsoft.AspNetCore.Mvc.IActionResult Create() on controller HealthApp.Controllers.BookingController (HealthApp).
2025-10-26 14:56:09.219 +01:00 [INF] Executing ViewResult, running view Create.
2025-10-26 14:56:09.305 +01:00 [INF] Executed ViewResult - view Create executed in 88.3512ms.
2025-10-26 14:56:09.306 +01:00 [INF] Executed action HealthApp.Controllers.BookingController.Create (HealthApp) in 127.798ms
2025-10-26 14:56:09.306 +01:00 [INF] Executed endpoint 'HealthApp.Controllers.BookingController.Create (HealthApp)'
2025-10-26 14:56:09.306 +01:00 [INF] Request finished HTTP/1.1 GET http://localhost:5257/Booking/Create - 200 null text/html; charset=utf-8 138.001ms
2025-10-26 14:56:09.361 +01:00 [INF] Request starting HTTP/1.1 GET http://localhost:5257/lib/jquery-validation-unbtrusive/jquery.validate.unobtrusive.js - null null
2025-10-26 14:56:09.361 +01:00 [INF] Request starting HTTP/1.1 GET http://localhost:5257/lib/jquery-validate/jquery.validate.js - null null
2025-10-26 14:56:09.362 +01:00 [INF] Request finished HTTP/1.1 GET http://localhost:5257/lib/jquery-validation-unbtrusive/jquery.validate.unobtrusive.js - 404 0 null 1.3476ms
2025-10-26 14:56:09.362 +01:00 [INF] Request finished HTTP/1.1 GET http://localhost:5257/lib/jquery-validate/jquery.validate.js - 404 0 null 1.3824ms
2025-10-26 14:56:09.362 +01:00 [INF] Request reached the end of the middleware pipeline without being handled by application code. Request path: GET http://localhost:5257/lib/jquery-validation-unbtrusive/jquery.validate.unobtrusive.js, Response status code: 404
2025-10-26 14:56:09.363 +01:00 [INF] Request reached the end of the middleware pipeline without being handled by application code. Request path: GET http://localhost:5257/lib/jquery-validate/jquery.validate.js, Response status code: 404
2025-10-26 14:56:18.344 +01:00 [INF] Request starting HTTP/1.1 POST http://localhost:5257/Booking/Create - application/x-www-form-urlencoded 310
2025-10-26 14:56:18.345 +01:00 [INF] Executing endpoint 'HealthApp.Controllers.BookingController.Create (HealthApp)'
2025-10-26 14:56:18.365 +01:00 [INF] Route matched with {action = "Create", controller = "Booking"}. Executing controller action with signature System.Threading.Tasks.Task`1[Microsoft.AspNetCore.Mvc.IActionResult] Create(HealthApp.Models.Booking) on controller HealthApp.Controllers.BookingController (HealthApp).
2025-10-26 14:56:18.717 +01:00 [INF] Executing RedirectResult, redirecting to /Booking/Calendar.
2025-10-26 14:56:18.717 +01:00 [INF] Executed action HealthApp.Controllers.BookingController.Create (HealthApp) in 352.1583ms
2025-10-26 14:56:18.717 +01:00 [INF] Executed endpoint 'HealthApp.Controllers.BookingController.Create (HealthApp)'
2025-10-26 14:56:18.718 +01:00 [INF] Request finished HTTP/1.1 POST http://localhost:5257/Booking/Create - 302 0 null 373.4283ms
2025-10-26 14:56:18.726 +01:00 [INF] Request starting HTTP/1.1 GET http://localhost:5257/Booking/Calendar - null null
2025-10-26 14:56:18.726 +01:00 [INF] Executing endpoint 'HealthApp.Controllers.BookingController.Calendar (HealthApp)'
2025-10-26 14:56:18.726 +01:00 [INF] Route matched with {action = "Calendar", controller = "Booking"}. Executing controller action with signature System.Threading.Tasks.Task`1[Microsoft.AspNetCore.Mvc.IActionResult] Calendar(System.Nullable`1[System.Int32], System.Nullable`1[System.Int32]) on controller HealthApp.Controllers.BookingController (HealthApp).
2025-10-26 14:56:18.730 +01:00 [INF] This is an information messeage
2025-10-26 14:56:18.731 +01:00 [WRN] This is a warning message
2025-10-26 14:56:18.732 +01:00 [ERR] This is an error message
2025-10-26 14:56:18.745 +01:00 [INF] Executing ViewResult, running view Calendar.
2025-10-26 14:56:18.747 +01:00 [INF] Executed ViewResult - view Calendar executed in 2.6143ms.
2025-10-26 14:56:18.747 +01:00 [INF] Executed action HealthApp.Controllers.BookingController.Calendar (HealthApp) in 20.8541ms
2025-10-26 14:56:18.747 +01:00 [INF] Executed endpoint 'HealthApp.Controllers.BookingController.Calendar (HealthApp)'
2025-10-26 14:56:18.748 +01:00 [INF] Request finished HTTP/1.1 GET http://localhost:5257/Booking/Calendar - 200 null text/html; charset=utf-8 21.9853ms
2025-10-26 14:56:18.798 +01:00 [INF] Request starting HTTP/1.1 GET http://localhost:5257/lib/jquery-validate/jquery.validate.js - null null
2025-10-26 14:56:18.799 +01:00 [INF] Request finished HTTP/1.1 GET http://localhost:5257/lib/jquery-validate/jquery.validate.js - 404 0 null 0.7071ms
2025-10-26 14:56:18.799 +01:00 [INF] Request reached the end of the middleware pipeline without being handled by application code. Request path: GET http://localhost:5257/lib/jquery-validate/jquery.validate.js, Response status code: 404
2025-10-26 14:56:18.808 +01:00 [INF] Request starting HTTP/1.1 GET http://localhost:5257/lib/jquery-validation-unbtrusive/jquery.validate.unobtrusive.js - null null
2025-10-26 14:56:18.809 +01:00 [INF] Request finished HTTP/1.1 GET http://localhost:5257/lib/jquery-validation-unbtrusive/jquery.validate.unobtrusive.js - 404 0 null 1.1923ms
2025-10-26 14:56:18.810 +01:00 [INF] Request reached the end of the middleware pipeline without being handled by application code. Request path: GET http://localhost:5257/lib/jquery-validation-unbtrusive/jquery.validate.unobtrusive.js, Response status code: 404
2025-10-26 14:56:29.635 +01:00 [INF] Application is shutting down...
