2025-11-06 09:14:27.826 +01:00 [INF] User profile is available. Using 'C:\Users\stian\AppData\Local\ASP.NET\DataProtection-Keys' as key repository and Windows DPAPI to encrypt keys at rest.
2025-11-06 09:14:27.919 +01:00 [INF] Now listening on: http://localhost:5257
2025-11-06 09:14:27.923 +01:00 [INF] Application started. Press Ctrl+C to shut down.
2025-11-06 09:14:27.923 +01:00 [INF] Hosting environment: Development
2025-11-06 09:14:27.923 +01:00 [INF] Content root path: C:\Users\stian\Documents\IT\DAVE3625\health-app\HealthApp
2025-11-06 09:14:34.619 +01:00 [INF] Request starting HTTP/1.1 GET http://localhost:5257/ - null null
2025-11-06 09:14:34.646 +01:00 [INF] Executing endpoint 'HealthApp.Controllers.HomeController.Index (HealthApp)'
2025-11-06 09:14:34.668 +01:00 [INF] Route matched with {action = "Index", controller = "Home"}. Executing controller action with signature Microsoft.AspNetCore.Mvc.IActionResult Index() on controller HealthApp.Controllers.HomeController (HealthApp).
2025-11-06 09:14:34.683 +01:00 [INF] Executing ViewResult, running view Index.
2025-11-06 09:14:34.733 +01:00 [INF] Executed ViewResult - view Index executed in 51.1718ms.
2025-11-06 09:14:34.735 +01:00 [INF] Executed action HealthApp.Controllers.HomeController.Index (HealthApp) in 66.4776ms
2025-11-06 09:14:34.735 +01:00 [INF] Executed endpoint 'HealthApp.Controllers.HomeController.Index (HealthApp)'
2025-11-06 09:14:34.739 +01:00 [INF] Request finished HTTP/1.1 GET http://localhost:5257/ - 200 null text/html; charset=utf-8 120.4131ms
2025-11-06 09:14:34.752 +01:00 [INF] Request starting HTTP/1.1 GET http://localhost:5257/lib/jquery-validate/jquery.validate.js - null null
2025-11-06 09:14:34.752 +01:00 [INF] Request starting HTTP/1.1 GET http://localhost:5257/lib/jquery-validation-unbtrusive/jquery.validate.unobtrusive.js - null null
2025-11-06 09:14:34.755 +01:00 [INF] Request finished HTTP/1.1 GET http://localhost:5257/lib/jquery-validation-unbtrusive/jquery.validate.unobtrusive.js - 404 0 null 3.2576ms
2025-11-06 09:14:34.755 +01:00 [INF] Request finished HTTP/1.1 GET http://localhost:5257/lib/jquery-validate/jquery.validate.js - 404 0 null 3.2577ms
2025-11-06 09:14:34.756 +01:00 [INF] Request reached the end of the middleware pipeline without being handled by application code. Request path: GET http://localhost:5257/lib/jquery-validation-unbtrusive/jquery.validate.unobtrusive.js, Response status code: 404
2025-11-06 09:14:34.756 +01:00 [INF] Request reached the end of the middleware pipeline without being handled by application code. Request path: GET http://localhost:5257/lib/jquery-validate/jquery.validate.js, Response status code: 404
2025-11-06 09:14:34.807 +01:00 [INF] Request starting HTTP/1.1 GET http://localhost:5257/favicon.ico - null null
2025-11-06 09:14:34.810 +01:00 [INF] Request finished HTTP/1.1 GET http://localhost:5257/favicon.ico - 404 0 null 2.5462ms
2025-11-06 09:14:34.810 +01:00 [INF] Request reached the end of the middleware pipeline without being handled by application code. Request path: GET http://localhost:5257/favicon.ico, Response status code: 404
2025-11-06 09:14:37.774 +01:00 [INF] Request starting HTTP/1.1 GET http://localhost:5257/ - null null
2025-11-06 09:14:37.774 +01:00 [INF] Executing endpoint 'HealthApp.Controllers.HomeController.Index (HealthApp)'
2025-11-06 09:14:37.774 +01:00 [INF] Route matched with {action = "Index", controller = "Home"}. Executing controller action with signature Microsoft.AspNetCore.Mvc.IActionResult Index() on controller HealthApp.Controllers.HomeController (HealthApp).
2025-11-06 09:14:37.775 +01:00 [INF] Executing ViewResult, running view Index.
2025-11-06 09:14:37.780 +01:00 [INF] Executed ViewResult - view Index executed in 5.4934ms.
2025-11-06 09:14:37.781 +01:00 [INF] Executed action HealthApp.Controllers.HomeController.Index (HealthApp) in 6.1389ms
2025-11-06 09:14:37.781 +01:00 [INF] Executed endpoint 'HealthApp.Controllers.HomeController.Index (HealthApp)'
2025-11-06 09:14:37.781 +01:00 [INF] Request finished HTTP/1.1 GET http://localhost:5257/ - 200 null text/html; charset=utf-8 7.2898ms
2025-11-06 09:14:37.813 +01:00 [INF] Request starting HTTP/1.1 GET http://localhost:5257/lib/jquery-validate/jquery.validate.js - null null
2025-11-06 09:14:37.813 +01:00 [INF] Request starting HTTP/1.1 GET http://localhost:5257/lib/jquery-validation-unbtrusive/jquery.validate.unobtrusive.js - null null
2025-11-06 09:14:37.814 +01:00 [INF] Request finished HTTP/1.1 GET http://localhost:5257/lib/jquery-validate/jquery.validate.js - 404 0 null 0.5628ms
2025-11-06 09:14:37.814 +01:00 [INF] Request finished HTTP/1.1 GET http://localhost:5257/lib/jquery-validation-unbtrusive/jquery.validate.unobtrusive.js - 404 0 null 0.5424ms
2025-11-06 09:14:37.814 +01:00 [INF] Request reached the end of the middleware pipeline without being handled by application code. Request path: GET http://localhost:5257/lib/jquery-validate/jquery.validate.js, Response status code: 404
2025-11-06 09:14:37.814 +01:00 [INF] Request reached the end of the middleware pipeline without being handled by application code. Request path: GET http://localhost:5257/lib/jquery-validation-unbtrusive/jquery.validate.unobtrusive.js, Response status code: 404
2025-11-06 09:14:38.653 +01:00 [INF] Request starting HTTP/1.1 GET http://localhost:5257/Booking/Calendar - null null
2025-11-06 09:14:38.653 +01:00 [INF] Executing endpoint 'HealthApp.Controllers.BookingController.Calendar (HealthApp)'
2025-11-06 09:14:38.662 +01:00 [INF] Route matched with {action = "Calendar", controller = "Booking"}. Executing controller action with signature System.Threading.Tasks.Task`1[Microsoft.AspNetCore.Mvc.IActionResult] Calendar(System.Nullable`1[System.Int32], System.Nullable`1[System.Int32]) on controller HealthApp.Controllers.BookingController (HealthApp).
2025-11-06 09:14:39.653 +01:00 [INF] This is an information messeage
2025-11-06 09:14:39.657 +01:00 [WRN] This is a warning message
2025-11-06 09:14:39.658 +01:00 [ERR] This is an error message
2025-11-06 09:14:40.028 +01:00 [INF] Executing ViewResult, running view Calendar.
2025-11-06 09:14:40.054 +01:00 [INF] Executed ViewResult - view Calendar executed in 26.8581ms.
2025-11-06 09:14:40.054 +01:00 [INF] Executed action HealthApp.Controllers.BookingController.Calendar (HealthApp) in 1391.966ms
2025-11-06 09:14:40.054 +01:00 [INF] Executed endpoint 'HealthApp.Controllers.BookingController.Calendar (HealthApp)'
2025-11-06 09:14:40.064 +01:00 [INF] Request finished HTTP/1.1 GET http://localhost:5257/Booking/Calendar - 200 null text/html; charset=utf-8 1410.9026ms
2025-11-06 09:14:40.086 +01:00 [INF] Request starting HTTP/1.1 GET http://localhost:5257/lib/jquery-validate/jquery.validate.js - null null
2025-11-06 09:14:40.086 +01:00 [INF] Request finished HTTP/1.1 GET http://localhost:5257/lib/jquery-validate/jquery.validate.js - 404 0 null 0.7498ms
2025-11-06 09:14:40.086 +01:00 [INF] Request reached the end of the middleware pipeline without being handled by application code. Request path: GET http://localhost:5257/lib/jquery-validate/jquery.validate.js, Response status code: 404
2025-11-06 09:14:40.087 +01:00 [INF] Request starting HTTP/1.1 GET http://localhost:5257/lib/jquery-validation-unbtrusive/jquery.validate.unobtrusive.js - null null
2025-11-06 09:14:40.088 +01:00 [INF] Request finished HTTP/1.1 GET http://localhost:5257/lib/jquery-validation-unbtrusive/jquery.validate.unobtrusive.js - 404 0 null 0.4311ms
2025-11-06 09:14:40.088 +01:00 [INF] Request reached the end of the middleware pipeline without being handled by application code. Request path: GET http://localhost:5257/lib/jquery-validation-unbtrusive/jquery.validate.unobtrusive.js, Response status code: 404
2025-11-06 09:14:46.429 +01:00 [INF] Request starting HTTP/1.1 GET http://localhost:5257/Booking/Update/22 - null null
2025-11-06 09:14:46.431 +01:00 [INF] Executing endpoint 'HealthApp.Controllers.BookingController.Update (HealthApp)'
2025-11-06 09:14:46.435 +01:00 [INF] Route matched with {action = "Update", controller = "Booking"}. Executing controller action with signature System.Threading.Tasks.Task`1[Microsoft.AspNetCore.Mvc.IActionResult] Update(Int32) on controller HealthApp.Controllers.BookingController (HealthApp).
2025-11-06 09:14:46.478 +01:00 [INF] Executing ViewResult, running view Update.
2025-11-06 09:14:46.520 +01:00 [INF] Executed ViewResult - view Update executed in 42.4026ms.
2025-11-06 09:14:46.520 +01:00 [INF] Executed action HealthApp.Controllers.BookingController.Update (HealthApp) in 85.0039ms
2025-11-06 09:14:46.520 +01:00 [INF] Executed endpoint 'HealthApp.Controllers.BookingController.Update (HealthApp)'
2025-11-06 09:14:46.520 +01:00 [INF] Request finished HTTP/1.1 GET http://localhost:5257/Booking/Update/22 - 200 null text/html; charset=utf-8 91.0804ms
2025-11-06 09:14:46.551 +01:00 [INF] Request starting HTTP/1.1 GET http://localhost:5257/lib/jquery-validate/jquery.validate.js - null null
2025-11-06 09:14:46.551 +01:00 [INF] Request starting HTTP/1.1 GET http://localhost:5257/lib/jquery-validation-unbtrusive/jquery.validate.unobtrusive.js - null null
2025-11-06 09:14:46.551 +01:00 [INF] Request finished HTTP/1.1 GET http://localhost:5257/lib/jquery-validation-unbtrusive/jquery.validate.unobtrusive.js - 404 0 null 0.4685ms
2025-11-06 09:14:46.551 +01:00 [INF] Request reached the end of the middleware pipeline without being handled by application code. Request path: GET http://localhost:5257/lib/jquery-validation-unbtrusive/jquery.validate.unobtrusive.js, Response status code: 404
2025-11-06 09:14:46.551 +01:00 [INF] Request finished HTTP/1.1 GET http://localhost:5257/lib/jquery-validate/jquery.validate.js - 404 0 null 0.8402ms
2025-11-06 09:14:46.552 +01:00 [INF] Request reached the end of the middleware pipeline without being handled by application code. Request path: GET http://localhost:5257/lib/jquery-validate/jquery.validate.js, Response status code: 404
2025-11-06 09:14:55.120 +01:00 [INF] Request starting HTTP/1.1 POST http://localhost:5257/Booking/Update/22 - application/x-www-form-urlencoded 335
2025-11-06 09:14:55.120 +01:00 [INF] Executing endpoint 'HealthApp.Controllers.BookingController.Update (HealthApp)'
2025-11-06 09:14:55.131 +01:00 [INF] Route matched with {action = "Update", controller = "Booking"}. Executing controller action with signature System.Threading.Tasks.Task`1[Microsoft.AspNetCore.Mvc.IActionResult] Update(HealthApp.Models.Booking) on controller HealthApp.Controllers.BookingController (HealthApp).
2025-11-06 09:14:55.277 +01:00 [INF] Executing RedirectResult, redirecting to /Booking/Calendar.
2025-11-06 09:14:55.277 +01:00 [INF] Executed action HealthApp.Controllers.BookingController.Update (HealthApp) in 145.6364ms
2025-11-06 09:14:55.277 +01:00 [INF] Executed endpoint 'HealthApp.Controllers.BookingController.Update (HealthApp)'
2025-11-06 09:14:55.277 +01:00 [INF] Request finished HTTP/1.1 POST http://localhost:5257/Booking/Update/22 - 302 0 null 157.1968ms
2025-11-06 09:14:55.282 +01:00 [INF] Request starting HTTP/1.1 GET http://localhost:5257/Booking/Calendar - null null
2025-11-06 09:14:55.283 +01:00 [INF] Executing endpoint 'HealthApp.Controllers.BookingController.Calendar (HealthApp)'
2025-11-06 09:14:55.283 +01:00 [INF] Route matched with {action = "Calendar", controller = "Booking"}. Executing controller action with signature System.Threading.Tasks.Task`1[Microsoft.AspNetCore.Mvc.IActionResult] Calendar(System.Nullable`1[System.Int32], System.Nullable`1[System.Int32]) on controller HealthApp.Controllers.BookingController (HealthApp).
2025-11-06 09:14:55.284 +01:00 [INF] This is an information messeage
2025-11-06 09:14:55.285 +01:00 [WRN] This is a warning message
2025-11-06 09:14:55.285 +01:00 [ERR] This is an error message
2025-11-06 09:14:55.288 +01:00 [INF] Executing ViewResult, running view Calendar.
2025-11-06 09:14:55.290 +01:00 [INF] Executed ViewResult - view Calendar executed in 1.8208ms.
2025-11-06 09:14:55.290 +01:00 [INF] Executed action HealthApp.Controllers.BookingController.Calendar (HealthApp) in 7.7559ms
2025-11-06 09:14:55.291 +01:00 [INF] Executed endpoint 'HealthApp.Controllers.BookingController.Calendar (HealthApp)'
2025-11-06 09:14:55.291 +01:00 [INF] Request finished HTTP/1.1 GET http://localhost:5257/Booking/Calendar - 200 null text/html; charset=utf-8 8.3035ms
2025-11-06 09:14:55.325 +01:00 [INF] Request starting HTTP/1.1 GET http://localhost:5257/lib/jquery-validate/jquery.validate.js - null null
2025-11-06 09:14:55.326 +01:00 [INF] Request finished HTTP/1.1 GET http://localhost:5257/lib/jquery-validate/jquery.validate.js - 404 0 null 1.0504ms
2025-11-06 09:14:55.327 +01:00 [INF] Request reached the end of the middleware pipeline without being handled by application code. Request path: GET http://localhost:5257/lib/jquery-validate/jquery.validate.js, Response status code: 404
2025-11-06 09:14:55.327 +01:00 [INF] Request starting HTTP/1.1 GET http://localhost:5257/lib/jquery-validation-unbtrusive/jquery.validate.unobtrusive.js - null null
2025-11-06 09:14:55.328 +01:00 [INF] Request finished HTTP/1.1 GET http://localhost:5257/lib/jquery-validation-unbtrusive/jquery.validate.unobtrusive.js - 404 0 null 0.54ms
2025-11-06 09:14:55.328 +01:00 [INF] Request reached the end of the middleware pipeline without being handled by application code. Request path: GET http://localhost:5257/lib/jquery-validation-unbtrusive/jquery.validate.unobtrusive.js, Response status code: 404
2025-11-06 09:15:01.663 +01:00 [INF] Request starting HTTP/1.1 GET http://localhost:5257/Booking/Create - null null
2025-11-06 09:15:01.663 +01:00 [INF] Executing endpoint 'HealthApp.Controllers.BookingController.Create (HealthApp)'
2025-11-06 09:15:01.664 +01:00 [INF] Route matched with {action = "Create", controller = "Booking"}. Executing controller action with signature Microsoft.AspNetCore.Mvc.IActionResult Create() on controller HealthApp.Controllers.BookingController (HealthApp).
2025-11-06 09:15:01.666 +01:00 [INF] Executing ViewResult, running view Create.
2025-11-06 09:15:01.680 +01:00 [INF] Executed ViewResult - view Create executed in 14.7615ms.
2025-11-06 09:15:01.680 +01:00 [INF] Executed action HealthApp.Controllers.BookingController.Create (HealthApp) in 16.3764ms
2025-11-06 09:15:01.680 +01:00 [INF] Executed endpoint 'HealthApp.Controllers.BookingController.Create (HealthApp)'
2025-11-06 09:15:01.681 +01:00 [INF] Request finished HTTP/1.1 GET http://localhost:5257/Booking/Create - 200 null text/html; charset=utf-8 17.888ms
2025-11-06 09:15:01.710 +01:00 [INF] Request starting HTTP/1.1 GET http://localhost:5257/lib/jquery-validate/jquery.validate.js - null null
2025-11-06 09:15:01.711 +01:00 [INF] Request finished HTTP/1.1 GET http://localhost:5257/lib/jquery-validate/jquery.validate.js - 404 0 null 0.3196ms
2025-11-06 09:15:01.711 +01:00 [INF] Request reached the end of the middleware pipeline without being handled by application code. Request path: GET http://localhost:5257/lib/jquery-validate/jquery.validate.js, Response status code: 404
2025-11-06 09:15:01.715 +01:00 [INF] Request starting HTTP/1.1 GET http://localhost:5257/lib/jquery-validation-unbtrusive/jquery.validate.unobtrusive.js - null null
2025-11-06 09:15:01.715 +01:00 [INF] Request finished HTTP/1.1 GET http://localhost:5257/lib/jquery-validation-unbtrusive/jquery.validate.unobtrusive.js - 404 0 null 0.4829ms
2025-11-06 09:15:01.715 +01:00 [INF] Request reached the end of the middleware pipeline without being handled by application code. Request path: GET http://localhost:5257/lib/jquery-validation-unbtrusive/jquery.validate.unobtrusive.js, Response status code: 404
2025-11-06 09:15:25.713 +01:00 [INF] Request starting HTTP/1.1 POST http://localhost:5257/Booking/Create - application/x-www-form-urlencoded 320
2025-11-06 09:15:25.713 +01:00 [INF] Executing endpoint 'HealthApp.Controllers.BookingController.Create (HealthApp)'
2025-11-06 09:15:25.719 +01:00 [INF] Route matched with {action = "Create", controller = "Booking"}. Executing controller action with signature System.Threading.Tasks.Task`1[Microsoft.AspNetCore.Mvc.IActionResult] Create(HealthApp.Models.Booking) on controller HealthApp.Controllers.BookingController (HealthApp).
2025-11-06 09:15:25.752 +01:00 [INF] Executing RedirectResult, redirecting to /Booking/Calendar.
2025-11-06 09:15:25.752 +01:00 [INF] Executed action HealthApp.Controllers.BookingController.Create (HealthApp) in 32.4174ms
2025-11-06 09:15:25.752 +01:00 [INF] Executed endpoint 'HealthApp.Controllers.BookingController.Create (HealthApp)'
2025-11-06 09:15:25.752 +01:00 [INF] Request finished HTTP/1.1 POST http://localhost:5257/Booking/Create - 302 0 null 39.304ms
2025-11-06 09:15:25.756 +01:00 [INF] Request starting HTTP/1.1 GET http://localhost:5257/Booking/Calendar - null null
2025-11-06 09:15:25.756 +01:00 [INF] Executing endpoint 'HealthApp.Controllers.BookingController.Calendar (HealthApp)'
2025-11-06 09:15:25.756 +01:00 [INF] Route matched with {action = "Calendar", controller = "Booking"}. Executing controller action with signature System.Threading.Tasks.Task`1[Microsoft.AspNetCore.Mvc.IActionResult] Calendar(System.Nullable`1[System.Int32], System.Nullable`1[System.Int32]) on controller HealthApp.Controllers.BookingController (HealthApp).
2025-11-06 09:15:25.758 +01:00 [INF] This is an information messeage
2025-11-06 09:15:25.758 +01:00 [WRN] This is a warning message
2025-11-06 09:15:25.758 +01:00 [ERR] This is an error message
2025-11-06 09:15:25.760 +01:00 [INF] Executing ViewResult, running view Calendar.
2025-11-06 09:15:25.761 +01:00 [INF] Executed ViewResult - view Calendar executed in 1.1919ms.
2025-11-06 09:15:25.761 +01:00 [INF] Executed action HealthApp.Controllers.BookingController.Calendar (HealthApp) in 4.7465ms
2025-11-06 09:15:25.761 +01:00 [INF] Executed endpoint 'HealthApp.Controllers.BookingController.Calendar (HealthApp)'
2025-11-06 09:15:25.761 +01:00 [INF] Request finished HTTP/1.1 GET http://localhost:5257/Booking/Calendar - 200 null text/html; charset=utf-8 5.1673ms
2025-11-06 09:15:25.794 +01:00 [INF] Request starting HTTP/1.1 GET http://localhost:5257/lib/jquery-validate/jquery.validate.js - null null
2025-11-06 09:15:25.794 +01:00 [INF] Request finished HTTP/1.1 GET http://localhost:5257/lib/jquery-validate/jquery.validate.js - 404 0 null 0.3206ms
2025-11-06 09:15:25.794 +01:00 [INF] Request reached the end of the middleware pipeline without being handled by application code. Request path: GET http://localhost:5257/lib/jquery-validate/jquery.validate.js, Response status code: 404
2025-11-06 09:15:25.798 +01:00 [INF] Request starting HTTP/1.1 GET http://localhost:5257/lib/jquery-validation-unbtrusive/jquery.validate.unobtrusive.js - null null
2025-11-06 09:15:25.799 +01:00 [INF] Request finished HTTP/1.1 GET http://localhost:5257/lib/jquery-validation-unbtrusive/jquery.validate.unobtrusive.js - 404 0 null 0.6161ms
2025-11-06 09:15:25.799 +01:00 [INF] Request reached the end of the middleware pipeline without being handled by application code. Request path: GET http://localhost:5257/lib/jquery-validation-unbtrusive/jquery.validate.unobtrusive.js, Response status code: 404
2025-11-06 09:15:39.701 +01:00 [INF] Request starting HTTP/1.1 GET http://localhost:5257/Booking/Calendar?year=2025&month=12 - null null
2025-11-06 09:15:39.701 +01:00 [INF] Executing endpoint 'HealthApp.Controllers.BookingController.Calendar (HealthApp)'
2025-11-06 09:15:39.701 +01:00 [INF] Route matched with {action = "Calendar", controller = "Booking"}. Executing controller action with signature System.Threading.Tasks.Task`1[Microsoft.AspNetCore.Mvc.IActionResult] Calendar(System.Nullable`1[System.Int32], System.Nullable`1[System.Int32]) on controller HealthApp.Controllers.BookingController (HealthApp).
2025-11-06 09:15:39.707 +01:00 [INF] This is an information messeage
2025-11-06 09:15:39.708 +01:00 [WRN] This is a warning message
2025-11-06 09:15:39.708 +01:00 [ERR] This is an error message
2025-11-06 09:15:39.709 +01:00 [INF] Executing ViewResult, running view Calendar.
2025-11-06 09:15:39.710 +01:00 [INF] Executed ViewResult - view Calendar executed in 0.8435ms.
2025-11-06 09:15:39.710 +01:00 [INF] Executed action HealthApp.Controllers.BookingController.Calendar (HealthApp) in 8.8984ms
2025-11-06 09:15:39.710 +01:00 [INF] Executed endpoint 'HealthApp.Controllers.BookingController.Calendar (HealthApp)'
2025-11-06 09:15:39.710 +01:00 [INF] Request finished HTTP/1.1 GET http://localhost:5257/Booking/Calendar?year=2025&month=12 - 200 null text/html; charset=utf-8 9.3294ms
2025-11-06 09:15:39.746 +01:00 [INF] Request starting HTTP/1.1 GET http://localhost:5257/lib/jquery-validate/jquery.validate.js - null null
2025-11-06 09:15:39.747 +01:00 [INF] Request finished HTTP/1.1 GET http://localhost:5257/lib/jquery-validate/jquery.validate.js - 404 0 null 0.4292ms
2025-11-06 09:15:39.747 +01:00 [INF] Request starting HTTP/1.1 GET http://localhost:5257/lib/jquery-validation-unbtrusive/jquery.validate.unobtrusive.js - null null
2025-11-06 09:15:39.747 +01:00 [INF] Request reached the end of the middleware pipeline without being handled by application code. Request path: GET http://localhost:5257/lib/jquery-validate/jquery.validate.js, Response status code: 404
2025-11-06 09:15:39.747 +01:00 [INF] Request finished HTTP/1.1 GET http://localhost:5257/lib/jquery-validation-unbtrusive/jquery.validate.unobtrusive.js - 404 0 null 0.2463ms
2025-11-06 09:15:39.747 +01:00 [INF] Request reached the end of the middleware pipeline without being handled by application code. Request path: GET http://localhost:5257/lib/jquery-validation-unbtrusive/jquery.validate.unobtrusive.js, Response status code: 404
2025-11-06 09:15:42.779 +01:00 [INF] Request starting HTTP/1.1 GET http://localhost:5257/Booking/Calendar?year=2025&month=11 - null null
2025-11-06 09:15:42.780 +01:00 [INF] Executing endpoint 'HealthApp.Controllers.BookingController.Calendar (HealthApp)'
2025-11-06 09:15:42.780 +01:00 [INF] Route matched with {action = "Calendar", controller = "Booking"}. Executing controller action with signature System.Threading.Tasks.Task`1[Microsoft.AspNetCore.Mvc.IActionResult] Calendar(System.Nullable`1[System.Int32], System.Nullable`1[System.Int32]) on controller HealthApp.Controllers.BookingController (HealthApp).
2025-11-06 09:15:42.782 +01:00 [INF] This is an information messeage
2025-11-06 09:15:42.783 +01:00 [WRN] This is a warning message
2025-11-06 09:15:42.783 +01:00 [ERR] This is an error message
2025-11-06 09:15:42.784 +01:00 [INF] Executing ViewResult, running view Calendar.
2025-11-06 09:15:42.787 +01:00 [INF] Executed ViewResult - view Calendar executed in 2.363ms.
2025-11-06 09:15:42.787 +01:00 [INF] Executed action HealthApp.Controllers.BookingController.Calendar (HealthApp) in 6.9566ms
2025-11-06 09:15:42.787 +01:00 [INF] Executed endpoint 'HealthApp.Controllers.BookingController.Calendar (HealthApp)'
2025-11-06 09:15:42.788 +01:00 [INF] Request finished HTTP/1.1 GET http://localhost:5257/Booking/Calendar?year=2025&month=11 - 200 null text/html; charset=utf-8 8.2206ms
2025-11-06 09:15:42.820 +01:00 [INF] Request starting HTTP/1.1 GET http://localhost:5257/lib/jquery-validate/jquery.validate.js - null null
2025-11-06 09:15:42.820 +01:00 [INF] Request finished HTTP/1.1 GET http://localhost:5257/lib/jquery-validate/jquery.validate.js - 404 0 null 0.5761ms
2025-11-06 09:15:42.820 +01:00 [INF] Request reached the end of the middleware pipeline without being handled by application code. Request path: GET http://localhost:5257/lib/jquery-validate/jquery.validate.js, Response status code: 404
2025-11-06 09:15:42.820 +01:00 [INF] Request starting HTTP/1.1 GET http://localhost:5257/lib/jquery-validation-unbtrusive/jquery.validate.unobtrusive.js - null null
2025-11-06 09:15:42.821 +01:00 [INF] Request finished HTTP/1.1 GET http://localhost:5257/lib/jquery-validation-unbtrusive/jquery.validate.unobtrusive.js - 404 0 null 0.3902ms
2025-11-06 09:15:42.821 +01:00 [INF] Request reached the end of the middleware pipeline without being handled by application code. Request path: GET http://localhost:5257/lib/jquery-validation-unbtrusive/jquery.validate.unobtrusive.js, Response status code: 404
2025-11-06 09:15:51.246 +01:00 [INF] Application is shutting down...
